1 4
1 5
1 8
1 10
1 12
1 13
1 15
1 17
1 18
1 19
1 20
1 22
1 29
1 30
1 35
1 36
1 37
1 38
1 42
1 44
1 45
1 46
1 47
2 3
2 9
2 11
2 16
2 21
2 24
2 25
2 26
2 27
2 28
2 31
2 32
2 33
2 34
2 41
2 43
2 48
3 1
3 4
3 6
3 14
3 17
3 23
3 37
3 42
4 5
4 7
4 13
4 16
4 18
4 19
4 22
4 26
4 32
4 35
4 45
4 48
5 1
5 3
5 10
5 11
5 15
5 20
5 21
5 27
5 30
5 33
5 34
5 36
5 38
5 42
5 47
6 7
6 9
6 12
6 16
6 17
6 24
6 37
6 43
6 44
7 4
7 8
7 13
7 21
7 23
7 39
7 41
7 46
8 1
8 2
8 5
8 11
8 14
8 16
8 18
8 25
8 27
8 32
8 34
8 38
9 10
9 13
9 17
9 19
9 22
9 26
9 30
9 35
9 40
9 42
9 43
9 44
9 48
10 6
10 8
10 9
10 14
10 15
10 23
10 24
10 28
10 34
10 37
10 38
10 41
10 46
10 47
11 3
11 4
11 12
11 13
11 20
11 21
11 22
11 29
11 31
11 36
11 45
12 5
12 7
12 8
12 14
12 19
12 23
12 34
12 44
12 48
13 4
13 6
13 15
13 16
13 30
13 32
13 33
13 37
13 40
13 41
13 42
13 43
13 46
14 1
14 5
14 7
14 11
14 12
14 14
14 17
14 21
14 26
14 27
14 39
14 47
14 48
15 2
15 8
15 13
15 19
15 23
15 24
15 30
15 35
15 36
15 37
15 38
15 45
16 4
16 5
16 9
16 14
16 15
16 18
16 22
16 28
16 32
16 44
17 1
17 2
17 3
17 7
17 10
17 11
17 16
17 17
17 20
17 29
17 30
17 31
17 35
17 40
17 41
17 42
17 48
18 9
18 19
18 22
18 23
18 27
18 28
18 33
18 34
18 36
18 37
18 38
18 39
18 47
