1 1
1 2
1 5
1 6
1 7
1 8
1 9
1 11
1 12
1 13
1 15
1 16
1 17
1 18
1 19
1 20
1 21
1 22
1 23
1 24
1 25
1 26
1 27
1 28
1 29
1 30
1 32
1 33
1 34
1 35
1 36
1 37
1 38
1 39
1 40
1 41
1 43
1 44
1 45
1 46
1 47
1 48
1 49
1 50
1 51
1 53
1 54
1 55
1 59
1 61
1 62
1 64
1 65
1 66
1 67
1 68
1 70
1 71
1 72
1 73
1 75
1 76
1 78
1 79
1 80
1 82
1 83
1 84
1 86
1 87
1 88
1 89
1 91
1 92
1 93
1 94
1 95
1 96
1 97
2 3
2 10
2 14
2 31
2 42
2 52
2 57
2 63
2 74
2 81
2 85
2 90
3 4
3 5
3 15
3 27
3 37
3 40
3 46
3 47
3 56
3 58
3 60
3 77
3 96
4 7
4 11
4 24
4 38
4 39
4 42
4 50
4 52
4 53
4 61
4 67
4 69
4 73
4 83
4 95
5 3
5 23
5 26
5 30
5 40
5 47
5 55
5 59
5 64
5 70
5 84
5 85
5 92
5 93
6 4
6 8
6 11
6 12
6 15
6 21
6 31
6 33
6 37
6 44
6 45
6 46
6 51
6 57
6 62
6 68
6 69
6 72
6 80
6 87
6 88
6 91
6 95
7 3
7 10
7 14
7 23
7 36
7 39
7 53
7 54
7 59
7 71
8 11
8 15
8 17
8 19
8 20
8 24
8 26
8 35
8 45
8 48
8 51
8 52
8 56
8 58
8 60
8 64
8 68
8 69
8 73
8 75
8 78
9 1
9 13
9 33
9 39
9 49
9 55
9 76
9 77
9 79
9 89
10 16
10 20
10 21
10 24
10 28
10 40
10 41
10 45
10 46
10 50
10 67
10 92
11 11
11 35
11 55
11 59
11 75
11 78
11 81
12 7
12 14
12 15
12 25
12 33
12 38
12 41
12 43
12 44
12 45
12 47
12 54
12 58
12 62
12 65
12 82
12 83
12 84
12 92
13 8
13 9
13 10
13 13
13 16
13 22
13 27
13 39
13 42
13 56
13 57
13 61
13 64
13 66
13 74
13 75
13 77
13 80
13 87
13 91
14 4
14 11
14 23
14 30
14 31
14 36
14 48
14 50
14 51
14 52
14 60
14 62
14 68
14 71
14 72
14 76
14 82
14 83
14 97
15 3
15 5
15 12
15 47
15 49
15 53
15 67
15 69
15 84
15 91
15 94
15 96
16 1
16 2
16 8
16 9
16 13
16 16
16 17
16 20
16 21
16 28
16 38
16 46
16 50
16 57
16 60
16 76
16 85
17 24
17 30
17 32
17 34
17 36
17 39
17 55
17 59
17 69
17 73
17 74
17 84
17 86
17 88
18 5
18 10
18 31
18 37
18 43
18 45
18 56
18 63
18 75
18 85
18 89
18 96
19 1
19 14
19 17
19 26
19 28
19 35
19 44
19 51
19 52
19 70
19 74
19 79
19 94
20 15
20 27
20 34
20 41
20 47
20 50
20 53
20 57
20 68
20 75
20 76
20 83
20 85
20 86
20 88
20 90
21 5
21 10
21 11
21 13
21 20
21 21
21 26
21 28
21 33
21 40
21 49
21 52
21 56
21 58
21 64
21 67
21 69
21 73
21 91
21 94
22 3
22 14
22 17
22 24
22 38
22 42
22 43
22 45
22 50
22 51
22 54
22 66
22 77
23 2
23 9
23 15
23 18
23 29
23 33
23 39
23 46
23 56
23 63
23 65
23 80
23 84
23 86
23 87
23 91
24 5
24 11
24 17
24 35
24 40
24 41
24 43
24 49
24 76
24 90
24 92
24 97
25 8
25 12
25 16
25 25
25 27
25 30
25 34
25 69
25 74
25 77
25 84
25 89
25 93
25 94
