1 2
1 3
1 4
1 5
1 9
1 11
1 12
1 13
1 14
1 15
1 17
1 18
1 19
1 20
1 21
1 22
1 23
1 26
1 27
1 28
1 30
1 31
1 32
1 34
1 38
1 39
1 40
1 43
1 46
2 6
2 8
2 10
2 16
2 25
2 29
2 35
2 36
2 37
2 41
2 44
2 45
3 1
3 7
3 9
3 11
3 12
3 13
3 14
3 15
3 24
3 33
3 34
3 42
3 43
4 2
4 6
4 16
4 18
4 21
4 22
4 27
4 39
5 1
5 17
5 26
5 29
5 30
5 38
5 44
5 45
6 6
6 7
6 11
6 18
6 37
7 3
7 9
7 21
7 22
7 24
7 31
7 39
8 6
8 10
8 18
8 19
8 20
8 29
8 33
8 41
8 43
8 44
8 45
8 46
9 4
9 5
9 13
9 14
9 15
9 23
9 27
9 39
9 42
10 6
10 18
10 30
10 32
10 36
10 38
10 40
10 43
10 45
11 1
11 4
11 5
11 9
11 11
11 12
11 15
11 25
11 26
11 31
11 33
12 18
12 19
12 21
12 22
12 28
12 30
12 37
12 38
12 40
12 41
12 43
13 2
13 3
13 14
13 16
13 17
13 24
13 36
13 39
14 5
14 7
14 10
14 11
14 19
14 30
14 33
14 34
14 35
14 40
14 41
14 45
14 46
15 12
15 18
15 25
15 28
15 29
15 31
15 44
16 2
16 6
16 11
16 21
16 22
16 23
16 26
16 32
16 33
16 36
16 37
16 43
16 46
17 3
17 7
17 8
17 9
17 10
17 24
17 27
17 28
17 30
17 31
17 35
18 17
18 18
18 19
18 29
18 42
18 45
18 46
19 2
19 11
19 13
19 15
19 22
19 28
19 40
19 41
20 3
20 4
20 14
20 25
20 37
20 43
21 9
21 15
21 16
21 17
21 28
21 29
21 30
21 32
21 38
21 44
21 45
22 10
22 13
22 39
22 41
22 46
23 1
23 4
23 5
23 14
23 16
23 17
23 18
23 24
23 25
23 26
23 27
23 31
23 33
23 34
23 40
23 42
23 43
23 44
24 10
24 22
24 32
24 35
24 37
24 38
25 1
25 4
25 6
25 11
25 12
25 15
25 20
25 25
25 40
25 41
25 42
26 7
26 10
26 13
26 21
26 28
26 39
26 43
26 44
26 45
27 1
27 3
27 5
27 19
27 25
27 27
27 33
27 36
28 7
28 13
28 14
28 24
29 5
29 6
29 11
29 16
29 20
29 23
29 26
29 28
29 29
29 30
29 31
29 32
29 40
29 42
29 45
30 4
30 12
30 17
30 18
30 24
30 27
30 39
30 43
30 44
31 9
31 19
31 28
31 29
31 37
31 45
32 1
32 2
32 6
32 8
32 15
32 20
32 23
32 25
32 30
32 31
32 32
32 33
32 36
