1 1
1 2
1 3
1 5
1 6
1 7
1 8
1 9
1 10
1 11
1 12
1 13
1 14
1 17
1 18
1 20
1 21
1 22
1 23
1 24
1 26
1 28
1 29
1 30
1 31
1 32
1 34
1 37
1 38
1 39
1 40
1 43
1 44
1 45
1 46
1 47
1 48
2 16
2 19
2 25
2 27
2 33
2 41
2 42
3 3
3 7
3 15
3 22
3 23
3 24
3 26
3 36
3 38
3 43
3 46
4 17
4 21
4 29
4 32
4 39
4 41
4 44
4 45
4 47
5 3
5 4
5 5
5 6
5 8
5 11
5 23
5 28
5 31
5 35
5 37
6 1
6 20
6 29
6 38
6 45
7 10
7 16
7 25
7 30
7 35
7 37
7 42
7 44
8 4
8 11
8 13
8 17
8 19
8 22
8 24
8 26
8 29
8 34
8 36
8 40
8 41
9 2
9 12
9 47
10 6
10 8
10 15
10 17
10 21
10 25
10 29
10 33
10 35
10 37
10 42
10 43
11 2
11 7
11 19
11 30
11 31
11 40
12 5
12 11
12 16
12 17
12 18
12 21
12 28
12 32
12 38
12 44
12 45
12 47
13 1
13 12
13 22
13 25
13 36
13 37
13 43
14 2
14 4
14 6
14 8
14 14
14 18
14 19
14 34
14 42
15 7
15 11
15 26
15 35
15 39
15 45
15 47
16 8
16 10
16 12
16 15
16 25
16 27
16 28
16 33
16 38
16 42
16 44
17 2
17 5
17 6
17 11
17 13
17 16
17 29
17 31
17 45
17 46
17 48
18 18
18 21
18 22
18 27
18 30
18 37
18 38
18 40
19 1
19 8
19 13
19 33
19 34
19 46
20 3
20 10
20 11
20 16
20 19
20 20
20 22
20 23
20 24
20 31
20 35
20 42
20 45
21 6
21 13
21 14
21 21
21 29
21 44
22 11
22 24
22 28
22 32
22 34
22 42
22 45
23 9
23 12
23 14
23 15
23 18
23 20
23 26
23 38
23 39
23 41
23 48
24 4
24 7
24 8
24 27
24 33
24 35
24 40
24 43
25 2
25 9
25 14
25 18
25 19
25 26
25 30
25 34
25 38
25 46
26 7
26 11
26 13
26 23
26 37
26 41
26 42
27 8
27 9
27 14
27 16
27 30
27 31
27 35
27 39
28 3
28 4
28 10
28 15
28 19
28 25
28 28
28 37
29 5
29 7
29 14
29 21
29 26
29 34
29 36
29 42
30 9
30 13
30 17
30 30
31 6
31 8
31 16
31 18
31 21
31 28
31 32
31 33
31 34
31 39
31 42
31 44
31 47
32 12
32 20
32 24
32 25
32 27
32 31
32 41
32 46
33 2
33 5
33 16
33 21
33 22
33 23
33 28
33 29
33 35
33 38
33 42
34 8
34 15
34 26
34 30
35 4
35 7
35 22
35 27
35 31
35 34
35 36
35 37
35 40
35 44
35 46
35 48
36 1
36 3
36 6
36 11
36 14
36 16
36 24
36 28
36 32
36 35
36 38
36 47
37 15
37 17
37 21
37 22
37 25
37 29
37 33
37 40
37 43
37 48
38 2
38 12
38 18
38 34
38 38
38 42
39 1
39 4
39 7
39 14
39 19
39 22
39 29
39 31
39 32
39 37
39 40
39 46
