1 2
1 3
1 4
1 7
1 8
1 10
1 11
1 15
1 16
1 18
1 19
1 20
1 22
1 23
1 24
1 26
1 27
1 29
1 30
1 32
1 33
1 34
1 39
1 40
1 41
1 42
1 44
1 45
1 46
1 47
1 48
1 50
1 52
1 53
1 54
1 55
1 56
1 57
1 58
1 59
1 61
1 63
1 65
1 67
1 68
1 69
1 71
1 72
1 74
1 76
1 77
1 79
1 80
1 82
1 85
1 86
1 89
1 93
1 95
1 96
1 97
1 99
2 6
2 12
2 13
2 17
2 25
2 28
2 38
2 43
2 49
2 51
2 60
2 62
2 64
2 66
2 73
2 75
2 81
2 83
2 84
2 87
2 88
2 90
2 91
2 94
2 98
3 1
3 9
3 14
3 18
3 19
3 33
3 35
3 36
3 44
3 46
3 52
3 61
3 65
3 70
3 74
3 82
3 85
3 89
3 92
4 2
4 4
4 7
4 21
4 28
4 29
4 31
4 37
4 43
4 50
4 51
4 54
4 55
4 59
4 63
4 64
4 68
4 72
4 73
4 77
4 78
4 87
4 93
4 95
4 96
5 5
5 26
5 32
5 34
5 40
5 48
5 61
5 65
5 66
5 75
5 85
5 86
5 99
6 2
6 3
6 6
6 9
6 12
6 15
6 16
6 24
6 25
6 30
6 38
6 39
6 45
6 54
6 56
6 59
6 63
6 67
6 69
6 72
6 81
6 82
6 84
6 92
6 93
6 94
6 96
7 1
7 14
7 20
7 21
7 22
7 23
7 29
7 32
7 35
7 36
7 37
7 41
7 42
7 48
7 50
7 70
7 75
7 76
7 79
7 85
7 87
7 88
7 91
7 95
7 98
7 99
8 2
8 8
8 9
8 18
8 26
8 30
8 38
8 39
8 43
8 44
8 47
8 51
8 52
8 55
8 56
8 58
8 59
8 61
8 62
8 66
8 69
8 74
8 77
8 80
8 84
8 86
8 89
9 5
9 11
9 13
9 17
9 20
9 36
9 37
9 48
9 50
9 53
9 87
9 90
9 96
9 99
10 1
10 6
10 7
10 10
10 12
10 15
10 16
10 24
10 27
10 30
10 39
10 40
10 43
10 54
10 65
10 74
10 82
10 86
10 88
10 95
10 97
11 2
11 3
11 11
11 20
11 31
11 32
11 33
11 35
11 37
11 41
11 48
11 51
11 57
11 59
11 63
11 64
11 66
11 67
11 68
11 69
11 70
11 77
11 89
11 90
11 91
11 92
11 94
11 98
11 99
