1 1
1 2
1 3
1 4
1 5
1 6
1 7
1 8
1 9
1 10
1 11
1 12
1 13
1 14
1 15
1 16
1 17
1 18
1 19
1 20
1 21
1 22
1 23
1 24
1 25
1 26
1 27
1 28
1 29
1 30
1 31
1 32
1 33
1 34
1 35
1 36
1 37
1 38
1 39
1 40
1 41
1 42
1 43
1 44
1 45
1 46
1 47
1 48
1 49
1 50
1 51
1 52
1 53
1 54
1 55
1 56
1 57
1 58
1 59
1 60
1 61
1 62
1 63
1 64
1 65
1 66
1 67
1 68
1 69
1 70
1 71
1 72
1 73
1 74
1 75
1 76
1 77
1 78
1 79
1 80
1 81
1 82
1 83
1 84
1 85
1 86
1 87
1 88
1 89
1 90
1 91
1 92
1 93
1 94
1 95
1 96
1 97
1 98
1 99
1 100
1 101
1 102
1 103
1 104
1 105
1 106
1 107
1 108
1 109
1 110
1 111
1 112
1 114
1 115
1 116
1 117
1 118
1 119
1 120
1 121
1 122
1 123
1 124
1 125
1 126
1 127
1 128
1 129
1 131
1 132
1 133
1 134
1 135
1 136
1 137
1 138
1 139
1 140
1 141
1 142
1 143
1 144
1 145
1 146
1 147
1 148
1 149
1 150
1 151
1 152
1 153
1 154
1 155
1 156
1 157
1 158
1 159
1 160
1 161
1 162
1 163
1 164
1 165
1 166
1 167
1 168
1 169
1 170
1 171
1 172
1 173
1 174
1 175
1 176
1 177
1 178
1 179
1 180
1 181
1 182
1 183
1 184
1 185
1 186
1 187
1 188
1 189
1 190
1 191
1 192
1 193
1 194
1 195
1 196
1 197
1 198
1 199
1 200
2 113
2 130
3 47
6 144
8 11
8 68
9 45
9 78
9 150
9 160
10 39
11 191
12 42
12 153
12 199
14 58
14 189
15 135
15 195
17 100
19 46
20 66
21 192
22 15
26 132
26 192
28 115
28 197
29 76
30 72
30 167
31 20
31 124
33 173
35 62
35 73
35 115
37 182
37 195
38 65
39 132
40 160
40 179
41 33
41 71
41 134
41 146
42 84
42 153
43 8
43 58
43 86
44 35
44 132
45 92
46 25
46 45
47 64
47 195
48 116
48 123
49 63
49 81
49 118
49 142
50 6
50 8
50 156
51 121
51 163
51 166
53 55
53 116
53 124
53 146
53 154
54 101
54 166
55 25
55 136
56 184
56 200
59 10
59 178
60 123
61 180
62 177
64 61
64 63
64 125
66 56
66 98
68 193
69 18
69 144
71 159
71 176
72 12
72 119
75 129
76 150
77 6
78 28
78 148
81 11
81 82
81 109
81 148
82 153
82 195
84 21
84 167
85 42
86 5
86 14
86 78
86 160
86 171
87 21
87 134
87 152
89 68
89 160
90 174
91 105
91 168
92 3
92 55
93 114
94 81
94 101
96 77
97 82
98 71
98 170
100 43
101 59
102 3
104 141
105 70
105 134
106 89
106 183
107 92
107 114
108 33
108 54
108 170
111 77
112 128
113 63
113 100
113 138
114 1
114 170
115 186
117 15
117 42
117 171
119 35
119 66
120 26
120 87
120 177
121 29
121 61
122 105
124 96
124 183
126 60
126 157
126 162
127 7
127 43
129 18
129 111
130 16
130 132
131 1
131 74
131 135
131 143
131 178
132 68
134 143
135 40
135 64
137 199
138 75
139 125
140 63
141 33
142 189
143 187
144 3
144 144
144 180
145 11
145 116
147 46
147 101
147 157
148 105
148 117
149 66
150 93
151 80
152 2
154 42
154 49
155 32
155 72
156 96
156 150
157 7
158 54
158 60
158 199
159 183
160 24
161 41
161 101
161 134
161 156
162 108
166 6
166 149
167 11
169 33
169 75
170 20
173 22
173 103
173 129
174 123
175 85
175 149
176 64
176 65
177 125
178 6
178 41
179 3
179 100
179 142
180 193
181 57
182 122
183 68
184 105
184 129
185 195
186 156
188 151
189 37
190 88
190 98
191 15
196 31
196 36
197 54
197 183
198 127
201 10
201 168
202 30
205 112
205 180
206 54
207 19
207 97
207 199
208 62
209 9
209 32
211 170
212 61
212 70
212 162
213 34
214 72
215 107
215 181
216 25
216 131
216 168
218 194
219 183
221 124
222 20
223 45
223 66
224 53
224 71
225 121
225 181
226 97
227 35
227 100
227 131
228 4
228 43
229 82
229 117
229 153
230 166
231 110
232 111
232 185
233 76
235 21
235 45
235 50
235 88
235 186
236 76
236 162
237 199
238 152
240 4
241 47
241 93
241 113
242 157
243 195
244 12
244 96
244 164
245 145
247 11
248 10
248 193
249 60
249 153
249 183
251 14
252 19
252 123
254 9
254 86
254 119
255 120
256 42
256 156
258 55
258 153
259 9
260 92
260 98
261 40
261 86
261 175
263 123
265 152
265 199
267 69
269 99
269 148
269 151
270 35
270 199
271 40
272 59
272 83
273 70
273 85
273 174
274 26
275 49
277 185
277 198
278 53
278 59
278 162
280 146
281 119
281 173
281 192
283 85
283 105
286 88
287 149
288 79
289 37
290 40
290 124
291 200
292 137
292 175
293 16
293 153
294 99
294 137
295 93
296 167
299 170
300 45
302 62
302 163
302 188
303 87
304 100
305 77
307 31
308 110
309 6
311 146
311 147
312 168
313 96
314 61
315 72
315 122
317 11
317 48
317 124
317 128
318 15
319 164
320 133
321 24
321 97
322 6
322 10
322 36
325 66
325 77
326 33
326 94
327 27
327 54
327 175
329 180
330 20
330 63
331 61
332 127
332 176
333 190
334 97
336 193
337 36
338 138
339 62
339 154
340 173
340 185
340 194
341 113
341 150
341 181
342 174
343 42
344 100
344 163
344 168
345 37
345 38
346 62
348 40
350 142
352 40
352 60
352 77
353 107
353 191
354 22
354 101
355 83
356 181
358 41
359 42
360 11
361 150
362 34
362 192
364 6
364 191
365 23
367 47
368 121
368 194
370 25
371 151
371 178
373 57
373 133
374 15
374 21
374 84
375 53
376 17
376 69
376 147
379 42
381 104
381 191
382 109
