1 1
1 2
1 3
1 4
1 5
1 6
1 7
1 8
1 9
1 10
1 11
1 12
1 13
1 14
1 15
1 16
1 17
1 18
1 19
1 20
1 21
1 22
1 23
1 24
1 25
1 26
1 27
1 28
1 29
1 30
1 31
1 32
1 33
1 34
1 35
1 36
1 37
1 38
1 39
1 40
1 41
1 42
1 43
1 44
1 45
1 46
1 47
1 48
1 49
1 50
1 51
1 52
1 53
1 54
1 55
1 56
1 57
1 58
1 59
1 60
1 61
1 62
1 63
1 64
1 65
1 66
1 67
1 68
1 69
1 70
1 71
1 72
1 73
1 74
1 75
1 76
1 77
1 78
1 79
1 80
1 81
1 82
1 83
1 84
1 85
1 86
1 87
1 88
1 89
1 90
1 91
1 92
1 93
1 94
1 95
1 96
1 97
1 98
1 99
1 100
1 101
1 102
1 103
1 104
1 105
1 106
1 107
1 108
1 109
1 110
1 111
1 112
1 113
1 114
1 115
1 116
1 117
1 118
1 119
1 120
1 121
1 122
1 123
1 124
1 125
1 126
1 127
1 128
1 129
1 130
1 131
1 132
1 133
1 134
1 135
1 136
1 137
1 138
1 139
1 140
1 141
1 142
1 143
1 144
1 145
1 146
1 147
1 148
1 149
1 150
1 151
1 152
1 153
1 154
1 155
1 156
1 157
1 158
1 159
1 160
1 161
1 162
1 163
1 164
1 165
1 166
1 167
1 168
1 169
1 170
1 171
1 172
1 173
1 174
1 175
1 176
1 177
1 178
1 179
1 180
1 181
1 182
1 183
1 184
1 185
1 186
1 187
1 188
1 189
1 190
1 191
1 192
1 193
1 194
1 195
1 196
1 197
1 198
1 199
1 200
1 201
1 202
1 203
1 204
1 205
1 206
1 207
1 208
1 209
1 210
1 211
1 212
1 213
1 214
1 215
1 216
1 217
1 219
1 220
1 221
1 222
1 223
1 224
1 225
1 226
1 227
1 228
1 229
1 230
1 231
1 232
1 233
1 234
1 235
1 236
1 237
1 238
1 239
1 240
1 241
1 242
1 243
1 244
1 245
1 246
1 247
1 248
1 249
1 250
1 251
1 252
1 253
1 254
1 255
1 256
1 257
1 258
1 259
1 260
1 261
1 262
1 263
1 264
1 265
1 266
1 267
1 268
1 269
1 270
1 271
1 272
1 273
1 274
1 275
1 276
1 277
1 278
1 279
1 280
1 281
1 282
1 283
1 284
1 285
1 286
1 287
1 288
1 289
1 290
1 291
1 292
1 293
1 294
1 295
1 296
1 297
1 298
1 299
1 300
1 301
1 302
1 303
1 304
1 305
1 306
1 307
1 308
1 309
1 310
1 311
1 312
1 313
1 314
1 315
1 316
1 317
1 318
1 319
1 320
1 321
1 322
1 323
1 324
1 325
1 326
1 327
1 328
1 329
1 330
1 331
1 332
1 333
1 334
1 335
1 336
1 337
1 338
1 339
1 340
1 341
1 342
1 343
1 344
1 345
1 346
1 347
1 348
1 349
1 350
1 351
1 352
1 353
1 354
1 355
1 356
1 357
1 358
1 359
1 360
1 361
1 362
1 363
1 364
1 365
1 366
1 367
1 368
1 369
1 370
1 371
1 372
1 373
1 374
1 375
1 376
1 377
1 378
1 379
1 380
1 381
1 382
1 383
1 384
1 385
1 386
1 387
1 388
1 389
1 390
1 391
1 392
1 393
1 394
1 395
1 396
1 397
1 398
1 399
1 400
1 401
1 402
1 403
1 404
1 405
1 406
1 407
1 408
1 409
1 410
1 411
1 412
1 413
1 414
1 415
1 416
1 417
1 418
1 419
1 420
1 421
1 422
1 423
1 424
1 425
1 426
1 427
1 428
1 429
1 430
1 431
1 432
1 433
1 434
1 435
1 436
1 437
1 438
1 439
1 440
1 441
1 442
1 443
1 444
1 445
1 446
1 447
1 448
1 449
2 218
3 26
4 377
5 123
5 430
6 1
6 164
6 328
7 203
7 254
7 421
8 116
8 394
9 195
9 235
9 261
10 102
10 123
10 208
10 336
11 199
11 288
11 382
11 407
12 63
12 285
12 301
12 420
13 342
14 223
14 403
15 104
16 45
16 256
16 394
16 438
16 440
17 12
17 46
17 50
17 162
17 252
17 380
18 140
18 370
19 11
19 246
19 261
19 279
19 377
20 45
20 297
21 8
21 11
21 102
21 114
21 351
21 438
22 56
22 180
22 229
22 247
22 307
22 440
23 143
23 296
23 300
23 375
23 393
23 398
23 449
24 42
24 43
24 180
25 151
25 187
25 442
26 119
26 253
26 259
26 338
27 49
27 133
28 69
30 368
32 252
32 280
32 403
33 442
34 205
35 170
35 249
35 343
36 24
36 144
36 255
36 375
36 444
38 241
38 261
38 266
39 31
39 265
40 23
40 48
41 199
42 175
42 250
42 270
42 303
42 313
42 334
43 352
44 176
44 281
44 388
45 145
45 294
46 65
46 207
47 243
47 265
47 389
48 6
48 198
49 75
49 162
49 173
49 406
50 163
50 195
50 226
50 234
50 243
51 93
51 166
53 427
54 263
54 392
55 18
55 62
55 313
55 363
56 27
56 40
56 204
57 411
58 158
59 38
59 93
59 389
60 4
60 229
60 313
60 426
61 34
61 401
62 77
62 185
62 214
62 402
63 279
63 293
63 296
63 332
64 288
64 343
65 6
65 40
65 124
65 196
66 9
66 74
66 374
67 302
67 326
67 391
68 3
68 116
68 139
68 243
68 434
69 16
69 82
71 344
72 1
72 81
72 279
73 130
73 223
73 420
74 194
74 340
75 151
75 238
75 244
75 332
76 24
76 334
77 432
77 435
79 40
79 49
80 4
80 35
80 45
80 242
80 426
81 187
82 31
82 290
82 366
83 93
83 218
83 401
84 67
84 147
84 264
84 301
85 29
85 41
85 247
85 254
85 364
86 161
86 389
87 236
87 240
87 253
87 399
87 408
88 293
89 125
90 14
91 165
91 271
92 98
92 121
92 177
93 202
93 446
94 28
94 283
95 97
96 21
96 55
96 139
96 190
96 319
97 248
97 383
98 151
98 318
98 357
98 444
99 108
99 173
99 177
99 294
101 19
101 61
102 248
102 267
102 395
103 17
103 20
103 372
103 435
103 444
103 449
104 174
104 216
104 345
106 128
106 283
106 420
107 148
108 155
108 209
108 433
109 17
110 2
110 30
110 207
110 387
110 408
110 432
111 174
111 334
112 85
112 110
112 113
112 121
112 356
113 40
113 187
113 204
114 98
114 232
114 331
114 406
114 438
115 93
115 425
116 101
117 36
117 190
117 295
117 446
118 182
119 48
119 145
119 154
119 241
119 264
120 51
120 141
120 336
120 364
120 425
121 71
121 242
121 279
122 153
122 265
122 375
123 176
124 98
124 335
124 421
125 13
125 184
125 187
125 242
125 423
125 432
126 15
126 50
126 63
127 51
127 447
128 70
128 99
128 142
129 34
129 72
129 179
129 284
129 430
129 446
130 191
130 209
130 334
130 416
131 269
132 85
132 246
133 96
133 202
133 294
134 74
134 118
135 46
135 102
135 397
136 260
137 132
137 216
137 373
137 387
137 434
138 115
138 302
139 39
139 75
139 285
139 382
140 56
140 199
140 231
140 385
141 108
141 202
142 157
142 171
142 241
142 245
142 374
143 309
144 19
144 233
144 297
144 337
145 50
145 258
145 332
147 24
147 52
147 75
148 303
149 71
149 242
150 93
150 378
150 430
151 68
151 78
151 151
151 311
151 347
152 134
152 174
152 379
153 215
154 222
154 354
154 401
156 140
156 344
156 392
156 418
157 400
159 87
159 132
159 170
159 285
159 381
160 369
160 439
161 26
161 238
161 384
162 143
162 258
162 402
163 155
163 380
163 417
164 88
164 222
164 345
164 354
165 267
165 309
166 17
166 226
166 405
166 444
167 194
167 216
167 318
167 395
168 391
169 6
169 266
169 422
169 432
170 350
170 375
172 128
172 253
172 368
173 145
174 194
174 196
175 39
176 161
176 311
176 334
176 448
177 190
177 249
177 294
178 126
178 131
179 287
179 299
179 325
180 55
180 207
181 91
181 309
182 301
184 388
184 391
184 445
185 89
185 113
185 135
185 139
185 325
186 123
187 27
188 22
189 6
189 9
189 210
