1 1
1 2
1 3
1 4
1 5
1 6
1 7
1 8
1 9
1 10
1 11
1 12
1 13
1 14
1 15
1 16
1 17
1 18
1 19
1 20
1 21
1 22
1 23
1 24
1 25
1 26
1 27
1 28
1 29
1 30
1 31
1 32
1 33
1 34
1 35
1 36
1 37
1 38
1 39
1 40
1 41
1 42
1 43
1 44
1 45
1 46
1 47
1 48
1 49
1 50
1 51
1 52
1 53
1 54
1 55
1 56
1 57
1 58
1 59
1 60
1 61
1 62
1 63
1 64
1 65
1 66
1 67
1 68
1 69
1 70
1 71
1 72
1 73
1 74
1 75
1 76
1 77
1 78
1 79
1 80
1 81
1 82
1 83
1 84
1 85
1 86
1 87
1 88
1 89
1 90
1 91
1 92
1 93
1 94
1 95
1 96
1 97
1 98
1 99
1 100
1 101
1 102
1 103
1 104
1 105
1 106
1 107
1 108
1 109
1 110
1 111
1 112
1 113
1 114
1 115
1 116
1 117
1 118
1 119
1 120
1 121
1 122
1 123
1 124
1 125
1 126
1 127
1 128
1 129
1 130
1 131
1 132
1 133
1 134
1 135
1 136
1 137
1 138
1 139
1 140
1 141
1 142
1 143
1 144
1 145
1 146
1 147
1 148
1 149
1 150
1 151
1 152
1 153
1 154
1 155
1 156
1 157
1 158
1 159
1 160
1 161
1 162
1 163
1 164
1 165
1 166
1 167
1 168
1 169
1 170
1 171
1 172
1 173
1 174
1 175
1 176
1 177
1 178
1 179
1 180
1 181
1 182
1 183
1 184
1 185
1 186
1 187
1 188
1 189
1 190
1 191
1 192
1 193
1 194
1 195
1 196
1 197
1 198
3 8
4 27
5 20
6 16
7 88
8 96
10 149
11 70
11 148
12 113
16 140
19 123
20 111
21 9
21 89
21 106
22 113
22 181
22 194
23 16
24 166
29 186
30 48
30 96
30 112
31 83
31 166
34 136
34 177
37 181
39 10
40 170
41 3
41 15
41 76
42 121
43 15
43 60
43 170
46 154
49 165
51 62
52 88
53 11
53 159
54 81
56 40
57 175
58 192
59 33
60 27
60 142
61 50
62 100
63 26
66 7
67 176
70 26
71 146
72 71
72 187
74 106
75 15
75 21
76 4
76 29
77 88
78 47
78 74
78 141
78 164
85 59
89 120
90 30
90 64
90 89
90 160
92 92
93 21
97 124
97 132
99 172
101 175
102 85
103 192
104 32
104 82
104 86
104 97
107 177
108 94
110 79
110 146
110 187
110 188
111 52
111 113
114 150
118 19
118 173
119 70
119 165
119 188
120 157
121 168
122 188
125 55
125 129
126 138
128 23
128 90
131 128
132 46
135 51
135 198
136 73
136 110
138 139
140 93
141 92
141 105
143 125
145 81
145 135
147 72
147 82
147 122
149 110
149 128
150 142
151 2
152 84
152 195
153 128
154 67
155 87
155 161
157 43
158 23
159 105
159 108
160 162
163 102
163 152
164 45
165 174
166 50
166 53
168 66
171 123
173 29
174 171
176 3
177 45
177 125
178 5
178 9
179 27
181 27
181 140
181 151
182 96
182 125
182 158
184 37
184 158
185 18
186 62
186 105
187 89
187 149
189 149
190 96
192 78
192 172
193 56
193 72
194 131
194 196
195 102
196 16
196 93
199 6
199 79
201 96
203 42
203 66
204 147
205 198
206 51
208 54
208 98
209 10
211 46
211 118
214 51
214 90
215 60
216 186
217 25
218 177
219 63
219 111
222 68
222 163
222 187
223 174
224 23
224 46
225 63
226 105
226 153
227 72
229 78
231 11
232 150
232 192
233 24
233 144
234 82
237 3
237 55
238 105
238 119
241 126
241 174
245 57
245 120
246 10
247 139
248 154
250 183
252 20
252 54
253 73
255 16
255 96
255 170
256 161
258 154
259 100
262 1
262 146
262 155
262 158
264 58
265 127
267 3
269 101
271 10
271 194
272 18
275 26
275 191
278 80
281 39
281 195
284 144
285 99
286 35
287 50
288 60
289 121
289 134
290 1
290 149
291 55
291 78
292 80
293 113
295 45
296 92
296 93
298 16
298 66
298 151
298 167
299 4
300 166
300 183
301 61
301 84
301 176
301 187
304 10
304 108
304 191
305 35
305 145
306 8
310 35
311 12
313 65
315 26
318 64
319 39
319 43
319 164
320 30
322 88
322 97
323 24
323 101
326 7
326 10
326 65
328 2
329 78
332 142
334 55
334 91
335 80
336 155
338 55
338 124
340 9
340 94
344 101
345 60
346 8
346 42
346 77
347 3
347 86
348 72
350 36
350 193
353 17
354 3
354 77
355 30
355 102
357 198
358 35
359 81
359 152
361 114
363 42
364 132
365 174
365 182
367 11
368 26
368 116
370 16
370 42
371 88
371 116
371 148
371 193
372 47
373 46
373 82
377 105
377 156
378 159
379 141
381 124
381 147
381 169
382 27
382 48
384 12
384 45
385 178
389 133
390 98
391 143
392 59
392 122
394 102
395 39
395 156
397 33
397 39
400 184
402 27
403 37
405 66
406 41
406 154
408 198
409 47
411 81
413 154
414 163
415 55
415 82
416 108
416 110
416 174
417 165
417 198
418 28
418 30
419 111
420 160
421 6
423 59
423 137
424 146
425 16
426 185
427 98
428 184
428 192
429 81
429 190
429 194
431 13
431 101
431 160
433 9
434 23
434 25
436 164
437 17
437 63
437 178
439 108
440 189
442 60
442 129
443 45
444 9
444 60
444 165
445 85
445 123
445 173
446 175
447 113
447 157
448 133
449 44
451 47
451 50
453 182
454 111
454 157
457 129
458 11
458 22
459 20
459 167
461 10
461 81
462 105
463 167
464 117
467 55
468 9
468 89
468 156
471 135
471 163
471 190
472 3
472 31
472 129
473 37
473 80
474 110
474 197
475 23
476 99
477 123
478 127
479 187
480 70
480 128
481 80
481 133
481 194
483 113
485 161
486 75
486 170
488 11
489 63
489 100
490 164
490 168
491 8
491 118
492 32
492 85
493 13
493 144
494 36
494 118
494 128
496 10
496 92
496 173
