1 1
1 2
1 3
1 4
1 5
1 6
1 7
1 8
1 9
1 10
1 11
1 12
1 13
1 14
1 15
1 16
1 17
1 18
1 19
1 20
1 21
1 22
1 23
1 24
1 25
1 26
1 27
1 28
1 29
1 30
1 31
1 32
1 33
1 34
1 35
1 36
1 37
1 38
1 39
1 40
1 41
1 42
1 43
1 44
1 45
1 46
1 47
1 48
1 49
1 50
1 51
1 52
1 53
1 54
1 55
1 56
1 57
1 58
1 59
1 60
1 61
1 62
1 63
1 64
1 65
1 66
1 67
1 68
1 69
1 70
1 71
1 72
1 73
1 74
1 75
1 76
1 77
1 78
1 79
1 80
1 81
1 82
1 83
1 84
1 85
1 86
1 87
1 88
1 89
1 90
1 91
1 92
1 93
1 94
1 95
1 96
1 97
1 98
1 99
1 100
1 101
1 102
1 103
1 104
1 105
1 106
1 107
1 108
1 109
1 110
1 111
1 112
1 113
1 114
1 115
1 116
1 117
1 118
1 119
1 120
1 121
1 122
1 123
1 124
1 125
1 126
1 127
1 128
1 129
1 130
1 131
1 132
1 133
1 134
1 135
1 136
1 137
1 138
1 139
1 140
1 141
1 142
1 143
1 144
1 145
1 146
1 147
1 148
1 149
1 150
1 151
1 152
1 153
1 154
1 155
1 156
1 157
1 158
1 159
1 160
1 161
1 162
1 163
1 164
1 165
1 166
1 167
1 168
1 169
1 170
1 171
1 172
1 173
1 174
1 175
1 176
1 177
1 178
1 179
1 180
1 181
1 182
1 183
1 184
1 185
1 186
1 187
1 188
1 189
1 190
1 191
1 192
1 193
1 194
1 195
1 196
1 197
1 198
1 199
1 200
1 201
1 202
1 203
1 204
1 205
1 206
1 207
1 208
1 209
1 210
1 211
1 212
1 213
1 214
1 215
1 216
1 217
1 218
1 219
1 220
1 221
1 222
1 223
1 224
1 225
1 226
1 227
1 228
1 229
1 230
1 231
1 232
1 233
1 234
1 235
1 236
1 237
1 238
1 239
1 240
1 241
1 242
1 243
1 244
1 245
1 246
1 247
1 248
1 249
1 250
1 251
1 252
1 253
1 254
1 255
1 256
1 257
1 258
1 259
1 260
1 261
1 262
1 263
1 264
1 265
1 266
1 267
1 268
1 269
1 270
1 271
1 272
1 273
1 274
1 275
1 276
1 277
1 278
1 279
1 280
1 281
1 282
1 283
1 284
1 285
1 286
1 287
1 288
1 289
1 291
1 292
1 293
1 294
1 295
1 296
1 297
1 298
1 299
1 300
1 301
1 302
1 303
1 304
1 305
1 306
1 307
1 308
1 309
1 310
1 311
1 312
1 313
1 314
1 315
1 316
1 317
1 318
1 319
1 320
1 321
1 322
1 323
1 324
1 325
1 326
1 327
1 328
1 329
1 330
1 331
1 332
1 333
1 334
1 335
1 336
1 337
1 338
1 339
1 340
1 341
1 342
1 343
1 344
1 345
1 346
1 347
1 348
1 349
1 350
1 351
1 352
1 353
1 354
1 355
1 356
1 357
1 358
1 359
1 360
1 361
1 362
1 363
1 364
1 365
1 366
1 367
1 368
1 369
1 370
1 371
1 372
1 373
1 374
1 375
1 376
1 377
1 378
1 379
1 380
1 381
1 382
1 383
1 384
1 385
1 386
1 387
1 388
1 389
1 390
1 391
1 392
1 393
1 394
1 395
1 396
1 397
1 398
1 399
1 400
1 401
1 402
1 403
1 404
1 405
1 406
1 407
1 408
1 409
1 410
1 411
1 412
1 413
1 414
1 415
1 416
1 417
1 418
1 419
1 420
1 421
1 422
1 423
1 424
1 425
1 426
1 427
1 428
1 429
1 430
1 431
1 432
1 433
1 434
1 435
1 436
1 437
1 438
1 439
1 440
1 441
1 442
1 443
1 444
1 445
1 446
1 447
2 290
3 30
5 149
8 9
8 415
9 186
10 427
11 139
11 159
11 229
12 309
13 96
14 266
15 31
16 373
17 166
17 178
19 71
20 125
20 141
20 271
20 327
20 388
21 234
21 316
24 45
24 325
26 12
26 390
27 348
28 199
28 371
30 170
30 298
31 34
31 48
31 50
32 81
32 172
32 206
33 204
33 280
33 290
36 275
37 258
38 74
38 80
38 130
38 136
38 184
39 106
39 337
39 342
40 51
41 85
41 251
42 239
42 277
42 348
43 343
44 42
44 209
45 372
46 62
46 241
46 366
46 397
48 219
48 236
48 246
49 120
49 144
50 70
51 9
51 214
53 7
53 329
54 267
54 390
55 67
55 149
55 358
56 7
56 70
57 29
57 324
58 275
60 33
61 11
61 353
61 445
62 103
62 182
62 356
63 400
63 437
65 16
65 100
66 47
67 107
69 330
70 76
71 382
72 229
74 128
75 158
75 440
76 170
76 445
77 1
78 419
79 115
79 326
80 34
80 39
80 164
81 32
82 63
82 164
82 344
82 408
83 77
83 424
84 305
85 103
86 261
86 403
87 111
87 220
88 396
89 211
90 28
90 90
91 67
91 287
92 133
92 241
93 43
93 192
94 232
96 228
96 308
97 104
97 266
97 428
98 13
98 426
99 207
100 60
100 185
100 306
100 311
100 324
101 117
101 172
101 238
101 388
102 8
102 107
102 223
102 411
103 399
104 96
104 181
104 329
107 381
107 389
109 52
109 146
109 244
110 43
110 51
111 138
111 404
113 321
113 350
114 24
114 339
116 177
116 263
116 322
119 145
119 312
119 445
120 299
122 153
123 254
123 391
124 22
124 94
124 265
125 19
125 45
125 386
125 391
126 363
127 372
127 413
127 432
128 157
129 100
129 303
130 135
130 166
131 142
131 211
131 275
131 317
131 368
131 422
132 30
132 56
133 75
133 317
134 17
135 284
136 23
138 427
139 218
139 396
140 87
141 384
141 401
142 353
143 24
143 404
144 2
145 16
145 277
146 45
146 216
146 253
146 329
147 89
147 110
149 126
149 177
151 75
151 168
151 373
151 422
152 77
153 41
153 94
153 114
153 115
153 252
154 113
154 149
154 278
155 176
155 247
156 154
156 301
156 385
157 131
157 361
158 406
159 17
159 243
161 295
161 328
163 56
165 245
166 241
166 430
167 329
168 80
168 378
168 445
169 23
169 318
170 200
172 157
172 309
173 104
173 287
174 433
175 19
175 254
175 414
176 327
177 26
177 316
178 267
179 173
179 377
180 333
181 100
181 108
181 217
183 142
183 189
183 226
183 340
184 128
184 393
185 84
185 213
185 277
185 308
186 58
186 222
187 141
187 229
188 380
188 397
188 431
189 58
189 137
189 423
190 157
191 199
191 223
191 259
191 348
191 427
192 197
192 248
193 32
193 340
194 97
197 276
198 229
198 386
199 226
200 55
200 184
200 429
202 117
203 119
203 242
203 435
205 126
206 148
206 227
208 295
209 230
210 362
210 382
210 429
211 41
211 293
212 192
212 337
214 191
215 30
215 403
216 276
216 390
216 424
218 23
220 56
220 361
220 444
223 55
223 367
224 237
225 170
225 177
225 285
225 392
226 196
226 298
227 215
227 379
228 240
229 428
230 70
230 133
230 327
231 96
231 276
231 386
232 258
232 437
233 359
234 248
234 264
234 275
235 339
235 374
236 183
236 439
237 79
238 18
238 145
238 270
238 305
240 138
240 364
241 254
242 93
243 149
243 278
244 55
244 143
244 245
245 229
245 281
245 352
247 107
247 322
248 436
249 228
249 423
250 370
252 31
252 447
253 339
253 422
254 27
254 237
254 240
255 317
257 25
257 230
257 241
257 444
258 39
258 208
259 62
259 66
260 4
260 89
260 109
260 229
260 384
260 404
261 63
261 104
261 312
262 188
264 444
265 76
265 148
266 168
266 279
268 395
268 403
269 371
269 402
270 405
271 39
271 389
271 401
273 288
274 69
274 100
274 269
276 175
277 255
277 428
278 253
279 125
279 138
279 249
280 204
281 433
282 113
283 241
284 59
284 91
285 76
287 18
287 101
287 123
287 152
287 172
288 102
288 162
288 359
289 156
290 191
291 39
291 166
291 251
291 299
291 383
292 254
293 55
293 76
293 97
296 2
296 171
296 386
297 347
298 376
298 404
300 44
300 210
301 269
301 444
302 340
