1 1
1 2
1 3
1 4
1 5
1 6
1 7
1 8
1 9
1 10
1 11
1 12
1 13
1 14
1 15
1 16
1 17
1 18
1 19
1 20
1 21
1 22
1 23
1 24
1 25
1 26
1 27
1 28
1 29
1 30
1 31
1 32
1 33
1 34
1 35
1 36
1 37
1 38
1 39
1 40
1 41
1 42
1 43
1 44
1 45
1 46
1 47
1 48
1 49
1 50
1 51
1 52
1 53
1 54
1 55
1 56
1 57
1 58
1 59
1 60
1 61
1 62
1 63
1 64
1 65
1 66
1 67
1 68
1 69
1 70
1 71
1 72
1 73
1 74
1 75
1 76
1 77
1 78
1 79
1 80
1 81
1 82
1 83
1 84
1 85
1 86
1 87
1 88
1 89
1 90
1 91
1 92
1 93
1 94
1 95
1 96
1 97
1 98
1 99
1 100
1 101
1 102
1 103
1 104
1 105
1 106
1 107
1 108
1 109
1 110
1 111
1 112
1 114
1 115
1 116
1 117
1 118
1 119
1 120
1 121
1 122
1 123
1 124
1 125
1 126
1 127
1 128
1 129
1 130
1 131
1 132
1 133
1 134
1 135
1 136
1 137
1 138
1 139
1 140
1 141
1 142
1 143
1 144
1 145
1 146
1 147
1 148
1 149
1 150
1 151
1 152
1 153
1 154
1 155
1 156
1 157
1 158
1 159
1 160
1 161
1 162
1 163
1 164
1 165
1 166
1 167
1 168
1 169
1 170
1 171
1 172
1 173
1 174
1 175
1 176
1 177
1 178
1 179
1 180
1 181
1 182
1 183
1 184
1 185
1 186
1 187
1 188
1 189
1 190
1 191
1 192
1 193
1 194
1 195
1 196
1 197
1 198
1 199
1 200
1 201
1 202
1 203
1 204
1 205
1 206
1 207
1 208
1 209
1 210
1 211
1 212
1 213
1 214
1 215
1 216
1 217
1 218
1 219
1 220
1 221
1 222
1 223
1 224
1 225
1 226
1 227
1 228
1 229
1 230
1 231
1 232
1 233
1 234
1 235
1 236
1 237
1 238
1 239
1 240
1 241
1 242
1 243
1 244
1 245
1 246
1 247
1 248
1 249
1 250
1 251
1 252
1 253
1 254
1 255
1 256
1 257
1 258
1 259
1 260
1 261
1 262
1 263
1 264
1 265
1 266
1 267
1 268
1 269
1 270
1 271
1 272
1 273
1 274
1 275
1 276
1 277
1 278
1 279
1 280
1 281
1 282
1 283
1 284
1 285
1 286
1 287
1 288
1 289
1 290
1 291
1 292
1 293
1 294
1 295
1 296
1 297
1 298
1 299
1 300
1 301
1 302
1 303
1 304
1 305
1 306
1 307
1 308
1 309
1 310
1 311
1 312
1 313
1 314
1 315
1 316
1 317
1 318
1 319
1 320
1 321
1 322
1 323
1 324
1 325
1 326
1 327
1 328
1 329
1 330
1 331
1 332
1 333
1 334
1 335
1 336
1 337
1 338
1 339
1 340
1 341
1 342
1 343
1 344
1 345
1 346
1 347
1 348
1 349
1 350
1 351
1 352
1 353
1 354
1 355
1 356
1 357
1 358
1 359
1 360
1 361
1 362
1 363
1 364
1 365
1 366
1 367
1 368
1 369
1 370
1 371
1 372
1 373
1 374
1 375
1 376
1 377
1 378
1 379
1 380
1 381
1 382
1 383
1 384
1 385
1 386
1 387
1 388
1 389
1 390
1 391
1 392
1 393
1 394
1 395
1 396
1 397
1 398
1 399
1 400
1 401
1 402
1 403
1 404
1 405
1 406
1 407
1 408
1 409
1 410
1 411
1 412
1 413
1 414
1 415
1 416
1 417
1 418
1 419
1 420
1 421
1 422
1 423
1 424
1 425
1 426
1 427
1 428
1 429
1 430
1 431
1 432
1 433
1 434
1 435
1 436
1 437
1 438
1 439
1 440
1 441
1 442
1 443
1 444
1 445
2 113
3 335
5 249
6 104
6 183
6 190
7 11
7 374
10 114
10 336
12 183
13 135
14 316
15 343
16 180
17 282
18 89
18 236
18 245
18 389
19 160
20 424
21 14
21 264
22 217
22 225
23 380
23 408
24 224
26 308
27 75
27 190
27 315
27 388
28 297
30 132
30 139
30 327
31 5
31 158
31 168
35 149
35 342
36 136
37 346
38 398
39 194
41 109
42 183
42 352
44 57
44 86
45 357
45 424
46 85
47 337
48 61
50 103
51 34
51 313
51 376
52 120
52 161
52 168
52 378
52 406
52 411
52 428
53 68
54 156
54 179
56 31
56 195
57 73
57 422
60 104
60 153
60 436
62 396
63 131
63 181
63 215
64 75
64 98
64 229
66 206
66 337
67 122
67 358
69 185
69 212
71 286
72 47
72 231
72 339
74 43
74 150
74 279
75 59
75 214
76 336
77 36
77 214
77 222
78 375
78 434
79 393
80 139
80 156
80 246
80 427
82 304
83 239
84 426
85 403
87 66
87 223
87 269
88 29
88 347
88 424
89 193
90 435
91 396
92 383
95 152
96 434
97 32
98 30
100 10
100 64
100 400
100 432
101 52
101 430
103 75
104 334
106 152
106 343
106 405
107 180
107 425
110 37
112 425
113 119
113 241
115 408
117 111
117 157
117 314
118 61
118 302
118 418
119 169
119 225
120 140
121 90
124 117
124 441
125 14
125 331
125 411
127 57
127 123
127 160
127 379
128 439
129 61
129 251
129 261
129 351
130 46
131 143
131 357
131 430
132 188
132 289
133 39
133 83
134 80
134 254
135 321
136 30
136 386
140 440
143 393
143 394
144 348
145 387
148 189
148 191
150 43
150 212
151 2
152 116
152 328
154 392
156 296
156 308
156 434
157 61
157 226
158 14
158 246
158 389
162 387
164 236
165 218
165 274
166 115
166 296
167 148
170 298
171 98
171 212
171 434
172 82
172 161
173 177
173 280
173 407
175 69
175 82
175 112
177 345
177 445
178 153
178 381
180 150
181 171
182 89
183 97
183 250
184 309
184 438
185 161
186 272
186 392
187 27
187 428
188 56
188 76
188 353
189 442
191 234
193 132
193 188
193 359
194 354
197 124
198 310
199 178
200 369
202 144
202 242
203 72
204 144
205 63
205 175
205 313
206 349
207 119
208 183
209 271
211 260
211 264
211 364
212 167
214 30
215 29
215 312
215 420
217 382
221 326
221 358
222 107
225 161
225 347
226 383
226 398
228 105
229 72
229 227
229 235
230 79
230 220
230 317
230 437
231 427
232 311
233 44
235 429
236 425
238 50
239 106
240 181
241 305
242 58
242 110
244 5
244 108
244 164
244 285
244 390
245 296
247 190
251 189
253 335
255 48
255 61
255 178
257 109
258 344
259 27
259 72
261 123
261 170
262 319
263 115
264 249
265 432
266 78
268 66
268 121
268 125
268 297
269 120
269 228
269 234
269 440
271 72
273 171
273 241
274 255
275 403
276 145
277 198
277 285
278 222
278 313
278 329
278 431
279 272
284 6
284 178
285 158
285 206
286 427
287 370
288 73
290 277
291 257
292 300
293 367
294 306
297 146
297 325
300 24
300 218
302 141
302 440
303 105
303 158
303 292
304 240
305 168
305 203
306 105
306 319
310 149
311 105
311 221
311 434
313 84
313 258
316 337
316 419
317 118
317 202
317 345
318 423
319 85
322 102
322 382
323 79
323 404
326 151
326 314
328 361
330 189
330 271
332 182
336 225
337 56
337 110
338 4
339 20
339 138
340 152
341 247
343 177
343 269
344 9
344 41
345 145
345 396
347 137
347 346
348 199
348 428
349 27
349 157
350 314
350 325
350 384
350 423
351 125
351 309
351 389
352 380
353 149
356 85
356 91
356 123
358 295
361 11
361 80
362 216
363 45
363 66
365 28
365 103
365 198
366 265
366 411
368 62
370 171
371 360
372 195
372 304
373 265
373 414
375 154
375 179
376 210
378 30
378 113
379 31
379 235
380 57
381 157
384 221
384 407
385 67
385 78
385 245
385 377
386 170
386 219
386 331
387 30
387 366
389 287
391 101
394 156
395 402
396 61
396 86
396 144
396 262
397 258
397 408
397 422
398 41
398 127
398 177
400 176
400 279
402 87
403 290
405 1
406 276
407 273
407 338
408 262
409 56
409 290
410 91
411 215
411 372
412 22
416 217
416 280
416 285
417 150
417 170
417 184
417 237
