1 1
1 2
1 3
1 4
1 5
1 6
1 7
1 8
1 9
1 10
1 11
1 12
1 13
1 14
1 15
1 16
1 17
1 18
1 19
1 20
1 21
1 22
1 23
1 24
1 25
1 26
1 27
1 28
1 29
1 30
1 31
1 32
1 33
1 34
1 35
1 36
1 37
1 38
1 39
1 40
1 41
1 42
1 43
1 44
1 45
1 46
1 47
1 48
1 49
1 50
1 51
1 52
1 53
1 54
1 55
1 56
1 57
1 58
1 60
1 61
1 62
1 63
1 64
1 65
1 66
1 67
1 68
1 69
1 70
1 71
1 72
1 73
1 74
1 75
1 76
1 77
1 78
1 79
1 80
1 81
1 82
1 83
1 85
1 86
1 87
1 88
1 89
1 91
1 92
1 93
1 94
1 95
1 96
1 97
1 98
1 99
1 100
1 101
1 102
1 103
1 104
1 105
1 106
1 107
1 108
1 109
1 110
1 111
1 112
1 113
1 114
1 115
1 116
1 117
1 118
1 119
1 120
1 121
1 122
1 123
1 124
1 125
1 126
1 127
1 128
1 129
1 130
1 131
1 132
1 133
1 134
1 135
1 136
1 137
1 138
1 139
1 140
1 141
1 142
1 143
1 144
1 145
1 146
1 147
1 148
1 149
1 150
1 151
1 152
1 153
1 154
1 155
1 156
1 157
1 158
1 159
1 160
1 161
1 162
1 163
1 164
1 165
1 166
1 167
1 168
1 169
1 170
1 171
1 172
1 173
1 174
1 175
1 176
1 177
1 178
1 179
1 180
1 181
1 182
1 183
1 184
1 185
1 186
1 187
1 188
1 189
1 190
1 191
1 192
1 193
1 194
2 59
2 90
3 84
3 188
4 59
5 5
5 86
5 123
6 49
6 53
6 65
6 96
6 104
6 146
6 190
7 3
7 5
7 142
8 29
8 91
8 171
9 162
9 191
10 50
10 105
10 185
11 40
11 42
12 90
12 110
12 124
14 59
15 62
15 72
15 92
15 151
15 191
16 74
17 12
17 19
18 39
18 126
19 58
19 107
19 123
19 125
19 185
20 12
20 86
20 191
21 117
21 138
21 164
22 60
22 119
23 1
23 30
24 46
24 129
26 33
26 48
26 84
27 175
27 189
28 119
28 169
30 13
30 41
30 47
30 72
30 78
30 96
30 169
31 181
32 4
32 16
32 35
32 85
33 54
33 78
33 80
34 32
35 37
35 72
35 130
36 48
36 106
36 112
37 101
37 125
38 163
38 173
39 68
39 125
39 182
40 64
40 87
41 181
42 43
42 69
42 103
42 159
42 176
42 177
44 54
44 99
44 129
45 116
45 117
46 39
46 70
47 1
47 49
47 121
47 162
47 191
48 8
48 138
49 171
50 39
50 116
51 48
51 114
51 157
51 166
52 19
54 52
55 11
55 41
55 65
55 93
55 122
56 131
57 3
57 167
57 172
58 57
58 105
58 189
59 95
59 168
60 53
60 63
60 101
61 106
61 181
62 45
62 90
62 111
62 155
63 7
63 20
63 67
63 76
63 95
63 151
64 25
64 130
64 168
65 159
66 84
66 152
66 182
68 149
68 189
69 107
69 145
71 39
71 53
73 19
73 39
73 108
74 17
74 40
74 162
75 159
76 21
76 85
76 157
76 184
77 47
77 57
77 104
77 125
78 95
79 82
79 193
80 20
80 114
80 116
81 83
81 97
81 99
81 102
81 120
83 53
83 108
83 135
84 9
84 18
84 110
85 176
86 76
86 96
86 154
86 166
87 50
87 54
87 119
88 32
88 129
88 193
89 164
89 182
90 34
90 71
91 43
91 90
91 137
94 122
95 53
96 9
96 71
96 78
96 104
97 147
97 166
98 27
98 118
98 128
98 179
99 80
100 29
101 100
103 44
103 60
105 123
105 125
106 24
106 90
108 169
109 116
109 171
110 35
110 55
110 91
110 180
112 6
112 31
112 144
113 147
113 157
114 109
115 12
115 25
115 192
116 68
116 144
116 190
117 23
117 151
117 191
117 194
118 171
119 2
119 73
119 182
120 58
120 122
121 14
121 64
121 111
122 53
122 96
122 104
124 24
124 29
124 66
124 69
124 152
125 127
126 85
127 114
128 99
128 157
128 172
128 177
129 101
129 159
130 65
130 104
130 160
132 43
132 90
132 160
132 167
133 15
134 104
135 91
135 172
135 178
136 111
137 21
137 152
137 170
138 24
139 3
139 157
139 171
140 13
140 68
140 113
141 126
141 143
142 52
142 55
142 166
142 172
143 58
143 133
143 167
144 3
144 19
145 60
146 41
147 16
147 72
147 95
147 125
147 160
147 161
147 180
148 91
148 158
148 174
149 23
149 86
149 140
150 59
150 107
150 109
151 106
151 135
151 193
152 62
152 166
153 119
153 161
153 186
154 97
154 106
154 110
155 171
156 47
156 168
156 192
158 112
158 129
159 2
159 13
159 33
159 70
159 93
160 132
161 11
161 172
161 177
162 4
162 62
163 23
163 73
163 172
164 59
166 5
166 73
166 90
166 112
167 75
167 129
168 1
168 6
169 173
170 33
170 75
171 95
171 145
172 11
172 63
174 26
174 43
174 61
174 148
175 2
175 64
175 78
176 13
176 21
176 23
176 156
176 162
177 38
178 112
179 136
180 26
180 70
180 121
181 61
181 124
181 129
181 135
181 193
182 90
182 173
183 110
183 122
185 22
186 27
186 44
186 83
186 138
186 164
188 68
189 76
189 84
189 144
190 127
190 192
190 193
191 85
192 110
192 134
193 50
193 177
196 111
196 158
196 183
197 150
197 191
198 112
199 46
199 125
200 113
201 43
201 44
201 153
202 113
202 118
203 3
203 108
203 139
204 81
206 161
207 111
207 125
208 83
208 94
208 192
209 29
210 12
210 56
210 74
210 113
210 162
210 170
211 75
212 22
212 74
212 99
212 170
213 53
213 90
213 178
214 20
215 25
216 191
217 58
217 99
218 93
218 174
219 36
219 133
219 180
220 86
220 177
221 9
221 63
222 159
223 26
223 41
223 59
223 96
224 83
224 86
