1 1
1 2
1 3
1 4
1 5
1 6
1 7
1 8
1 9
1 10
1 11
1 12
1 13
1 14
1 15
1 16
1 17
1 18
1 19
1 20
1 21
1 22
1 23
1 24
1 25
1 26
1 27
1 28
1 29
1 30
1 31
1 32
1 33
1 34
1 35
1 36
1 37
1 38
1 39
1 40
1 41
1 42
1 43
1 45
1 46
1 47
1 48
1 49
1 50
1 51
1 52
1 53
1 54
1 55
1 56
1 57
1 58
1 59
1 60
1 61
1 62
1 63
1 64
1 65
1 66
1 67
1 68
1 69
1 70
1 72
1 73
1 74
1 75
1 77
1 78
1 79
1 80
1 81
1 82
1 83
1 84
1 85
1 86
1 87
1 88
1 89
1 90
1 91
1 92
1 93
1 94
1 95
1 96
1 97
1 98
1 99
1 100
1 101
1 102
1 103
1 104
1 105
1 106
1 107
1 108
1 109
1 110
1 111
1 112
1 113
1 115
1 116
1 117
1 118
1 119
1 120
1 122
1 123
1 124
1 125
1 126
1 127
1 128
1 129
1 130
1 131
1 132
1 133
1 134
1 135
1 136
1 137
1 138
1 139
1 140
1 141
1 142
1 143
1 144
1 145
1 146
1 147
1 148
1 149
1 150
1 151
1 152
1 153
1 154
1 155
1 156
1 157
1 158
1 159
1 160
1 161
1 162
1 163
1 164
1 165
1 166
1 167
1 168
1 169
1 170
1 171
1 172
1 173
1 174
1 175
1 176
1 177
1 178
1 179
1 180
1 181
1 182
1 183
1 184
1 185
1 186
1 187
1 188
1 189
1 190
1 191
1 192
1 193
1 194
1 195
1 196
1 197
1 198
1 199
1 200
1 201
1 202
1 203
1 204
1 205
1 206
1 207
1 208
1 209
1 210
1 211
1 212
1 213
1 214
1 215
1 216
1 217
1 218
1 219
1 220
1 221
1 222
1 223
1 224
1 225
1 226
1 227
1 228
1 229
1 230
1 231
1 232
1 233
1 234
1 235
1 236
1 237
1 238
1 239
1 240
1 241
1 242
1 243
1 244
1 245
1 246
1 247
1 248
1 249
1 250
1 251
1 252
1 253
1 254
1 255
1 256
1 257
1 258
1 259
1 260
1 261
1 262
1 263
1 264
1 265
1 266
1 268
1 269
1 270
1 271
1 272
1 274
1 275
1 276
1 277
1 279
1 280
1 281
1 282
1 283
1 284
1 285
1 287
1 288
1 289
1 290
1 291
1 292
1 293
1 294
1 296
1 297
1 298
1 299
1 300
1 301
1 302
1 303
1 304
1 305
1 306
1 307
1 308
1 309
1 310
1 311
1 312
1 313
1 314
1 315
1 316
1 317
1 318
1 319
1 320
1 321
1 322
1 323
1 324
1 325
1 326
1 327
1 328
1 329
1 330
1 331
1 332
1 334
1 335
1 336
1 337
1 338
1 339
1 340
1 341
1 342
1 343
1 344
1 345
1 346
1 347
1 348
1 349
1 350
1 351
1 352
1 353
1 354
1 355
1 356
1 357
1 358
1 359
1 360
1 361
1 362
1 363
1 364
1 365
1 366
1 367
1 368
1 369
1 370
1 371
1 372
1 373
1 374
1 376
1 378
1 379
1 380
1 381
1 383
1 384
1 385
1 386
1 387
1 388
1 389
1 390
1 391
1 392
1 393
1 394
1 395
1 396
1 397
1 398
1 399
1 400
1 401
1 402
1 404
1 405
1 406
1 407
1 408
1 409
1 410
1 411
1 412
1 413
1 414
1 415
1 416
1 417
1 418
1 419
1 420
1 421
1 422
1 423
1 424
1 425
1 426
1 427
1 428
1 430
1 431
1 432
1 433
1 434
1 435
1 436
1 437
1 438
1 439
1 441
1 442
1 443
2 44
2 71
2 76
2 114
2 121
2 267
2 273
2 278
2 286
2 295
2 333
2 375
2 377
2 382
2 403
2 429
3 23
3 85
3 108
3 110
3 116
3 132
3 192
3 222
3 252
3 425
3 440
4 36
4 63
4 80
4 91
4 230
4 244
4 249
4 324
4 370
4 442
5 58
5 139
5 143
5 149
5 164
5 198
5 255
5 263
5 274
5 319
5 355
5 378
5 410
5 413
5 432
6 74
6 138
6 141
6 205
6 268
6 325
6 334
6 402
6 441
7 9
7 26
7 47
7 56
7 57
7 112
7 115
7 169
7 195
7 244
7 303
7 370
7 382
7 427
7 433
8 71
8 76
8 78
8 97
8 128
8 133
8 138
8 146
8 176
8 230
8 258
8 310
8 315
8 344
8 377
8 429
9 21
9 37
9 85
9 114
9 125
9 210
9 229
9 257
9 266
9 345
9 350
9 443
10 20
10 26
10 118
10 121
10 178
10 221
10 238
10 285
10 318
10 326
10 331
10 338
10 362
10 398
11 3
11 35
11 70
11 77
11 135
11 150
11 155
11 195
11 220
11 319
11 369
12 20
12 29
12 44
12 56
12 59
12 63
12 89
12 102
12 104
12 131
12 198
12 223
12 225
12 300
12 331
12 339
12 341
12 416
12 438
12 439
12 441
13 28
13 36
13 51
13 52
13 119
13 152
13 168
13 189
13 211
13 222
13 241
13 245
13 288
13 293
13 303
13 397
14 85
14 101
14 193
14 206
14 315
14 319
14 327
14 328
14 363
14 386
14 395
14 403
14 420
14 428
15 19
15 49
15 53
15 83
15 166
15 173
15 238
15 277
15 293
15 305
15 314
15 323
15 338
15 440
16 2
16 42
16 56
16 80
16 111
16 172
16 182
16 215
16 220
16 246
16 283
16 345
16 355
16 372
16 374
16 409
16 416
16 419
17 34
17 62
17 92
17 94
17 112
17 125
17 148
17 160
17 161
17 278
17 299
17 336
17 350
17 430
18 10
18 110
18 133
18 138
18 164
18 166
18 175
18 207
18 241
18 248
18 252
18 258
18 281
18 285
18 297
18 301
18 338
18 343
18 370
18 393
18 413
18 437
19 5
19 35
19 134
19 144
19 184
19 190
19 194
19 206
19 224
19 276
19 351
19 374
19 409
19 434
20 20
20 28
20 62
20 70
20 82
20 84
20 88
20 93
20 99
20 141
20 166
20 232
20 401
20 402
21 41
21 149
21 164
21 200
21 207
21 212
21 215
21 238
21 281
21 302
21 308
21 314
21 322
21 346
21 362
21 400
21 419
21 436
22 10
22 15
22 21
22 52
22 77
22 110
22 125
22 134
22 180
22 202
22 204
22 243
22 275
22 283
22 300
22 303
22 351
22 381
22 384
23 7
23 46
23 64
23 65
23 108
23 131
23 146
23 216
23 290
23 302
23 373
23 380
23 386
23 431
24 67
24 114
24 128
24 159
24 161
24 166
24 275
24 305
24 313
24 361
24 364
24 381
24 434
25 42
25 45
25 65
25 110
25 124
25 242
25 247
25 289
25 301
25 302
25 306
25 341
25 395
25 416
26 6
26 21
26 106
26 125
26 135
26 148
26 221
26 225
26 249
26 258
26 294
26 375
26 400
27 12
27 47
27 48
27 58
27 65
27 105
27 128
27 131
27 170
27 178
27 183
27 298
27 340
27 372
27 442
28 84
28 112
28 140
28 161
28 217
28 275
28 294
28 304
28 334
28 410
28 420
29 15
29 37
29 79
29 86
29 147
29 168
29 174
29 187
29 213
29 236
29 246
29 287
29 291
29 332
29 363
29 373
29 377
29 380
29 383
29 394
29 438
30 56
30 94
30 103
30 110
30 126
30 128
30 144
30 167
30 190
30 216
30 244
30 248
30 267
30 283
30 302
30 322
30 385
30 405
30 427
31 2
31 21
31 50
31 57
31 92
31 105
31 171
31 220
31 247
31 288
31 290
31 337
31 369
31 370
31 383
31 422
31 425
31 443
