1 1
1 2
1 3
1 4
1 5
1 6
1 7
1 8
1 9
1 10
1 11
1 12
1 13
1 14
1 15
1 16
1 17
1 18
1 19
1 20
1 21
1 22
1 23
1 24
1 25
1 26
1 27
1 28
1 29
1 30
1 31
1 32
1 33
1 34
1 35
1 36
1 37
1 38
1 39
1 40
1 42
1 43
1 44
1 45
2 41
3 6
3 27
4 45
6 14
7 22
7 40
8 29
9 23
10 27
10 30
10 38
11 2
12 20
12 27
13 7
13 13
13 35
13 43
14 9
15 45
16 29
16 38
17 16
18 14
19 23
20 32
20 36
21 3
22 2
22 7
22 24
22 39
22 43
23 45
24 13
26 14
27 16
28 45
29 21
30 3
30 41
31 10
31 15
31 40
32 11
33 17
33 21
36 6
36 10
38 23
38 32
38 37
39 29
39 41
41 6
41 7
41 14
41 28
41 32
42 22
45 23
45 40
45 42
47 8
49 7
49 9
49 28
49 45
50 39
51 33
51 42
52 21
52 25
54 3
55 12
55 23
55 40
56 18
58 21
58 28
58 30
60 4
60 10
60 15
60 23
60 32
60 36
62 30
63 5
63 40
64 9
64 22
64 44
65 25
66 2
66 24
66 36
66 37
68 18
68 36
70 35
70 43
72 33
73 24
73 31
73 36
73 44
74 11
75 25
75 31
76 10
76 21
79 44
81 3
81 19
82 44
83 29
83 39
84 26
84 30
85 14
87 8
87 36
88 42
89 18
89 19
89 45
90 30
91 39
92 3
92 11
94 15
95 23
98 36
98 40
101 16
101 17
102 11
103 1
103 4
103 35
104 25
104 28
105 26
106 35
107 3
108 2
108 14
108 16
109 6
110 14
110 22
112 5
112 35
113 3
113 14
114 6
114 40
115 3
115 24
115 34
116 28
118 28
119 3
119 21
120 6
120 11
120 18
120 37
122 35
122 43
123 29
124 43
125 11
126 8
126 21
126 44
127 3
127 28
127 41
128 9
128 16
129 20
129 25
129 32
130 28
131 37
133 36
133 44
134 43
134 45
135 18
137 22
137 26
139 5
139 25
139 28
139 31
139 44
140 3
140 6
140 38
140 39
141 19
142 27
143 20
144 30
145 8
145 23
145 41
146 40
148 21
149 15
149 24
150 9
150 16
150 26
150 38
151 43
152 6
153 11
153 32
155 16
155 20
156 13
156 30
159 24
159 43
159 44
160 26
161 12
161 13
161 28
161 39
162 26
164 2
166 3
166 30
166 44
167 27
169 7
169 14
171 13
171 30
172 16
172 20
173 4
173 30
174 27
175 1
175 8
175 23
175 30
175 43
175 44
178 22
179 8
180 44
181 23
183 20
183 23
183 28
184 15
184 16
186 7
187 2
189 36
189 40
192 37
193 22
193 23
194 20
194 29
195 30
196 7
196 13
196 29
197 1
197 14
198 3
198 11
198 22
198 42
199 21
200 18
200 36
201 24
203 7
204 42
205 16
205 21
205 45
206 17
207 24
207 25
207 35
207 38
207 43
208 12
209 23
209 38
210 8
210 24
211 40
212 7
213 23
214 21
215 33
216 30
216 31
217 36
218 33
219 42
221 2
221 13
221 43
225 40
227 3
228 31
229 4
229 9
229 27
231 4
231 27
232 35
233 18
234 6
235 5
236 39
237 1
237 29
239 15
239 29
239 35
239 42
240 41
243 1
243 16
243 36
244 33
247 14
247 36
247 45
249 4
249 32
250 30
250 43
250 45
251 5
251 20
252 14
252 17
254 22
254 40
255 21
256 7
257 10
257 11
258 13
258 14
258 26
258 34
258 37
261 16
261 34
262 25
263 1
263 2
263 22
263 27
263 33
264 9
264 15
267 15
267 37
268 27
269 5
272 5
272 23
272 45
273 42
274 13
274 27
275 8
275 16
277 3
278 15
278 24
278 40
279 33
280 34
281 13
281 31
282 12
283 14
283 22
284 17
287 13
287 16
287 27
288 35
289 13
289 26
289 29
289 40
290 41
291 21
292 39
293 2
293 19
293 30
293 34
293 40
293 43
295 12
295 25
295 42
296 5
296 23
296 33
298 21
299 15
299 25
300 21
301 41
302 29
302 31
303 28
303 35
304 1
305 19
305 34
306 40
308 9
308 12
310 4
310 33
313 25
314 15
315 6
315 11
315 14
315 25
316 30
316 44
317 8
317 43
318 20
319 36
319 37
322 7
322 20
323 31
325 12
326 22
326 32
328 14
328 17
329 8
331 3
331 45
332 30
333 6
333 9
333 19
333 31
334 12
334 26
334 42
335 15
335 25
335 35
336 28
337 16
338 17
