1 1
1 2
1 3
1 4
1 5
1 6
1 7
1 8
1 9
1 10
1 11
1 12
1 13
1 14
1 15
1 16
1 17
1 18
1 19
1 20
1 21
1 22
1 23
1 24
1 25
1 26
1 27
1 28
1 29
1 30
1 31
1 32
1 33
1 34
1 35
1 36
1 37
1 38
1 39
1 40
1 41
1 42
1 43
1 44
1 45
1 46
1 47
1 48
1 49
1 50
1 51
1 52
1 53
1 54
1 55
1 56
1 57
1 58
1 59
1 60
1 61
1 62
1 63
1 64
1 65
1 66
1 67
1 68
1 69
1 70
1 71
1 72
1 73
1 74
1 75
1 76
1 77
1 78
1 79
1 80
1 81
1 82
1 83
1 84
1 85
1 86
1 87
1 88
1 89
1 90
1 91
1 92
1 93
1 94
1 95
1 96
1 97
1 98
1 99
1 100
1 101
1 102
1 103
1 104
1 105
1 106
1 107
1 108
1 109
1 110
1 111
1 112
1 113
1 114
1 115
1 116
1 117
1 118
1 119
1 120
1 121
1 122
1 123
1 124
1 125
1 126
1 127
1 128
1 129
1 130
1 131
1 132
1 134
1 135
1 136
1 137
1 138
1 139
1 140
1 141
1 142
1 143
1 144
1 145
1 146
1 147
1 148
1 149
1 150
1 151
1 152
1 153
1 154
1 155
1 156
1 157
1 158
1 159
1 160
1 161
1 162
1 163
1 164
1 165
1 166
1 167
1 168
1 169
1 170
1 171
1 172
1 173
1 174
1 175
1 176
1 177
1 178
1 179
1 180
1 181
1 182
1 183
1 184
1 185
1 186
1 187
1 189
1 190
1 191
1 192
1 193
1 194
1 195
1 196
1 197
1 198
1 199
1 200
1 201
1 202
1 204
1 205
1 206
1 207
1 208
1 209
1 211
1 212
1 213
1 214
1 215
1 216
1 217
1 218
1 219
1 220
1 221
1 222
1 223
1 224
1 225
1 226
1 227
1 228
1 229
1 230
1 231
1 232
1 233
1 234
1 235
1 236
1 237
1 238
1 239
1 240
1 241
1 242
1 243
1 244
1 245
1 246
1 247
1 248
1 249
1 250
1 251
1 252
1 253
1 254
1 255
1 256
1 257
1 258
1 259
1 260
1 261
1 262
1 263
1 264
1 265
1 266
1 267
1 268
1 269
1 270
1 271
1 272
1 273
1 274
1 275
1 276
1 277
1 278
1 279
1 280
1 281
1 282
1 283
1 284
1 285
1 286
1 287
1 288
1 289
1 290
1 291
1 292
1 293
1 294
2 133
2 188
2 203
2 210
3 7
3 63
3 79
3 80
3 134
3 281
4 148
4 149
4 183
4 195
4 245
4 254
5 225
5 268
6 37
6 56
6 141
6 165
6 204
6 230
6 267
7 124
7 196
7 241
8 23
8 55
9 152
10 31
10 132
10 191
10 241
10 244
11 131
11 156
11 248
12 17
12 84
12 196
12 220
12 283
13 55
13 111
13 280
14 159
14 189
14 217
14 239
15 173
15 175
15 192
15 206
15 226
16 45
16 63
16 160
16 195
16 199
16 209
17 36
17 95
17 280
18 29
18 108
18 238
19 66
19 94
19 193
20 122
20 265
21 2
21 201
21 237
21 241
22 21
22 71
22 248
23 8
23 36
23 37
23 92
23 118
23 230
23 238
24 127
24 159
25 42
25 137
25 290
26 53
26 101
26 176
26 246
27 27
27 138
27 182
27 199
28 5
28 236
29 62
29 204
30 35
30 48
30 225
30 226
31 87
31 142
31 195
32 21
32 59
32 96
32 198
33 73
33 139
33 162
33 209
33 293
35 171
36 30
36 60
37 196
37 259
37 264
38 33
38 189
38 291
39 121
39 143
39 183
39 260
41 109
41 165
41 213
41 260
41 270
42 28
43 292
44 86
44 96
44 111
44 149
45 246
46 91
47 85
47 106
47 109
47 265
48 134
48 192
48 232
49 155
49 171
49 180
50 9
50 59
50 66
50 109
50 184
50 200
50 280
51 67
51 117
51 199
51 211
52 91
52 118
53 2
53 283
54 43
54 123
54 132
54 239
54 258
55 90
55 99
55 210
55 245
55 289
56 132
56 232
57 33
57 145
57 262
58 9
58 29
58 180
59 99
59 183
59 289
59 293
60 29
60 139
60 279
61 244
63 50
63 123
63 130
63 191
63 225
63 237
63 254
64 62
64 109
64 129
64 143
64 269
64 290
65 118
65 166
65 184
65 191
66 48
66 94
66 107
66 109
66 196
66 271
66 283
67 79
67 152
67 246
67 294
68 203
68 230
68 276
69 18
69 110
69 254
69 257
69 281
70 46
70 89
70 181
71 13
71 71
71 166
71 190
71 202
72 41
72 88
72 165
75 87
75 126
76 287
77 68
77 110
78 92
78 195
79 81
79 83
79 165
79 204
79 233
79 264
80 117
80 229
81 53
81 145
81 193
83 15
83 48
83 66
83 96
83 103
83 105
83 220
83 263
84 10
84 102
84 130
85 24
85 50
85 79
85 174
85 178
85 193
86 123
86 137
86 198
87 9
87 113
87 238
87 242
88 126
88 141
88 144
88 288
89 84
89 85
89 114
89 135
89 140
89 271
90 95
91 100
91 115
91 184
91 246
91 280
91 289
92 19
92 207
93 84
93 124
93 177
93 288
94 17
94 39
95 22
95 67
95 82
95 280
95 283
96 19
96 48
96 215
97 187
97 211
98 26
98 189
99 11
99 223
99 248
100 29
100 107
100 113
101 177
101 238
102 64
102 148
102 170
102 175
102 195
102 207
103 24
103 233
103 278
104 81
104 203
104 261
105 123
105 252
105 285
105 288
106 90
106 197
106 264
106 289
107 21
107 257
108 17
108 54
108 154
109 33
109 63
109 64
109 175
109 288
110 136
110 272
110 276
110 282
111 23
111 59
111 149
114 121
114 217
114 286
115 43
115 46
115 257
115 268
116 5
116 37
116 139
117 34
117 91
117 235
118 44
118 138
118 279
118 282
119 147
119 281
120 38
120 48
120 160
120 201
121 40
121 51
121 60
121 174
121 196
121 212
121 262
122 37
123 115
123 117
123 121
123 128
123 131
123 234
123 278
124 22
124 68
124 143
124 174
124 194
124 217
124 225
124 280
125 50
125 169
125 175
125 180
125 284
126 8
126 75
126 91
126 106
126 256
126 285
127 19
127 111
127 231
127 288
128 70
128 77
128 127
128 135
128 170
129 27
129 79
129 182
129 191
129 235
130 29
130 179
130 194
130 231
130 249
131 163
132 75
132 123
132 135
132 280
133 156
133 209
134 216
135 215
137 120
137 138
137 274
138 94
138 102
138 113
138 286
139 14
139 52
139 62
139 135
139 169
139 212
140 31
140 160
140 278
141 22
141 52
141 100
141 176
142 28
142 33
142 212
143 232
143 243
144 24
144 32
144 287
145 76
145 167
145 241
145 262
