1 1
1 2
1 3
1 4
1 5
1 6
1 7
1 8
1 9
1 10
1 11
1 12
1 13
1 14
1 15
1 16
1 17
1 18
1 20
1 21
1 22
1 23
1 24
1 25
1 26
1 27
1 28
1 29
1 30
1 31
1 32
1 33
1 34
1 35
1 36
1 37
1 38
1 39
1 40
1 41
1 42
1 43
2 19
3 39
4 24
5 5
5 7
5 22
6 16
7 27
9 5
9 18
9 27
12 9
12 20
12 22
14 15
14 39
15 40
17 9
17 40
18 3
19 10
19 12
19 28
20 3
24 26
26 29
28 32
30 1
30 9
30 40
33 2
33 34
34 5
34 17
34 37
38 1
38 20
38 40
40 31
42 43
43 1
43 42
44 36
44 39
45 30
45 37
48 4
48 6
48 27
49 34
50 2
50 3
50 4
51 25
52 28
53 8
54 22
54 38
56 34
62 32
64 20
65 18
65 21
65 32
65 40
67 37
68 3
68 16
69 9
69 26
69 35
72 7
72 40
73 24
73 42
76 1
76 17
76 41
77 10
77 24
80 10
81 4
81 20
81 22
81 30
84 9
84 13
84 22
85 12
85 18
85 36
86 19
86 30
86 35
87 8
87 10
89 20
89 34
90 13
91 43
94 29
96 13
98 19
100 10
100 16
100 38
101 15
102 9
103 7
105 2
105 15
107 9
107 16
107 20
110 16
111 22
112 31
113 23
113 28
114 2
114 5
116 42
117 1
117 8
118 15
118 30
120 12
120 41
121 39
122 3
122 41
123 32
124 15
124 16
124 37
124 42
125 41
126 31
126 35
127 38
128 4
128 6
128 19
128 28
128 37
129 14
133 17
133 35
136 19
136 21
137 10
138 8
138 29
142 31
144 18
145 10
145 12
149 32
150 4
153 17
153 31
154 23
154 30
155 32
157 24
158 36
158 41
160 25
161 6
161 12
161 32
162 4
163 25
163 40
164 38
164 43
166 38
167 23
167 43
169 12
170 9
170 14
171 10
172 36
173 42
174 10
174 12
175 30
175 38
176 18
177 11
179 14
179 32
179 36
180 20
181 41
182 30
183 17
184 14
184 16
188 8
188 28
189 42
190 3
190 13
190 16
192 21
193 28
194 41
197 16
197 24
198 2
198 34
200 4
201 37
202 24
202 39
205 8
205 19
207 6
207 12
209 1
209 30
209 33
209 36
211 35
215 19
221 12
221 13
221 18
221 23
221 37
223 1
225 1
226 26
227 8
227 14
229 21
229 22
230 24
230 25
232 2
232 24
233 29
233 39
234 30
234 32
234 43
236 18
237 3
237 4
237 5
237 24
238 32
240 40
241 7
241 36
242 14
242 25
242 38
243 22
244 32
245 10
245 20
246 13
247 37
249 9
250 1
252 16
253 17
253 26
254 6
254 33
256 5
256 14
256 27
258 14
258 21
258 30
260 17
264 13
265 19
266 3
266 29
267 8
268 1
268 10
268 16
269 15
273 38
274 27
274 36
275 1
276 5
278 34
282 42
284 23
284 35
285 12
285 40
286 37
287 3
287 18
288 1
289 6
289 28
290 22
291 11
291 15
294 28
294 34
295 25
295 43
297 37
298 2
298 17
298 43
299 30
301 38
304 7
304 13
305 29
306 20
307 30
307 40
307 42
309 31
310 19
312 29
313 6
314 21
314 37
315 13
316 17
316 20
319 23
320 28
321 2
322 25
324 11
324 29
325 31
326 2
326 20
326 21
327 33
327 38
328 18
329 37
330 25
330 28
330 35
331 15
331 43
333 6
334 14
334 42
335 40
337 17
338 21
339 29
340 13
340 22
341 18
341 41
343 22
345 35
345 38
346 15
346 21
348 32
348 43
349 33
350 40
351 27
354 23
355 15
355 18
357 41
358 10
358 20
359 28
361 9
362 18
362 31
362 39
363 12
363 35
364 17
365 16
366 18
367 43
368 10
368 26
368 33
369 14
370 2
371 3
371 11
371 12
371 30
374 3
374 42
376 36
377 3
379 8
379 33
380 21
381 10
382 43
385 36
386 7
387 29
387 35
388 18
388 41
389 7
389 14
389 25
389 29
392 34
393 23
393 37
394 15
394 29
395 32
397 38
399 21
399 35
399 43
400 10
400 16
400 32
401 24
403 33
404 4
405 42
408 7
409 2
409 5
409 20
409 26
409 33
412 41
413 9
413 33
414 34
415 16
417 41
418 31
420 10
420 27
423 2
424 6
424 10
426 43
427 1
427 23
430 8
430 38
432 3
433 41
434 27
434 38
437 4
437 18
439 28
439 29
440 37
443 1
444 4
445 35
446 18
447 33
451 27
452 20
452 37
