1 1
1 2
1 3
1 4
1 5
1 6
1 7
1 8
1 9
1 10
1 11
1 12
1 13
1 14
1 15
1 16
1 17
1 18
1 19
1 20
1 21
1 22
1 23
1 24
1 25
1 26
1 27
1 28
1 29
1 30
1 31
1 32
1 33
1 34
1 35
1 36
1 37
1 38
1 39
1 40
1 41
1 42
1 43
1 44
1 45
1 46
1 47
1 48
1 49
1 50
1 51
1 52
1 53
1 54
1 55
1 56
1 57
1 58
1 59
1 60
1 61
1 62
1 63
1 64
1 65
1 66
1 67
1 68
1 69
1 70
1 71
1 72
1 73
1 74
1 75
1 76
1 77
1 78
1 79
1 80
1 81
1 82
1 83
1 84
1 85
1 86
1 87
1 88
1 89
1 90
1 91
1 92
1 93
1 94
1 95
1 96
1 97
1 98
1 99
1 100
1 101
1 102
1 103
1 104
1 105
1 106
1 107
1 108
1 109
1 110
1 111
1 112
1 113
1 114
1 115
1 116
1 117
1 118
1 119
1 120
1 121
1 122
1 123
1 124
1 125
1 126
1 127
1 128
1 129
1 130
1 131
1 132
1 133
1 134
1 135
1 136
1 137
1 138
1 139
1 140
1 141
1 142
1 143
1 144
1 145
1 146
1 147
1 148
1 149
1 150
1 151
1 152
1 153
1 154
1 155
1 156
1 157
1 158
1 159
1 160
1 161
1 162
1 163
1 164
1 165
1 166
1 167
1 168
1 169
1 170
1 171
1 172
1 173
1 174
1 175
1 176
1 177
1 178
1 179
1 180
1 181
1 182
1 183
1 184
1 185
1 186
1 187
1 188
1 189
1 190
1 191
1 192
1 193
1 194
1 195
1 196
1 197
1 198
1 199
1 200
1 201
1 202
1 203
1 204
1 205
1 206
1 207
1 208
1 209
1 210
1 211
1 212
1 213
1 214
1 215
1 216
1 217
1 218
1 219
1 220
1 221
1 222
1 223
1 224
1 225
1 226
1 227
1 228
1 229
1 230
1 231
1 232
1 233
1 234
1 235
1 236
1 237
1 238
1 239
1 240
1 241
1 242
1 243
1 244
1 245
1 246
1 247
1 248
1 249
1 250
1 251
1 252
1 253
1 254
1 255
1 256
1 257
1 258
1 259
1 260
1 261
1 262
1 263
1 264
1 265
1 266
1 267
1 268
1 269
1 270
1 271
1 272
1 273
1 274
1 275
1 276
1 277
1 278
1 279
1 280
1 281
1 282
1 283
1 284
1 285
1 286
1 287
1 288
1 289
1 290
1 291
1 292
3 111
4 6
4 115
4 199
4 276
5 72
5 225
6 81
6 91
7 123
7 173
7 220
9 118
9 239
10 2
10 111
10 226
11 6
11 84
11 243
12 222
12 245
12 287
13 166
14 20
14 160
14 233
15 3
15 208
16 248
16 254
17 9
17 19
17 155
18 203
21 9
21 24
21 49
21 257
21 292
22 45
22 142
23 2
24 94
24 233
25 187
26 49
26 249
27 141
28 69
28 147
29 57
30 100
32 229
32 263
32 274
33 182
34 241
35 69
36 6
36 77
36 113
36 251
37 93
37 165
37 257
38 26
38 66
38 76
38 193
39 112
39 251
40 103
40 134
40 240
41 40
42 259
43 189
43 236
43 264
44 162
44 240
45 157
45 225
46 70
46 168
47 106
47 193
48 270
49 189
51 102
51 261
51 291
52 263
54 40
54 211
54 275
56 179
56 249
57 89
57 176
57 217
57 231
58 76
58 172
60 133
60 194
62 1
62 160
62 244
62 279
63 262
63 271
64 145
64 250
65 264
66 105
66 139
66 197
69 206
69 285
70 139
70 173
72 71
72 153
73 30
73 69
73 223
74 28
75 57
75 251
75 271
75 276
76 145
76 199
76 268
77 270
78 30
79 58
79 232
79 238
80 79
81 144
81 221
82 227
83 275
83 285
84 54
84 211
84 264
85 12
85 233
86 131
86 219
87 159
88 176
88 218
89 72
89 217
89 291
90 172
90 178
90 201
90 253
90 261
91 101
91 291
92 29
92 160
92 247
93 14
93 206
94 113
94 194
94 242
95 116
96 246
98 52
99 68
99 194
100 137
102 137
103 192
104 277
105 19
105 103
105 206
106 51
106 196
106 292
107 161
107 224
109 218
109 253
110 141
110 186
111 75
111 204
112 46
112 57
112 135
112 165
112 170
112 195
113 35
113 128
113 157
113 270
114 251
115 202
117 48
117 167
117 204
118 15
118 19
118 93
118 220
119 98
119 286
120 52
120 177
121 208
122 53
123 26
123 131
123 149
124 179
124 263
125 37
125 49
125 67
125 108
125 178
125 244
125 261
126 41
126 242
127 67
127 200
128 11
128 56
128 62
128 179
128 252
128 263
129 124
129 145
129 193
129 198
130 22
130 69
131 11
131 121
131 140
131 255
131 292
133 127
133 184
134 284
135 201
135 248
136 121
136 124
136 137
136 240
136 242
136 278
137 13
139 92
139 143
139 236
140 84
140 94
140 155
140 205
141 89
141 197
141 287
142 32
142 165
142 200
142 241
142 254
143 160
144 9
147 2
147 179
148 269
149 111
149 230
150 67
150 93
150 188
151 97
151 214
152 46
152 106
152 222
152 270
153 70
153 78
153 98
153 167
154 74
154 287
155 5
156 31
156 207
157 132
157 225
158 145
158 215
159 103
160 183
161 223
162 140
162 156
162 184
164 56
164 107
165 128
166 7
167 136
167 218
167 222
168 6
168 124
170 105
170 157
170 281
172 61
172 202
173 33
173 143
173 243
173 272
174 103
174 150
174 220
174 277
176 13
176 106
176 117
176 166
177 287
179 58
179 276
181 76
181 135
181 177
182 134
182 137
182 146
182 179
183 43
184 8
184 18
184 106
184 277
185 212
186 55
187 80
188 173
188 247
189 151
189 226
189 279
190 249
191 50
191 182
191 270
192 73
192 104
192 273
193 234
194 3
194 69
194 193
196 15
196 177
197 216
198 220
198 257
200 172
201 82
201 196
202 1
202 52
203 158
203 261
204 99
204 170
204 232
207 18
207 234
208 29
208 193
210 242
210 292
212 70
212 126
212 266
213 19
213 78
214 98
214 126
214 139
214 170
215 16
215 51
215 78
216 41
216 82
216 264
217 77
217 122
217 125
218 23
218 43
219 259
220 120
220 228
221 280
222 42
222 165
222 189
222 200
222 217
222 241
223 7
224 112
224 128
224 145
224 201
225 67
225 103
227 55
227 207
229 234
229 245
230 142
232 143
232 282
233 161
233 200
234 15
234 112
235 128
236 34
236 250
236 267
236 274
236 279
237 40
237 254
238 104
238 276
239 12
239 192
240 168
241 79
241 154
241 176
242 128
242 216
242 266
243 69
243 243
244 185
245 263
246 151
247 126
247 141
247 243
248 40
248 81
249 23
249 249
252 26
252 94
253 124
253 151
253 196
254 152
254 234
254 278
255 169
255 245
257 7
257 77
257 121
258 159
259 62
