1 1
1 3
1 4
1 6
1 7
1 9
1 11
1 12
1 14
1 15
1 16
1 17
1 18
1 19
1 20
1 21
1 22
1 23
1 24
1 25
1 26
1 27
1 28
1 29
1 31
1 32
1 33
1 34
1 35
1 36
1 37
1 38
1 39
1 40
2 2
2 5
2 8
2 10
2 13
2 41
3 1
3 14
3 19
3 22
3 27
3 30
4 6
4 32
4 37
4 39
4 40
5 7
5 20
5 22
5 25
5 26
5 34
6 4
6 11
6 14
6 21
6 24
6 29
6 30
6 36
7 8
7 18
7 25
7 27
7 37
7 40
8 1
8 22
8 23
8 29
9 3
9 21
9 25
9 32
9 36
9 41
10 10
10 26
10 33
10 34
11 20
11 24
11 25
11 30
11 31
11 38
11 39
12 8
12 12
12 21
12 27
12 34
12 40
13 2
13 4
13 6
13 11
13 19
13 24
13 29
13 41
14 3
14 14
14 15
14 16
14 38
14 40
15 4
15 8
15 9
15 25
15 33
15 39
16 6
16 10
16 18
16 34
16 36
17 8
17 11
17 12
17 16
17 24
17 26
17 27
17 30
17 37
18 3
18 15
18 19
18 41
19 1
19 6
19 13
19 23
19 25
20 9
20 19
20 20
20 21
20 24
20 29
20 35
20 38
20 40
20 41
21 4
21 5
21 15
21 26
21 27
22 10
22 25
22 40
23 1
23 5
23 8
23 14
23 16
23 29
23 30
23 35
23 36
24 6
24 11
24 22
24 26
24 33
25 3
25 4
25 5
25 7
25 15
25 20
25 27
25 32
25 37
25 39
26 1
26 17
26 22
26 33
26 38
27 2
27 4
27 6
27 9
27 16
27 21
27 28
27 32
27 37
27 41
28 8
28 11
28 20
28 31
28 33
28 35
28 39
29 7
29 15
29 23
29 36
29 38
29 41
30 17
30 25
30 26
30 31
30 35
31 1
31 3
31 9
32 16
32 21
32 23
32 32
32 39
33 1
33 6
33 8
33 27
33 29
33 35
34 5
34 12
34 15
34 26
34 28
35 3
35 4
35 7
35 21
35 30
35 32
36 2
36 18
36 22
36 29
36 41
37 12
37 19
37 24
37 26
38 14
38 27
38 28
38 29
38 30
38 33
39 2
39 22
39 31
39 37
40 1
40 4
40 5
40 7
40 9
40 19
40 23
40 29
40 30
41 20
41 21
41 24
42 34
42 35
42 36
42 39
42 41
43 4
43 17
43 19
43 23
43 25
43 30
43 40
44 1
44 5
44 7
44 9
44 10
44 26
44 27
44 31
44 33
44 37
45 6
45 11
45 15
45 39
46 2
46 3
46 4
46 14
46 23
46 25
46 36
47 7
47 19
47 30
47 33
47 41
48 5
48 9
48 17
48 23
48 32
49 12
49 13
50 3
50 6
50 21
50 24
50 26
50 33
50 34
51 2
51 22
51 29
52 4
52 5
52 6
52 9
52 10
52 17
52 19
52 40
53 13
53 18
53 28
53 33
53 35
53 36
54 2
54 10
54 20
54 34
54 38
55 3
55 15
55 16
55 18
55 27
55 37
56 5
56 32
56 34
57 3
57 14
57 15
57 33
58 8
58 18
58 23
58 32
59 12
59 25
60 2
60 4
60 13
60 15
60 16
60 30
60 33
61 12
61 23
61 27
61 28
61 34
61 35
61 37
61 41
62 15
62 22
62 36
63 5
63 16
63 26
63 38
63 41
64 1
64 23
64 29
64 37
65 2
65 8
65 11
65 16
65 24
65 27
65 40
65 41
66 3
66 5
66 9
66 15
66 21
66 26
66 32
