1 1
1 2
1 3
1 4
1 5
1 6
1 7
1 8
1 9
1 10
1 11
1 12
1 13
1 14
1 15
1 16
1 17
1 18
1 19
1 20
1 21
1 22
1 23
1 24
1 25
1 26
1 27
1 28
1 29
1 30
1 31
1 32
1 33
1 34
1 35
1 36
1 37
1 38
1 39
1 40
1 41
1 42
1 43
1 44
1 45
1 46
1 47
1 48
1 49
1 50
1 51
1 52
1 53
1 54
1 55
1 56
1 57
1 58
1 59
1 60
1 61
1 62
1 63
1 64
1 65
1 66
1 67
1 68
1 69
1 70
1 71
1 72
1 73
1 74
1 75
1 76
1 77
1 78
1 79
1 80
1 81
1 82
1 83
1 84
1 85
1 86
1 87
1 88
1 89
1 90
1 91
1 92
1 93
1 94
1 95
1 96
1 97
1 98
1 99
1 100
1 101
1 102
1 103
1 104
1 105
1 106
1 107
1 108
1 109
1 110
1 111
1 112
1 113
1 114
1 115
1 116
1 117
1 118
1 119
1 120
1 121
1 122
1 123
1 124
1 125
1 126
1 127
1 128
1 129
1 130
1 131
1 132
1 133
1 134
1 135
1 136
1 137
1 138
1 139
1 140
1 141
1 142
1 143
1 144
1 145
1 146
1 147
1 148
1 149
1 150
1 151
1 152
1 153
1 154
1 155
1 157
1 158
1 159
1 160
1 161
1 162
1 163
1 164
1 165
1 166
1 167
1 168
1 169
1 170
1 171
1 172
1 173
1 174
1 175
1 176
1 177
1 178
1 179
1 180
1 181
1 182
1 183
1 184
1 185
1 187
1 188
1 189
1 190
1 191
1 192
1 193
1 194
1 195
1 196
1 197
1 198
1 199
1 200
1 201
1 202
1 203
1 204
1 205
1 206
1 207
1 208
1 209
1 210
1 211
1 212
1 213
1 214
1 215
1 216
1 217
1 218
1 219
1 220
1 221
1 222
1 223
1 224
1 225
1 226
1 227
1 228
1 229
1 230
1 231
1 232
1 233
1 234
1 235
1 236
1 237
1 238
1 239
1 240
1 241
1 242
1 243
1 244
1 245
1 246
1 247
1 248
1 249
1 250
1 251
1 252
1 253
1 254
1 255
1 256
1 257
1 258
1 259
1 260
1 261
1 262
1 263
1 264
1 265
1 266
1 267
1 268
1 269
1 270
1 271
1 272
1 273
1 274
1 275
1 276
1 277
1 278
1 279
1 280
1 281
1 282
1 283
1 284
1 285
1 286
1 287
1 288
1 289
1 290
2 156
2 186
5 134
6 101
7 97
7 143
8 92
8 212
10 224
11 277
13 68
13 285
14 235
16 226
18 50
18 230
21 80
23 51
23 190
25 69
25 225
27 48
27 142
30 10
30 83
30 206
31 54
32 51
32 60
32 240
32 247
33 55
33 194
34 133
34 258
35 75
37 268
38 45
38 208
38 290
39 26
39 90
40 76
40 95
40 241
40 283
41 25
41 68
41 263
42 245
43 36
43 104
43 158
45 87
45 160
45 178
46 219
46 278
48 112
48 146
48 248
48 260
48 268
50 262
51 289
52 121
52 237
53 167
54 2
54 18
54 174
54 288
55 71
56 26
57 25
58 170
59 18
59 103
60 169
60 224
62 42
62 262
62 280
65 32
65 72
65 149
66 161
67 62
67 138
68 116
68 149
69 143
69 243
71 19
71 199
71 289
72 145
73 112
74 37
75 17
75 50
75 226
76 138
76 245
77 74
77 171
78 180
79 16
79 126
79 144
80 83
80 261
81 43
81 155
81 269
82 163
82 169
83 135
85 56
85 190
85 194
85 249
86 48
86 198
88 2
88 80
89 62
89 120
89 198
90 159
92 108
92 164
93 119
93 121
95 104
97 21
97 289
98 50
98 79
99 273
100 135
101 4
102 10
103 245
104 12
104 234
106 118
109 103
110 7
110 30
112 233
112 271
114 56
114 229
117 36
118 51
119 250
120 201
121 264
121 289
123 119
123 141
124 265
125 10
125 90
125 102
125 240
125 276
126 53
127 282
129 240
130 127
130 246
131 289
132 111
134 263
135 2
135 248
136 63
137 173
137 177
138 153
139 34
140 256
141 101
141 253
141 269
142 103
142 105
143 198
144 9
144 168
145 72
145 160
146 258
147 260
151 15
152 193
153 111
153 212
154 43
154 215
155 238
156 15
156 28
156 207
157 74
159 33
159 73
159 96
159 112
159 226
160 4
160 51
160 67
161 102
161 152
163 174
164 37
164 50
164 260
165 60
167 14
167 132
169 60
170 52
173 166
173 219
174 16
175 169
175 205
176 256
177 35
177 116
177 228
179 179
180 143
180 236
181 119
183 63
183 139
184 196
184 199
185 201
186 70
187 173
187 188
188 52
188 88
188 196
188 224
189 233
190 60
190 172
190 207
191 105
192 94
192 192
192 235
194 20
194 107
195 8
195 125
195 199
195 288
198 232
201 80
202 176
202 277
203 190
204 24
204 35
206 6
206 158
207 211
210 194
211 127
211 145
212 269
213 133
214 19
214 138
215 191
217 40
217 226
217 253
218 3
218 135
218 269
220 138
221 12
221 35
221 181
221 191
223 20
223 51
223 94
224 35
224 202
225 136
225 283
228 275
230 185
231 17
231 61
232 161
233 149
234 199
237 283
238 59
239 37
239 175
240 61
241 131
243 137
245 7
245 8
245 25
245 168
248 110
248 209
249 214
250 127
250 150
251 6
251 184
252 77
252 237
253 138
254 127
254 186
254 232
256 56
257 6
257 66
257 252
259 129
259 168
260 284
261 4
262 12
262 56
263 86
263 215
263 228
263 231
264 75
265 66
266 72
267 288
268 75
268 181
269 120
270 164
270 290
271 98
272 15
272 245
273 106
274 187
276 171
276 249
278 213
279 235
279 240
279 244
279 263
280 86
280 185
280 232
283 206
284 144
284 244
287 271
288 54
289 288
291 89
292 60
292 229
292 244
294 22
295 186
295 258
296 19
297 137
298 199
301 75
303 58
304 55
304 275
305 285
306 126
306 183
306 199
307 156
307 209
307 280
308 199
309 73
309 275
309 280
311 11
311 119
314 105
314 110
315 40
316 204
317 118
317 148
318 97
318 228
321 4
321 116
322 210
323 56
323 76
323 270
324 105
325 22
326 234
327 21
327 100
327 242
327 288
328 143
329 24
329 51
329 78
329 194
330 8
330 162
331 107
331 226
332 23
332 50
332 290
334 34
334 150
334 209
338 10
339 136
339 178
339 200
339 260
340 25
340 264
341 23
342 134
342 174
343 172
346 46
346 72
346 76
347 17
347 134
348 2
348 13
348 33
348 193
349 79
350 66
350 78
350 133
350 154
351 204
351 275
353 114
353 249
354 107
354 144
355 92
355 128
355 161
358 100
359 241
360 32
360 79
361 163
362 37
363 4
363 208
364 126
365 112
365 117
365 247
366 52
366 131
366 215
366 224
369 281
371 152
371 251
372 97
373 104
