1 1
1 2
1 3
1 4
1 5
1 6
1 7
1 8
1 9
1 10
1 11
1 12
1 13
1 14
1 15
1 16
1 17
1 18
1 19
1 20
1 21
1 22
1 23
1 24
1 25
1 26
1 27
1 28
1 29
1 30
1 31
1 32
1 35
1 37
1 38
1 39
2 33
2 34
2 36
3 38
4 31
5 3
5 4
7 16
7 24
7 26
7 31
7 32
8 7
9 25
9 27
10 7
10 24
10 28
10 34
11 39
12 37
13 7
13 31
13 33
14 2
14 13
14 37
15 8
15 10
15 26
15 38
16 1
16 11
16 17
17 9
17 21
17 22
18 1
18 6
18 7
18 18
18 23
19 9
19 16
19 32
19 33
20 35
21 7
21 16
22 1
22 4
22 5
22 14
22 29
23 19
23 23
23 28
24 4
24 5
24 14
24 18
24 26
25 11
25 13
25 17
26 7
26 8
26 32
26 33
27 4
27 23
27 24
27 37
28 7
29 9
29 24
29 29
29 30
30 26
30 34
31 8
31 23
31 28
31 31
31 33
32 1
32 30
33 9
33 16
34 21
36 15
36 33
37 26
37 27
37 30
38 1
38 20
39 11
39 27
39 37
40 36
41 22
41 26
41 30
42 5
42 7
42 23
43 32
44 9
44 15
45 25
45 28
45 31
45 36
45 38
46 5
46 15
46 24
48 18
49 17
49 19
49 35
49 37
50 10
51 1
52 6
52 29
53 10
54 6
54 12
54 24
55 25
55 39
56 4
56 8
56 20
56 21
57 17
57 27
57 30
58 9
58 31
58 38
59 2
59 21
59 30
60 14
60 17
61 24
62 6
63 8
63 17
63 22
63 36
64 9
64 31
65 6
65 26
65 38
66 11
66 18
66 33
67 26
67 34
67 37
67 38
68 4
68 17
68 24
68 32
68 33
69 18
69 25
69 37
70 8
70 12
70 29
70 35
70 36
71 9
71 26
72 8
72 29
73 15
73 23
74 9
75 24
75 30
75 31
76 4
76 15
76 29
77 6
77 10
77 19
78 12
78 14
78 15
79 18
79 35
81 5
81 9
81 21
81 27
82 8
82 30
82 36
83 31
83 39
84 5
84 7
84 13
84 14
84 23
84 24
84 34
85 9
85 12
85 19
85 29
86 6
87 5
88 6
88 7
88 15
88 22
88 24
89 11
89 29
89 38
90 7
90 23
90 37
90 39
91 8
91 9
91 22
91 30
92 11
92 17
93 37
94 18
95 28
96 19
96 32
96 33
97 1
97 14
97 24
97 34
98 27
98 31
99 2
99 11
99 39
100 18
100 20
101 35
102 27
103 2
103 5
103 7
104 9
104 18
104 20
104 23
104 25
105 5
105 11
106 12
106 22
106 24
106 28
106 37
107 4
107 11
107 38
108 9
108 12
108 23
108 35
111 22
111 31
112 7
112 11
112 35
113 2
113 3
113 23
114 16
114 31
114 33
115 8
116 14
116 21
116 24
116 37
116 38
117 17
117 23
118 5
119 4
119 32
120 11
120 24
121 3
121 39
122 30
123 2
124 3
125 7
125 21
125 23
126 3
126 25
126 29
126 35
127 19
127 23
128 29
129 26
130 16
130 22
130 25
130 32
130 37
131 2
131 9
131 12
131 13
131 24
131 39
132 28
133 6
133 7
133 21
134 5
134 31
134 32
135 11
135 17
135 19
136 9
136 23
136 35
137 3
138 7
138 25
139 2
139 10
140 39
141 30
141 36
142 1
142 18
142 21
142 25
145 20
146 1
147 3
147 22
147 32
148 24
148 39
149 33
149 35
150 18
150 39
151 12
151 29
152 10
152 21
152 23
152 35
153 7
153 30
154 16
155 6
155 36
156 3
156 12
156 19
156 20
156 21
156 25
156 26
157 9
157 24
157 28
157 29
157 31
157 35
158 20
159 2
159 14
159 27
159 32
159 33
159 37
160 13
160 25
161 17
161 18
161 21
161 26
161 29
162 22
162 38
163 27
163 32
164 22
164 29
165 37
166 1
166 17
166 36
168 1
168 9
169 8
169 33
169 37
170 4
170 35
171 12
171 14
171 18
171 23
171 39
172 29
173 6
173 14
173 18
174 9
174 13
174 19
174 29
175 21
175 22
176 13
176 20
177 3
177 11
178 8
179 29
179 37
180 13
