1 1
1 2
1 3
1 4
1 5
1 6
1 7
1 8
1 9
1 10
1 11
1 12
1 13
1 14
1 15
1 16
1 17
1 18
1 19
1 20
1 21
1 22
1 23
1 24
1 25
1 26
1 27
1 28
1 29
1 30
1 31
1 32
1 33
1 34
1 35
1 36
1 37
1 38
1 39
1 40
1 41
1 42
1 43
1 44
1 45
1 46
1 47
1 48
1 49
1 50
1 51
1 52
1 53
1 54
1 55
1 56
1 57
1 58
1 59
1 60
1 61
1 62
1 63
1 64
1 65
1 66
1 67
1 68
1 69
1 70
1 71
1 72
1 73
1 74
1 75
1 76
1 77
1 78
1 79
1 80
1 81
1 82
1 83
1 84
1 85
1 86
1 87
1 88
1 89
1 90
1 91
1 92
1 93
1 94
1 95
1 96
1 97
1 98
1 99
1 100
1 101
1 102
1 103
1 104
1 105
1 106
1 107
1 108
1 109
1 110
1 111
1 112
1 113
1 114
1 115
1 116
1 117
1 118
1 119
1 120
1 121
1 122
1 123
1 124
1 125
1 126
1 127
1 128
1 129
1 130
1 131
1 132
1 133
1 134
1 135
1 136
1 137
1 138
1 139
1 140
1 141
1 142
1 143
1 144
1 145
1 146
1 147
1 148
1 149
1 150
1 151
1 152
1 153
1 154
1 155
1 156
1 157
1 158
1 159
1 160
1 161
1 162
1 163
1 164
1 165
1 166
1 167
1 168
1 169
1 170
1 171
1 172
1 173
1 174
1 175
1 176
1 177
1 178
1 179
1 180
1 181
1 182
1 183
1 184
1 185
1 186
1 187
1 188
1 189
1 190
1 191
1 192
1 193
1 194
1 195
1 196
1 197
1 198
1 199
1 200
1 201
1 202
1 203
1 204
1 205
1 206
1 207
1 208
1 209
1 210
1 211
1 212
1 213
1 214
1 215
1 216
1 217
1 218
1 219
1 220
1 221
1 222
1 223
1 224
1 225
1 226
1 227
1 228
1 229
1 230
1 231
1 232
1 233
1 234
1 235
1 236
1 237
1 238
1 239
1 240
1 241
1 242
1 243
1 244
1 245
1 246
1 247
1 248
1 249
1 250
1 251
1 252
1 253
1 254
1 255
1 256
1 257
1 258
1 259
1 260
1 261
1 262
1 263
1 264
1 265
1 266
1 267
1 268
1 269
1 270
1 271
1 272
1 273
1 274
1 275
1 276
1 277
1 278
1 279
1 280
1 281
1 282
1 283
1 284
1 285
1 286
1 287
1 288
1 289
1 290
1 291
1 292
1 293
1 294
1 295
1 296
1 297
1 298
1 299
1 300
1 301
1 302
1 303
1 304
1 305
1 306
1 307
1 308
1 309
1 310
1 311
1 312
1 313
1 314
1 315
1 316
1 317
1 318
1 319
1 320
1 321
1 322
1 323
1 324
1 325
1 326
1 327
1 328
1 329
1 330
1 331
1 332
1 333
1 334
1 335
1 336
1 337
1 338
1 339
1 340
1 341
1 342
1 343
1 344
1 345
1 346
1 347
1 348
1 349
1 350
1 351
1 352
1 353
1 354
1 355
1 356
1 357
1 358
1 359
1 360
1 361
1 362
1 363
1 364
1 365
1 366
1 367
1 368
1 369
1 370
1 371
1 372
1 373
1 374
1 375
1 376
1 377
1 378
1 379
1 380
1 381
1 382
1 383
1 384
1 385
1 386
1 387
1 388
1 389
1 390
1 391
1 392
1 393
1 394
1 395
1 396
1 397
1 398
1 399
1 400
1 401
1 402
1 403
1 404
1 405
1 406
1 407
1 408
1 409
1 410
1 411
1 412
1 413
1 414
1 415
1 416
1 417
1 418
1 419
1 420
1 421
1 422
1 423
1 424
1 425
1 426
1 427
1 428
1 429
1 430
1 431
1 432
1 433
1 434
1 435
1 436
1 437
1 438
1 439
1 440
1 441
1 442
1 443
1 444
1 445
1 446
1 447
1 448
1 449
1 450
1 451
1 452
1 453
1 454
1 455
1 456
1 457
1 458
1 459
1 460
1 461
1 462
1 463
1 464
1 465
1 466
1 467
1 468
1 469
1 470
1 471
1 472
1 473
1 474
1 475
1 476
1 477
1 478
1 479
1 480
1 481
1 482
1 483
1 484
1 485
1 486
1 487
1 488
1 489
1 490
1 491
1 492
1 493
1 494
1 495
1 496
1 497
1 498
1 499
1 500
3 105
4 413
5 47
7 291
9 392
10 420
14 66
16 418
17 4
17 11
17 138
18 498
20 29
20 57
20 73
20 181
22 1
22 260
23 351
23 414
24 220
24 354
28 235
29 123
31 19
31 466
32 392
35 131
36 83
40 496
41 251
45 462
46 117
47 151
48 248
48 475
49 301
51 378
52 150
52 381
52 417
54 187
56 115
56 178
56 196
58 255
58 470
59 249
59 478
62 11
62 52
62 466
63 322
65 328
66 141
66 249
67 162
71 324
71 417
71 418
74 83
74 155
75 88
77 53
78 221
78 353
80 299
82 219
84 335
84 377
85 67
85 357
86 322
87 481
88 498
89 229
90 73
90 99
90 166
90 226
90 262
90 414
94 330
95 145
97 152
99 68
99 417
103 287
105 398
106 218
106 236
106 356
107 91
108 449
110 253
110 443
111 13
111 112
112 176
112 486
114 396
116 111
116 122
118 314
119 193
120 251
121 334
122 180
123 37
123 198
123 466
124 426
128 176
128 241
129 475
131 438
133 60
134 74
134 138
134 377
135 395
137 58
137 483
140 87
140 210
140 476
141 48
141 313
141 402
142 5
142 197
143 28
143 411
144 20
144 265
146 297
147 21
147 191
147 422
147 437
148 305
149 222
149 481
150 31
150 431
151 18
153 433
154 101
154 495
155 71
155 157
155 260
155 482
155 485
156 163
157 178
158 4
159 272
163 147
163 419
164 350
166 437
167 22
167 221
167 362
173 460
174 178
175 149
176 91
177 340
177 458
178 190
178 281
179 254
179 497
180 99
180 114
180 321
180 436
182 480
183 68
183 262
183 287
184 130
185 301
185 403
187 2
187 165
188 23
191 465
192 33
193 257
195 468
196 224
198 420
199 190
199 411
200 237
200 488
200 491
201 113
201 166
201 355
202 287
203 428
203 486
204 380
205 178
207 64
207 90
207 128
207 313
209 231
209 240
209 389
210 462
211 297
211 442
212 19
213 38
214 308
216 74
217 139
225 321
226 17
226 103
226 281
227 229
228 285
228 373
229 320
230 162
231 483
232 196
233 38
236 31
238 424
239 229
239 373
239 476
240 299
243 162
243 259
245 57
246 209
246 404
247 106
247 324
249 74
250 52
250 220
252 413
252 469
253 412
254 88
255 95
255 430
258 44
259 32
259 64
259 344
259 373
261 409
262 165
264 383
267 102
268 492
269 122
272 318
274 101
274 242
276 200
278 110
279 143
280 228
280 467
281 491
282 29
282 120
284 171
284 227
284 458
286 32
287 365
288 220
292 459
295 386
296 284
296 300
297 404
299 357
300 359
301 386
306 157
307 150
308 104
308 108
308 168
308 488
309 385
311 423
313 194
313 306
316 197
316 327
318 95
318 438
320 19
320 110
324 254
324 341
325 482
326 353
327 84
327 113
328 258
329 156
333 88
333 163
333 343
334 296
334 357
336 66
337 402
338 275
339 122
340 237
341 56
343 191
343 411
344 440
345 262
346 500
348 15
349 197
351 99
352 8
352 172
353 308
355 428
355 490
356 88
356 482
357 70
357 98
358 486
359 278
359 444
361 260
361 329
362 39
363 92
363 336
364 410
367 340
370 11
371 364
371 432
371 474
372 284
373 367
374 126
374 183
375 116
375 248
375 274
377 292
379 37
379 176
379 474
380 400
381 59
381 189
381 359
382 258
383 350
385 83
385 92
386 12
386 97
388 233
390 81
393 250
393 343
396 4
397 50
397 131
397 186
397 200
398 383
401 333
401 479
403 2
404 295
404 430
405 373
406 207
407 171
407 213
409 14
410 39
411 103
411 265
413 36
413 199
414 382
416 311
417 13
418 168
419 256
419 371
420 143
421 179
422 32
423 137
423 170
424 139
425 212
425 448
426 256
427 213
428 472
429 484
430 353
431 34
432 9
435 12
435 179
436 391
437 107
437 233
438 164
439 117
439 206
440 371
441 16
442 40
442 484
443 339
446 22
446 459
449 383
450 282
451 65
451 495
453 230
453 387
454 238
455 495
456 301
457 230
457 497
459 44
459 416
460 224
462 323
464 141
465 357
465 494
466 304
470 46
470 270
471 483
472 469
473 156
474 79
474 465
476 434
480 377
480 456
480 471
481 57
481 438
482 157
482 493
484 362
485 133
485 355
486 244
486 316
486 465
486 467
487 6
489 75
489 489
490 275
490 487
491 21
492 134
492 259
492 279
493 23
493 425
494 346
496 30
497 90
498 337
499 371
500 347
