1 1
1 2
1 3
1 4
1 5
1 6
1 7
1 8
1 9
1 10
1 11
1 12
1 13
1 14
1 15
1 16
1 17
1 18
1 19
1 20
1 21
1 22
1 23
1 24
1 25
1 26
1 27
1 28
1 29
1 30
1 31
1 32
1 33
1 34
1 35
1 36
1 37
1 38
1 39
1 40
1 41
1 42
1 43
1 44
1 45
1 46
1 47
1 48
1 49
1 50
1 51
1 52
1 53
1 54
1 55
1 56
1 57
1 58
1 59
1 60
1 61
1 62
1 63
1 64
1 65
1 66
1 67
1 68
1 69
1 70
1 71
1 72
1 73
1 74
1 75
1 76
1 77
1 78
1 79
1 80
1 81
1 82
1 83
1 84
1 85
1 86
1 87
1 88
1 89
1 90
1 91
1 92
1 93
1 94
1 95
1 96
1 97
1 98
1 99
1 100
1 101
1 102
1 103
1 104
1 105
1 106
1 107
1 108
1 109
1 110
1 111
1 112
1 113
1 114
1 115
1 116
1 117
1 118
1 119
1 120
1 121
1 122
1 123
1 124
1 125
1 126
1 127
1 128
1 129
1 130
1 131
1 132
1 133
1 134
1 135
1 136
1 137
1 138
1 139
1 140
1 141
1 142
1 143
1 144
1 145
1 146
1 147
1 148
1 149
1 150
1 151
1 152
1 153
1 154
1 155
1 156
1 157
1 158
1 159
1 160
1 161
1 162
1 163
1 164
1 165
1 166
1 167
1 168
1 169
1 170
1 171
1 172
1 173
1 174
1 175
1 176
1 177
1 178
1 179
1 180
1 181
1 182
1 183
1 184
1 185
1 186
1 187
1 188
1 189
1 190
1 191
1 192
1 193
1 194
1 195
1 196
1 197
1 198
1 199
1 200
1 201
1 202
1 203
1 204
1 205
1 206
1 207
1 208
1 209
1 210
1 211
1 212
1 213
1 214
1 215
1 216
1 217
1 218
1 219
1 220
1 221
1 222
1 223
1 224
1 225
1 226
1 227
1 228
1 229
1 230
1 231
1 232
1 233
1 234
1 235
1 236
1 237
1 238
1 239
1 240
1 241
1 242
1 243
1 244
1 245
1 246
1 247
1 248
1 249
1 250
1 251
1 252
1 253
1 254
1 255
1 256
1 257
1 258
1 259
1 261
1 262
1 263
1 264
1 265
1 266
1 267
1 268
1 269
1 270
1 271
1 272
1 273
1 274
1 275
1 276
1 277
1 278
1 279
1 280
1 281
1 282
1 283
1 284
1 285
1 286
1 287
1 288
1 289
1 290
1 291
1 292
1 293
1 294
1 295
1 296
1 297
1 298
1 299
1 300
1 301
1 302
1 303
1 304
1 305
1 306
1 307
1 308
1 309
1 310
1 311
1 312
1 313
1 314
1 315
1 316
1 317
1 318
1 319
1 320
1 321
1 322
1 323
1 324
1 325
1 326
1 327
1 328
1 329
1 330
1 331
1 332
1 333
1 334
1 335
1 336
1 337
1 338
1 339
1 340
1 341
1 342
1 343
1 344
1 345
1 346
1 347
1 348
1 349
1 350
1 351
1 352
1 353
1 354
1 355
1 356
1 357
1 358
1 359
1 360
1 361
1 362
1 363
1 364
1 365
1 366
1 367
1 368
1 369
1 370
1 371
1 372
1 373
1 374
1 375
1 376
1 377
1 378
1 379
1 380
1 381
1 382
1 383
1 384
1 385
1 386
1 387
1 388
1 389
1 390
1 391
1 392
1 393
1 394
1 395
1 396
1 397
1 398
1 399
1 400
1 401
1 402
1 404
1 405
1 406
1 407
1 408
1 409
1 410
1 411
1 412
1 413
1 414
1 415
1 416
1 417
1 418
1 419
1 420
1 421
1 422
1 423
1 424
1 425
1 426
1 427
1 428
1 429
1 430
1 431
1 432
1 433
1 434
1 435
1 436
1 437
1 438
1 439
1 440
1 441
1 442
1 443
1 444
1 445
1 446
1 447
1 448
1 449
1 450
1 451
1 452
1 453
1 454
1 455
1 456
1 457
1 458
1 459
1 460
1 461
1 462
1 463
1 464
1 465
1 466
1 467
1 468
1 469
1 470
1 471
1 472
1 473
1 474
1 475
1 476
1 477
1 478
1 479
1 480
1 481
1 482
1 483
1 484
1 485
1 486
1 487
1 488
1 489
1 490
1 491
1 492
1 493
1 494
1 495
1 496
1 498
1 499
1 500
2 260
2 403
2 497
3 330
5 440
6 272
7 8
7 46
7 204
11 80
11 134
11 177
11 335
12 478
13 492
15 25
16 115
18 99
19 66
19 127
19 363
19 432
22 495
23 139
25 74
25 375
27 278
27 282
28 100
28 471
29 277
31 474
32 161
32 236
32 284
32 375
33 198
33 269
34 121
34 163
34 247
34 359
36 48
37 221
37 276
38 357
39 15
39 290
39 489
40 278
41 497
43 301
43 438
44 161
44 373
45 109
46 276
46 380
47 254
49 112
49 493
50 470
51 390
52 200
52 294
54 268
54 370
55 287
56 123
56 131
57 403
58 488
59 296
61 223
62 236
62 344
64 296
65 44
65 270
67 23
68 113
68 219
68 428
69 480
71 382
72 183
73 364
74 23
74 98
74 407
76 124
77 470
79 187
79 354
79 482
82 77
84 267
85 202
85 473
86 219
86 451
87 462
87 479
88 348
89 372
90 280
90 483
91 80
94 333
95 378
96 171
96 336
97 448
99 155
102 26
102 338
105 221
106 33
106 257
106 474
107 112
107 133
109 344
109 361
110 342
110 486
111 488
112 239
113 485
114 218
115 49
115 349
115 440
116 197
116 362
116 427
117 49
118 303
118 341
120 145
122 170
125 27
126 144
126 300
128 102
129 198
130 66
130 187
130 351
130 371
131 184
132 479
133 131
137 89
138 59
141 109
141 255
142 194
143 117
143 425
144 168
150 320
151 251
151 301
154 322
155 142
155 395
157 9
157 58
160 408
161 54
161 391
161 425
162 161
162 218
163 386
163 453
165 227
167 465
168 456
171 434
174 3
174 216
181 490
182 221
183 106
184 499
185 284
186 372
188 33
189 51
189 283
189 334
191 35
192 391
197 74
197 143
199 68
200 170
202 421
204 209
205 249
207 19
207 313
207 462
208 224
209 130
210 36
211 98
211 294
212 53
218 28
219 229
219 447
221 62
221 136
222 65
222 165
222 242
225 340
225 442
229 87
229 125
230 60
231 80
232 124
234 108
234 194
235 327
236 153
238 3
238 385
240 138
241 250
241 256
243 60
243 78
243 80
243 137
244 94
244 142
245 476
246 258
246 343
246 440
247 497
249 387
250 454
250 488
251 132
251 309
251 412
254 262
256 111
256 462
257 25
257 496
261 37
264 97
264 126
266 149
267 400
269 172
273 231
274 37
274 197
274 398
275 432
280 139
280 252
280 256
282 443
283 1
283 355
284 30
285 282
285 370
287 277
288 39
290 477
294 424
296 351
296 405
297 106
297 251
299 236
299 445
300 270
303 63
303 414
304 204
304 254
305 28
305 300
306 40
306 405
306 452
308 460
309 214
309 453
310 419
311 427
313 217
318 87
319 258
319 360
320 109
320 160
322 376
323 125
325 90
325 363
325 395
326 276
326 280
326 348
328 195
329 458
330 320
331 15
331 22
331 182
333 425
335 386
336 381
336 435
336 486
337 231
337 361
340 223
341 267
341 450
343 19
343 344
345 283
345 427
347 218
348 205
348 364
349 92
349 373
350 293
350 429
350 478
351 170
351 207
351 221
352 24
353 349
354 136
355 269
355 411
357 291
357 330
359 155
360 32
360 301
360 351
364 36
366 247
366 498
367 179
367 391
369 109
370 72
373 311
373 429
374 394
375 338
377 278
378 28
378 240
379 260
380 32
380 117
382 118
383 496
384 8
384 340
386 396
387 256
388 296
389 126
390 354
391 21
392 30
395 468
396 205
400 290
402 228
402 453
404 20
404 90
404 178
405 78
405 284
408 151
408 306
408 420
409 189
410 46
411 231
412 123
412 438
412 441
414 172
414 262
414 405
414 493
415 479
416 379
417 213
418 124
418 220
418 270
419 143
420 440
423 232
423 357
423 429
424 264
426 165
426 203
427 125
428 169
429 500
430 491
431 100
434 353
435 156
436 82
437 135
440 208
443 265
445 248
446 265
447 88
448 140
449 202
449 359
450 435
452 34
452 178
453 462
454 365
456 55
456 153
456 484
457 470
458 99
459 350
460 447
461 86
461 140
461 405
463 150
463 426
465 291
466 330
469 273
472 144
472 379
474 85
474 433
475 242
476 59
476 185
476 314
477 141
477 167
477 477
478 308
479 121
479 135
479 474
481 9
482 44
483 369
484 22
484 100
486 160
486 195
487 257
488 434
488 455
491 285
492 166
492 398
492 468
493 205
493 264
497 70
497 117
498 268
499 356
500 82
500 132
500 422
