1 1
1 2
1 3
1 4
1 5
1 6
1 7
1 8
1 9
1 10
1 11
1 12
1 13
1 14
1 15
1 16
1 17
1 18
1 19
1 20
1 21
1 22
1 23
1 24
1 25
1 26
1 27
1 28
1 29
1 30
1 31
1 32
1 33
1 34
1 35
1 36
1 37
1 38
1 39
1 40
1 41
1 42
1 43
1 44
1 45
1 46
1 47
1 48
1 49
1 50
1 51
1 52
1 53
1 54
1 55
1 56
1 57
1 58
1 59
1 60
1 61
1 62
1 63
1 64
1 65
1 66
1 67
1 68
1 69
1 70
1 71
1 72
1 73
1 74
1 75
1 76
1 77
1 78
1 79
1 80
1 81
1 82
1 83
1 84
1 85
1 86
1 87
1 88
1 89
1 90
1 91
1 92
1 93
1 94
1 95
1 96
1 97
1 98
1 99
1 100
1 101
1 102
1 103
1 104
1 105
1 106
1 107
1 108
1 109
1 110
1 111
1 112
1 113
1 114
1 115
1 116
1 117
1 118
1 119
1 120
1 121
1 122
1 123
1 124
1 125
1 126
1 127
1 128
1 129
1 130
1 131
1 132
1 133
1 134
1 135
1 136
1 137
1 138
1 139
1 140
1 141
1 142
1 143
1 144
1 145
1 146
1 147
1 148
1 149
1 150
1 151
1 152
1 153
1 154
1 155
1 156
1 157
1 158
1 159
1 160
1 161
1 162
1 163
1 164
1 165
1 166
1 167
1 168
1 169
1 170
1 171
1 172
1 173
1 174
1 175
1 176
1 177
1 178
1 179
1 180
1 181
1 182
1 183
1 184
1 185
1 186
1 187
1 188
1 189
1 190
1 191
1 192
1 193
1 194
1 195
1 196
1 197
1 198
1 199
1 200
1 201
1 202
1 203
1 204
1 205
1 206
1 207
1 208
1 209
1 210
1 211
1 212
1 213
1 214
1 215
1 216
1 217
1 218
1 219
1 220
1 221
1 222
1 223
1 224
1 225
1 226
1 227
1 228
1 229
1 230
1 231
1 232
1 233
1 234
1 235
1 236
1 237
1 238
1 239
1 240
1 241
1 242
1 243
1 244
1 245
1 246
1 247
1 248
1 249
1 250
1 251
1 252
1 253
1 254
1 255
1 256
1 257
1 258
1 259
1 260
1 261
1 262
1 263
1 264
1 265
1 266
1 267
1 268
1 269
1 270
1 271
1 272
1 273
1 274
1 275
1 276
1 277
1 278
1 279
1 280
1 281
1 282
1 283
1 284
1 285
1 286
1 287
1 288
1 289
1 290
1 291
1 292
1 293
1 294
1 295
1 296
1 297
1 298
1 299
1 300
1 301
1 302
1 303
1 304
1 305
1 306
1 307
1 308
1 309
1 310
1 311
1 312
1 313
1 314
1 315
1 316
1 317
1 318
1 319
1 320
1 321
1 322
1 323
1 324
1 325
1 326
1 327
1 328
1 329
1 330
1 331
1 332
1 333
1 334
1 335
1 336
1 337
1 338
1 339
1 340
1 341
1 342
1 343
1 344
1 345
1 346
1 347
1 348
1 349
1 350
1 351
1 352
1 353
1 354
1 355
1 356
1 357
1 358
1 359
1 360
1 361
1 362
1 363
1 364
1 365
1 366
1 367
1 368
1 369
1 370
1 371
1 372
1 373
1 374
1 375
1 376
1 377
1 378
1 379
1 380
1 381
1 382
1 383
1 384
1 385
1 386
1 387
1 388
1 389
1 390
1 391
1 392
1 393
1 394
1 395
1 396
1 397
1 398
1 399
1 400
1 401
1 402
1 403
1 404
1 405
1 406
1 407
1 408
1 409
1 410
1 411
1 412
1 413
1 414
1 415
1 416
1 417
1 418
1 419
1 420
1 421
1 422
1 423
1 424
1 425
1 426
1 427
1 428
1 429
1 430
1 431
1 432
1 433
1 434
1 435
1 436
1 437
1 438
1 439
1 440
1 441
1 442
1 443
1 444
1 445
1 446
1 447
1 448
1 449
1 450
1 451
1 452
1 453
1 454
1 455
1 456
1 457
1 458
1 459
1 460
1 461
1 462
1 463
1 464
1 465
1 466
1 467
1 468
1 469
1 470
1 471
1 472
1 473
1 474
1 475
1 476
1 477
1 478
1 479
1 480
1 481
1 482
1 483
1 484
1 485
1 486
1 487
1 488
1 489
1 490
1 491
1 492
1 493
1 494
1 495
1 496
1 497
1 498
1 499
1 500
3 48
4 90
4 400
5 472
6 149
8 190
10 124
10 429
11 248
12 316
12 457
13 132
13 394
13 396
14 112
14 279
16 343
17 88
17 209
18 259
19 184
19 277
20 10
21 97
23 216
23 392
24 67
27 55
27 421
27 447
28 198
28 345
31 175
31 176
32 251
33 50
33 418
34 325
36 309
38 172
39 76
40 369
41 305
41 447
42 62
42 149
43 227
45 320
46 273
47 74
48 184
48 326
49 127
51 332
54 181
55 404
55 427
56 411
59 425
60 188
60 390
60 443
61 395
62 277
63 357
63 463
64 211
64 425
64 442
65 93
66 305
67 269
71 382
72 296
73 475
74 19
75 245
78 348
80 367
81 472
83 386
86 433
87 229
90 38
90 175
92 25
93 365
93 369
93 493
94 123
96 363
98 214
99 307
102 201
107 130
109 48
109 56
109 387
110 289
112 64
113 143
113 432
113 437
113 489
114 239
115 96
116 38
116 106
116 385
116 444
117 182
117 207
118 11
118 376
120 60
120 108
120 328
120 452
122 118
123 114
125 151
125 182
126 121
127 298
129 193
130 44
130 409
130 440
134 304
134 332
135 485
137 345
139 47
141 70
141 211
142 93
146 175
146 366
149 206
150 275
150 297
151 133
152 407
153 382
154 256
154 431
155 281
157 418
158 209
158 230
158 266
158 402
158 430
158 460
159 473
160 80
161 57
161 447
163 64
165 110
166 454
167 271
167 442
167 492
168 11
169 262
170 47
170 66
172 326
174 86
176 224
176 344
176 500
177 399
178 207
178 249
178 418
179 203
180 466
181 418
185 366
186 341
187 76
189 296
191 11
193 147
194 243
195 124
197 336
198 124
198 141
198 243
198 360
199 315
199 331
201 79
203 11
203 105
205 195
206 478
207 311
208 136
208 195
209 292
212 454
213 64
213 277
214 137
214 180
216 276
216 371
217 105
217 266
220 42
221 214
222 259
224 179
226 438
227 293
228 114
228 357
233 2
233 362
234 329
235 496
236 151
237 237
238 149
238 235
239 58
240 137
240 253
240 405
241 241
242 209
244 223
245 282
246 217
247 265
251 293
252 456
253 139
256 388
257 401
257 444
258 363
258 472
259 359
261 409
262 312
263 310
265 41
265 121
265 217
265 251
266 207
267 45
267 333
268 162
268 193
269 29
269 248
269 314
270 243
270 337
272 143
272 282
276 135
278 108
278 495
279 226
280 87
280 251
280 365
281 99
282 191
286 423
287 60
289 74
290 320
290 325
290 498
291 219
291 359
293 463
294 12
295 488
297 406
298 271
298 365
299 409
300 148
300 472
301 257
301 448
302 94
303 341
305 160
305 166
306 200
308 92
308 228
309 43
309 85
309 346
309 486
310 403
312 173
313 77
313 252
314 427
314 473
316 17
316 476
317 324
319 173
320 11
320 426
320 467
322 303
322 462
323 137
324 141
324 494
325 108
325 227
326 496
327 11
327 21
327 114
328 45
328 125
328 408
330 342
331 447
331 461
335 64
335 378
336 490
338 493
340 297
341 102
343 4
345 437
347 388
347 417
347 459
348 255
348 320
348 496
350 475
351 7
351 204
356 61
356 177
356 394
356 403
357 220
357 233
357 332
359 372
360 428
361 227
363 482
364 12
364 15
365 426
369 128
371 435
372 77
373 335
374 203
376 115
377 51
377 67
380 385
380 432
381 24
381 494
384 136
385 87
386 68
386 152
388 364
390 76
391 227
392 425
393 123
394 173
395 125
396 286
398 420
398 473
399 173
400 444
400 495
401 210
402 297
402 388
402 418
405 387
405 499
406 252
406 398
408 167
408 454
411 485
412 313
413 125
414 203
415 216
416 25
417 64
418 8
419 25
421 319
422 60
422 164
424 162
424 316
426 152
428 246
429 9
430 82
430 120
431 486
434 40
438 468
439 90
440 247
441 84
441 190
442 26
442 382
443 228
448 97
448 400
449 63
450 45
452 79
453 466
454 89
454 149
454 222
454 320
454 331
457 41
457 75
457 449
457 469
458 57
458 120
461 176
461 383
461 388
463 249
464 327
465 151
465 220
466 255
466 256
466 269
467 75
469 21
469 129
469 151
469 277
471 176
472 159
473 259
475 427
476 44
476 80
476 150
477 31
477 211
478 213
479 226
479 367
480 97
480 280
481 383
482 200
482 202
485 134
485 230
486 267
487 150
490 288
492 175
495 241
496 115
496 158
496 230
497 26
498 363
498 444
499 216
500 364
