1 1
1 2
1 3
1 4
1 5
1 6
1 7
1 8
1 9
1 10
1 11
1 12
1 13
1 14
1 15
1 16
1 17
1 18
1 19
1 20
1 21
1 22
1 23
1 24
1 25
1 26
1 27
1 28
1 29
1 30
1 31
1 32
1 33
1 34
1 35
1 36
1 37
1 38
1 39
1 40
1 41
1 42
1 43
1 44
1 45
1 46
1 47
1 48
1 49
1 50
1 51
1 52
1 53
1 54
1 55
1 56
1 57
1 58
1 59
1 60
1 61
1 62
1 63
1 64
1 65
1 66
1 67
1 68
1 69
1 70
1 71
1 72
1 73
1 74
1 75
1 76
1 77
1 78
1 79
1 80
1 81
1 82
1 83
1 84
1 85
1 86
1 87
1 88
1 89
1 90
1 91
1 92
1 93
1 94
1 95
1 96
1 97
1 98
1 99
1 100
1 101
1 102
1 103
1 104
1 105
1 106
1 107
1 108
1 109
1 110
1 111
1 112
1 113
1 114
1 115
1 116
1 117
1 118
1 119
1 120
1 121
1 122
1 123
1 124
1 125
1 126
1 127
1 128
1 129
1 130
1 131
1 132
1 133
1 134
1 135
1 136
1 137
1 138
1 139
1 140
1 141
1 142
1 143
1 144
1 145
1 146
1 147
1 148
1 149
1 150
1 151
1 152
1 153
1 154
1 155
1 156
1 157
1 158
1 159
1 160
1 161
1 162
1 163
1 164
1 165
1 166
1 167
1 168
1 169
1 170
1 171
1 172
1 173
1 174
1 175
1 176
1 177
1 178
1 179
1 180
1 181
1 182
1 183
1 184
1 185
1 186
1 187
1 188
1 189
1 190
1 191
1 192
1 193
1 194
1 195
1 196
1 197
1 198
1 199
1 200
1 201
1 202
1 203
1 204
1 205
1 206
1 207
1 208
1 209
1 210
1 211
1 212
1 213
1 214
1 215
1 216
1 217
1 218
1 219
1 220
1 221
1 222
1 223
1 224
1 225
1 226
1 227
1 228
1 229
1 230
1 231
1 232
1 233
1 234
1 235
1 236
1 237
1 238
1 239
1 240
1 241
1 242
1 243
1 244
1 245
1 246
1 247
1 248
1 249
1 250
1 251
1 252
1 253
1 254
1 255
1 256
1 257
1 258
1 259
1 260
1 261
1 262
1 263
1 264
1 265
1 266
1 267
1 268
1 269
1 270
1 271
1 272
1 273
1 274
1 275
1 276
1 277
1 278
1 279
1 280
1 281
1 282
1 283
1 284
1 285
1 286
1 287
1 288
1 289
1 290
1 291
1 292
1 293
1 294
1 295
1 296
1 297
1 298
1 299
1 300
1 301
1 302
1 303
1 304
1 305
1 306
1 307
1 308
1 309
1 310
1 311
1 312
1 313
1 314
1 315
1 316
1 317
1 318
1 319
1 320
1 321
1 322
1 323
1 324
1 325
1 326
1 327
1 328
1 329
1 330
1 331
1 332
1 333
1 334
1 335
1 336
1 337
1 338
1 339
1 340
1 341
1 342
1 343
1 344
1 345
1 346
1 347
1 348
1 349
1 350
1 351
1 352
1 353
1 354
1 355
1 356
1 357
1 358
1 359
1 360
1 361
1 362
1 363
1 364
1 365
1 366
1 367
1 368
1 369
1 370
1 371
1 372
1 373
1 374
1 375
1 376
1 377
1 378
1 379
1 380
1 381
1 382
1 383
1 384
1 385
1 386
1 387
1 388
1 389
1 390
1 391
1 392
1 393
1 394
1 395
1 396
1 397
1 398
1 399
1 400
1 401
1 402
1 403
1 404
1 405
1 406
1 407
1 408
1 409
1 410
1 411
1 412
1 413
1 414
1 415
1 416
1 417
1 418
1 419
1 420
1 421
1 422
1 423
1 424
1 425
1 426
1 427
1 428
1 429
1 430
1 431
1 432
1 433
1 434
1 435
1 436
1 437
1 438
1 439
1 440
1 441
1 442
1 443
1 444
1 445
1 446
1 447
1 448
1 449
1 450
1 451
1 452
1 453
1 454
1 455
1 456
1 457
1 458
1 459
1 460
1 461
1 462
1 463
1 464
1 465
1 466
1 467
1 468
1 469
1 470
1 471
1 472
1 473
1 474
1 475
1 476
1 477
1 478
1 479
1 480
1 481
1 482
1 483
1 484
1 485
1 486
1 487
1 488
1 489
1 490
1 491
1 492
1 493
1 494
1 495
1 496
1 497
1 498
1 499
1 500
5 29
6 23
6 127
6 156
6 385
7 285
7 288
8 459
10 30
10 453
14 74
14 337
15 19
15 416
16 216
18 8
18 334
20 28
20 124
20 449
23 279
24 27
26 421
27 40
27 440
30 71
30 83
30 230
31 85
31 363
31 451
32 248
32 483
34 44
34 417
35 86
38 18
38 233
39 320
40 13
41 384
41 406
42 415
43 99
44 45
44 65
45 463
45 495
46 143
46 375
47 495
48 420
49 90
49 252
50 130
51 146
52 274
53 251
55 140
57 305
58 121
58 254
59 84
59 474
60 253
61 116
62 100
62 362
63 181
64 186
65 51
65 97
66 246
67 22
69 188
69 484
70 49
70 126
70 297
71 94
71 111
71 365
71 386
72 199
73 119
75 93
75 162
75 449
78 247
78 407
79 69
81 343
82 490
83 1
83 415
84 487
85 204
86 100
86 295
89 54
90 71
90 289
90 432
93 222
94 162
94 304
96 151
97 55
97 57
97 437
100 264
102 252
102 339
102 448
104 217
105 179
108 198
108 267
109 309
110 2
110 18
110 264
111 370
112 6
112 379
113 264
114 121
115 292
117 411
121 334
122 36
123 140
124 491
125 144
130 17
130 368
130 392
130 463
131 54
131 423
132 184
133 370
134 119
134 284
135 271
135 442
137 146
137 220
137 354
137 356
138 378
139 109
139 441
140 113
140 359
141 366
143 363
143 486
144 109
145 134
148 117
148 260
154 196
155 283
157 447
158 62
159 101
159 368
160 9
160 109
160 155
160 328
160 484
164 312
164 364
164 372
164 417
165 119
166 355
167 33
167 109
167 341
168 52
169 219
169 452
170 332
171 34
171 201
173 58
173 60
173 349
175 450
176 36
177 191
177 437
178 90
182 401
184 429
185 460
188 416
191 301
192 84
194 351
195 159
196 29
196 237
197 162
197 365
198 30
198 435
203 286
205 60
205 438
205 470
208 474
209 379
209 430
213 349
213 495
214 133
215 382
217 333
218 130
218 345
220 410
221 387
221 425
224 266
224 417
227 380
229 156
231 348
233 74
233 294
234 84
234 169
236 397
236 419
237 482
238 160
238 309
239 251
240 266
243 113
245 199
245 422
247 234
247 329
247 478
250 206
250 303
250 326
251 106
251 119
251 285
251 479
253 54
253 245
256 199
258 107
258 455
260 230
261 369
262 142
263 390
264 446
267 293
267 409
268 234
268 495
269 115
269 130
269 220
270 354
270 485
271 18
271 93
271 265
271 415
272 44
272 355
272 399
273 139
274 187
277 258
278 89
282 66
282 115
282 210
284 330
286 235
286 463
289 50
289 399
291 176
291 357
292 79
292 291
292 338
293 139
296 317
301 366
302 277
303 309
305 431
305 456
306 46
307 324
310 395
311 402
313 458
320 74
320 394
320 454
321 9
321 62
321 200
322 181
324 220
326 55
329 468
331 30
331 234
332 328
333 410
334 391
335 491
337 453
339 135
339 466
340 444
342 498
344 293
344 345
344 426
347 303
348 58
348 115
348 327
350 119
351 13
351 426
352 440
353 232
353 461
354 392
355 17
355 154
356 354
356 395
357 385
358 70
358 72
358 231
359 374
360 259
360 427
361 70
361 337
362 122
363 198
364 218
366 392
367 93
367 111
368 205
369 470
370 239
371 177
371 327
372 139
373 322
374 47
374 220
374 265
375 5
375 431
378 29
380 265
382 499
383 109
385 357
387 167
387 217
387 347
388 195
388 352
389 85
391 385
391 441
392 44
392 139
392 380
393 260
395 152
397 260
398 18
398 330
398 348
400 201
401 131
403 423
404 17
404 256
404 263
407 75
407 372
408 87
408 166
409 82
411 292
412 16
412 479
414 379
416 111
416 194
416 238
418 440
419 172
420 145
420 472
423 198
426 159
427 390
428 290
428 488
431 361
432 82
432 278
432 495
433 64
433 327
433 395
435 24
435 176
437 9
437 209
438 115
439 40
440 494
445 322
449 156
450 468
451 9
451 119
451 334
454 76
455 327
456 121
457 209
459 200
460 166
460 223
461 170
461 204
461 235
461 382
462 66
462 232
462 280
462 368
464 7
464 321
466 471
467 144
467 500
468 10
469 107
469 282
469 398
470 53
470 234
471 437
472 314
473 3
475 377
477 206
479 397
481 41
481 282
481 304
481 432
482 409
483 399
484 236
487 97
487 106
487 345
488 422
491 214
492 209
493 52
494 489
495 63
495 453
497 259
500 371
