1 1
1 2
1 3
1 4
1 5
1 6
1 7
1 8
1 9
1 10
1 11
1 12
1 13
1 14
1 15
1 16
1 17
1 18
1 19
1 20
1 21
1 22
1 23
1 24
1 25
1 26
1 27
1 28
1 29
1 30
1 31
1 32
1 33
1 34
1 35
1 36
1 37
1 38
1 39
1 40
1 41
1 42
1 43
1 44
1 45
1 46
1 47
1 48
1 49
1 50
1 51
1 52
1 53
1 54
1 55
1 56
1 57
1 58
1 59
1 60
1 61
1 62
1 63
1 64
1 65
1 66
1 67
1 68
1 69
1 70
1 71
1 72
1 73
1 74
1 75
1 76
1 77
1 78
1 79
1 80
1 81
1 82
1 83
1 84
1 85
1 86
1 87
1 88
1 89
1 90
1 91
1 92
1 93
1 94
1 95
1 96
1 97
1 98
1 99
1 100
1 101
1 102
1 103
1 104
1 105
1 106
1 107
1 108
1 109
1 110
1 111
1 112
1 113
1 114
1 115
1 116
1 117
1 118
1 119
1 120
1 121
1 122
1 123
1 124
1 125
1 126
1 127
1 128
1 129
1 130
1 131
1 132
1 133
1 134
1 135
1 136
1 137
1 138
1 139
1 140
1 141
1 142
1 143
1 144
1 145
1 146
1 147
1 148
1 149
1 150
1 151
1 152
1 153
1 154
1 155
1 156
1 157
1 158
1 159
1 160
1 161
1 162
1 163
1 164
1 165
1 166
1 167
1 168
1 169
1 170
1 171
1 172
1 173
1 174
1 175
1 176
1 177
1 178
1 179
1 180
1 181
1 182
1 183
1 184
1 185
1 186
1 187
1 188
1 189
1 190
1 191
1 192
1 193
1 194
1 195
1 196
1 197
1 198
1 199
1 200
1 201
1 202
1 203
1 204
1 205
1 206
1 207
1 208
1 209
1 210
1 211
1 212
1 213
1 214
1 215
1 216
1 217
1 218
1 219
1 220
1 221
1 222
1 223
1 224
1 225
1 226
1 227
1 228
1 229
1 230
1 231
1 232
1 233
1 234
1 235
1 236
1 237
1 238
1 239
1 240
1 241
1 242
1 243
1 244
1 245
1 246
1 247
1 248
1 249
1 250
1 251
1 252
1 253
1 254
1 255
1 256
1 257
1 258
1 259
1 260
1 261
1 262
1 263
1 264
1 265
1 266
1 267
1 268
1 269
1 270
1 271
1 272
1 273
1 274
1 275
1 276
1 277
1 278
1 279
1 280
1 281
1 282
1 283
1 284
1 285
1 286
1 287
1 288
1 289
1 290
1 291
1 292
1 293
1 294
1 295
1 296
1 297
1 298
1 299
1 300
1 301
1 302
1 303
1 304
1 305
1 306
1 307
1 308
1 309
1 310
1 311
1 312
1 313
1 314
1 315
1 316
1 317
1 318
1 319
1 320
1 321
1 322
1 323
1 324
1 325
1 326
1 327
1 328
1 329
1 330
1 331
1 332
1 333
1 334
1 335
1 336
1 337
1 338
1 339
1 340
1 341
1 342
1 343
1 344
1 345
1 346
1 347
1 348
1 349
1 350
1 351
1 352
1 353
1 354
1 355
1 356
1 357
1 358
1 359
1 360
1 361
1 362
1 363
1 364
1 365
1 366
1 367
1 368
1 369
1 370
1 371
1 372
1 373
1 374
1 375
1 376
1 377
1 378
1 379
1 380
1 381
1 382
1 383
1 384
1 385
1 386
1 387
1 388
1 389
1 390
1 391
1 392
1 393
1 394
1 395
1 396
1 397
1 398
1 399
1 400
1 401
1 402
1 403
1 404
1 405
1 406
1 407
1 408
1 409
1 410
1 411
1 412
1 413
1 414
1 415
1 416
1 417
1 418
1 419
1 420
1 421
1 422
1 423
1 424
1 425
1 426
1 427
1 428
1 429
1 430
1 431
1 432
1 433
1 434
1 435
1 436
1 437
1 438
1 439
1 440
1 441
1 442
1 443
1 444
1 445
1 446
1 447
1 448
1 449
1 450
1 451
1 452
1 453
1 454
1 455
1 456
1 457
1 458
1 459
1 460
1 461
1 462
1 463
1 464
1 465
1 466
1 467
1 468
1 469
1 470
1 471
1 472
1 473
1 474
1 475
1 476
1 477
1 478
1 479
1 480
1 481
1 482
1 483
1 484
1 485
1 486
1 487
1 488
1 489
1 490
1 491
1 492
1 493
1 494
1 495
1 496
1 497
1 498
1 499
1 500
3 439
4 293
4 450
5 69
6 104
6 281
6 425
7 237
11 481
12 134
17 84
17 193
17 271
21 107
21 109
23 23
23 133
23 381
26 342
27 378
28 70
28 435
29 356
31 46
32 35
33 3
33 85
33 89
38 223
39 314
39 447
41 73
41 114
43 282
44 459
45 496
48 83
49 79
49 133
51 349
52 251
57 347
57 491
58 474
59 25
59 322
60 165
61 271
61 450
63 49
66 82
66 383
67 357
68 146
68 162
68 247
69 81
70 500
71 327
72 249
74 215
75 389
76 4
76 40
76 84
77 391
78 161
79 259
82 416
82 471
83 294
83 419
85 189
86 19
86 274
88 158
89 128
90 23
92 229
93 101
93 418
93 449
94 145
95 442
97 8
97 40
98 23
98 184
99 435
104 97
104 372
105 183
106 138
106 182
107 249
107 337
107 403
108 435
109 227
109 447
111 88
112 208
112 346
115 95
116 132
117 65
117 330
119 11
119 434
121 129
121 198
121 310
122 138
123 244
124 453
126 19
126 444
127 185
127 358
128 225
130 258
131 17
131 256
133 274
133 373
134 128
135 252
135 389
135 410
136 126
136 217
137 460
138 52
138 181
138 254
139 63
140 161
141 14
143 165
143 424
148 226
148 431
148 432
149 274
150 68
151 160
151 395
151 446
153 357
154 89
156 58
156 76
157 23
157 53
157 393
158 431
166 326
167 372
168 8
168 228
169 38
169 73
169 350
169 399
173 408
173 430
174 397
176 337
177 168
178 190
180 378
183 239
184 207
184 279
185 219
185 477
186 80
186 150
187 127
187 474
188 2
189 122
189 428
190 449
191 349
192 143
192 454
193 429
193 474
194 133
194 321
195 262
196 192
197 314
199 2
199 88
199 104
199 309
200 162
201 475
202 492
203 103
204 410
205 154
207 7
207 27
208 39
208 253
210 300
211 232
211 253
211 425
212 118
213 71
213 145
213 470
215 315
216 446
218 37
219 273
220 168
220 189
221 207
223 385
226 17
226 240
227 84
227 318
227 371
227 408
228 110
228 141
229 358
229 467
230 225
232 266
233 31
237 274
238 328
238 405
242 186
242 235
242 334
243 355
244 186
244 340
244 362
245 244
246 386
247 459
248 417
250 160
253 38
254 76
256 222
257 132
259 122
259 389
261 381
261 442
262 106
262 179
262 233
263 182
264 151
264 309
265 149
266 36
266 184
266 344
266 374
266 434
269 240
272 70
273 74
273 129
275 459
277 462
277 474
277 476
278 235
280 243
281 228
281 293
281 368
283 129
286 78
286 400
289 104
289 366
291 458
291 497
292 98
293 117
295 343
296 41
299 283
301 63
301 361
302 85
303 1
303 118
303 343
304 231
304 260
307 373
309 245
309 468
310 238
310 294
311 183
312 438
315 241
315 439
316 30
317 14
318 425
320 203
321 86
321 247
322 2
322 445
324 276
324 278
325 393
329 156
330 104
332 442
335 497
337 303
338 278
339 431
339 497
341 239
342 389
343 15
344 339
344 475
345 202
345 409
347 21
347 169
347 490
349 109
350 311
351 110
353 18
356 79
358 96
358 149
358 492
359 194
361 395
363 160
363 191
363 263
365 312
366 12
366 162
367 154
367 474
368 459
370 388
371 433
372 242
374 421
375 232
377 112
377 216
377 366
378 57
379 312
379 361
380 473
382 6
382 467
383 231
386 22
386 244
388 114
388 405
389 154
389 175
390 302
392 31
392 487
393 124
393 315
393 445
393 468
394 21
395 232
399 417
400 135
401 66
402 366
403 290
404 306
405 33
405 52
405 141
407 103
407 402
407 478
409 277
409 384
412 89
412 269
413 227
413 414
414 446
415 214
415 271
416 56
416 57
416 370
417 196
417 390
418 96
420 426
421 6
421 67
423 480
424 129
424 207
425 105
425 232
425 272
425 309
425 313
426 268
426 379
426 431
427 91
427 185
428 468
429 47
429 81
430 429
431 141
432 419
434 408
435 421
436 326
438 175
440 396
440 408
441 219
441 440
442 475
448 329
448 394
449 227
450 354
451 85
453 85
453 177
454 308
454 404
455 102
456 166
459 182
459 480
460 331
461 135
461 422
462 91
462 106
463 366
466 494
469 418
470 172
471 205
474 92
474 134
475 162
475 373
476 216
477 19
477 411
478 385
481 62
481 105
482 198
483 38
484 95
485 86
492 435
493 305
493 487
494 67
495 26
495 193
495 226
497 130
498 447
499 373
499 480
500 74
