25 12 6 3 1
25 12 6 3 1 2
25 12 6 3
25 12 6 3 4
25 12 6 3 4 5
25 12 6
25 12 6 9 7
25 12 6 9 7 8
25 12 6 9
25 12 6 9 10
25 12 6 9 10 11
25 12
25 12 18 15 13
25 12 18 15 13 14
25 12 18 15
25 12 18 15 16
25 12 18 15 16 17
25 12 18
25 12 18 21 19
25 12 18 21 19 20
25 12 18 21
25 12 18 21 23 22
25 12 18 21 23
25 12 18 21 23 24
25
25 38 31 28 26
25 38 31 28 26 27
25 38 31 28
25 38 31 28 29
25 38 31 28 29 30
25 38 31
25 38 31 34 32
25 38 31 34 32 33
25 38 31 34
25 38 31 34 36 35
25 38 31 34 36
25 38 31 34 36 37
25 38
25 38 44 41 39
25 38 44 41 39 40
25 38 44 41
25 38 44 41 42
25 38 44 41 42 43
25 38 44
25 38 44 47 45
25 38 44 47 45 46
25 38 44 47
25 38 44 47 49 48
25 38 44 47 49
25 38 44 47 49 50
