Problem 1
12
Problem 2
123456543254321
Problem 3
-23
Problem 4
Hello
Problem 5
Say "Hello"
Problem 6
"\"Hello\""
Problem 7
5
7
4
3
Problem 8
red
green
blue
Problem 9
1
2
3
4
5
6
7
8
Problem 10
5
7
Fred
Problem 11
5
5
5
7
6
6
Problem 12
5
6
5
6
Problem 13
7
6
7
7
Problem 14
5
6
5
6
Problem 15
5
6
7
5
6
8
Problem 16
10
What is this; and \"this
pieceone
88
c:\bill\whatever.png
rectangle1;
12
-1234
200
500
piecetwo
95
c:\bill\fred.one
rectangle2
33
456
1
23
Bill
Will
Alpha
Omega
Other
Bather
