User 1
6.17874
4.95320
7.13690
User 2
3.91000
3.65470
User 3
5.00000
7.50000
User 4
2.20000
1.10000
User 5
19.80000
User 6
10.00000
9.99950
9.99900
9.99850
9.99800
9.99750
9.99700
9.99650
9.99600
9.99550
9.99500
9.99450
9.99400
9.99350
9.99300
9.99250
9.99200
9.99150
9.99100
9.99050
9.99000
9.98950
9.98900
9.98850
9.98800
9.98750
9.98700
9.98650
9.98600
9.98550
9.98500
9.98450
9.98400
9.98350
9.98300
9.98250
9.98200
9.98150
9.98100
9.98050
9.98000
9.97950
9.97900
9.97850
9.97800
9.97750
9.97700
9.97650
9.97600
9.97550
9.97500
9.97450
9.97400
9.97350
9.97300
9.97250
9.97200
9.97150
9.97100
9.97050
9.97000
9.96950
9.96900
9.96850
9.96800
9.96750
9.96700
9.96650
9.96600
9.96550
9.96500
9.96450
9.96400
9.96350
9.96300
9.96250
9.96200
9.96150
9.96100
9.96050
9.96000
9.95950
9.95900
9.95850
9.95800
9.95750
9.95700
9.95650
9.95600
9.95550
9.95500
9.95450
9.95400
9.95350
9.95300
9.95250
9.95200
9.95150
9.95100
9.95050
