y = 1x + 0
*         *
*        * 
*       *  
*      *   
*     *    
*    *     
*   *      
*  *       
* *        
**         
***********
y = 1x + 1
*         *
*        * 
*       *  
*      *   
*     *    
*    *     
*   *      
*  *       
* *        
**         
*          
***********
y = 1x + 2
*         *
*        * 
*       *  
*      *   
*     *    
*    *     
*   *      
*  *       
* *        
**         
*          
*          
***********
y = 1x + 3
*         *
*        * 
*       *  
*      *   
*     *    
*    *     
*   *      
*  *       
* *        
**         
*          
*          
*          
***********
y = 1x + 4
*         *
*        * 
*       *  
*      *   
*     *    
*    *     
*   *      
*  *       
* *        
**         
*          
*          
*          
*          
***********
y = 1x + 5
*         *
*        * 
*       *  
*      *   
*     *    
*    *     
*   *      
*  *       
* *        
**         
*          
*          
*          
*          
*          
***********
y = 1x + 6
*         *
*        * 
*       *  
*      *   
*     *    
*    *     
*   *      
*  *       
* *        
**         
*          
*          
*          
*          
*          
*          
***********
y = 1x + 7
*         *
*        * 
*       *  
*      *   
*     *    
*    *     
*   *      
*  *       
* *        
**         
*          
*          
*          
*          
*          
*          
*          
***********
y = 1x + 8
*         *
*        * 
*       *  
*      *   
*     *    
*    *     
*   *      
*  *       
* *        
**         
*          
*          
*          
*          
*          
*          
*          
*          
***********
y = 1x + 9
*         *
*        * 
*       *  
*      *   
*     *    
*    *     
*   *      
*  *       
* *        
**         
*          
*          
*          
*          
*          
*          
*          
*          
*          
***********
y = 9x + 0
*         *
*          
*          
*          
*          
*          
*          
*          
*          
*        * 
*          
*          
*          
*          
*          
*          
*          
*          
*       *  
*          
*          
*          
*          
*          
*          
*          
*          
*      *   
*          
*          
*          
*          
*          
*          
*          
*          
*     *    
*          
*          
*          
*          
*          
*          
*          
*          
*    *     
*          
*          
*          
*          
*          
*          
*          
*          
*   *      
*          
*          
*          
*          
*          
*          
*          
*          
*  *       
*          
*          
*          
*          
*          
*          
*          
*          
* *        
*          
*          
*          
*          
*          
*          
*          
*          
**         
*          
*          
*          
*          
*          
*          
*          
*          
***********
y = 9x + 1
*         *
*          
*          
*          
*          
*          
*          
*          
*          
*        * 
*          
*          
*          
*          
*          
*          
*          
*          
*       *  
*          
*          
*          
*          
*          
*          
*          
*          
*      *   
*          
*          
*          
*          
*          
*          
*          
*          
*     *    
*          
*          
*          
*          
*          
*          
*          
*          
*    *     
*          
*          
*          
*          
*          
*          
*          
*          
*   *      
*          
*          
*          
*          
*          
*          
*          
*          
*  *       
*          
*          
*          
*          
*          
*          
*          
*          
* *        
*          
*          
*          
*          
*          
*          
*          
*          
**         
*          
*          
*          
*          
*          
*          
*          
*          
*          
***********
y = 9x + 2
*         *
*          
*          
*          
*          
*          
*          
*          
*          
*        * 
*          
*          
*          
*          
*          
*          
*          
*          
*       *  
*          
*          
*          
*          
*          
*          
*          
*          
*      *   
*          
*          
*          
*          
*          
*          
*          
*          
*     *    
*          
*          
*          
*          
*          
*          
*          
*          
*    *     
*          
*          
*          
*          
*          
*          
*          
*          
*   *      
*          
*          
*          
*          
*          
*          
*          
*          
*  *       
*          
*          
*          
*          
*          
*          
*          
*          
* *        
*          
*          
*          
*          
*          
*          
*          
*          
**         
*          
*          
*          
*          
*          
*          
*          
*          
*          
*          
***********
y = 9x + 3
*         *
*          
*          
*          
*          
*          
*          
*          
*          
*        * 
*          
*          
*          
*          
*          
*          
*          
*          
*       *  
*          
*          
*          
*          
*          
*          
*          
*          
*      *   
*          
*          
*          
*          
*          
*          
*          
*          
*     *    
*          
*          
*          
*          
*          
*          
*          
*          
*    *     
*          
*          
*          
*          
*          
*          
*          
*          
*   *      
*          
*          
*          
*          
*          
*          
*          
*          
*  *       
*          
*          
*          
*          
*          
*          
*          
*          
* *        
*          
*          
*          
*          
*          
*          
*          
*          
**         
*          
*          
*          
*          
*          
*          
*          
*          
*          
*          
*          
***********
y = 9x + 4
*         *
*          
*          
*          
*          
*          
*          
*          
*          
*        * 
*          
*          
*          
*          
*          
*          
*          
*          
*       *  
*          
*          
*          
*          
*          
*          
*          
*          
*      *   
*          
*          
*          
*          
*          
*          
*          
*          
*     *    
*          
*          
*          
*          
*          
*          
*          
*          
*    *     
*          
*          
*          
*          
*          
*          
*          
*          
*   *      
*          
*          
*          
*          
*          
*          
*          
*          
*  *       
*          
*          
*          
*          
*          
*          
*          
*          
* *        
*          
*          
*          
*          
*          
*          
*          
*          
**         
*          
*          
*          
*          
*          
*          
*          
*          
*          
*          
*          
*          
***********
y = 9x + 5
*         *
*          
*          
*          
*          
*          
*          
*          
*          
*        * 
*          
*          
*          
*          
*          
*          
*          
*          
*       *  
*          
*          
*          
*          
*          
*          
*          
*          
*      *   
*          
*          
*          
*          
*          
*          
*          
*          
*     *    
*          
*          
*          
*          
*          
*          
*          
*          
*    *     
*          
*          
*          
*          
*          
*          
*          
*          
*   *      
*          
*          
*          
*          
*          
*          
*          
*          
*  *       
*          
*          
*          
*          
*          
*          
*          
*          
* *        
*          
*          
*          
*          
*          
*          
*          
*          
**         
*          
*          
*          
*          
*          
*          
*          
*          
*          
*          
*          
*          
*          
***********
y = 9x + 6
*         *
*          
*          
*          
*          
*          
*          
*          
*          
*        * 
*          
*          
*          
*          
*          
*          
*          
*          
*       *  
*          
*          
*          
*          
*          
*          
*          
*          
*      *   
*          
*          
*          
*          
*          
*          
*          
*          
*     *    
*          
*          
*          
*          
*          
*          
*          
*          
*    *     
*          
*          
*          
*          
*          
*          
*          
*          
*   *      
*          
*          
*          
*          
*          
*          
*          
*          
*  *       
*          
*          
*          
*          
*          
*          
*          
*          
* *        
*          
*          
*          
*          
*          
*          
*          
*          
**         
*          
*          
*          
*          
*          
*          
*          
*          
*          
*          
*          
*          
*          
*          
***********
y = 9x + 7
*         *
*          
*          
*          
*          
*          
*          
*          
*          
*        * 
*          
*          
*          
*          
*          
*          
*          
*          
*       *  
*          
*          
*          
*          
*          
*          
*          
*          
*      *   
*          
*          
*          
*          
*          
*          
*          
*          
*     *    
*          
*          
*          
*          
*          
*          
*          
*          
*    *     
*          
*          
*          
*          
*          
*          
*          
*          
*   *      
*          
*          
*          
*          
*          
*          
*          
*          
*  *       
*          
*          
*          
*          
*          
*          
*          
*          
* *        
*          
*          
*          
*          
*          
*          
*          
*          
**         
*          
*          
*          
*          
*          
*          
*          
*          
*          
*          
*          
*          
*          
*          
*          
***********
y = 9x + 8
*         *
*          
*          
*          
*          
*          
*          
*          
*          
*        * 
*          
*          
*          
*          
*          
*          
*          
*          
*       *  
*          
*          
*          
*          
*          
*          
*          
*          
*      *   
*          
*          
*          
*          
*          
*          
*          
*          
*     *    
*          
*          
*          
*          
*          
*          
*          
*          
*    *     
*          
*          
*          
*          
*          
*          
*          
*          
*   *      
*          
*          
*          
*          
*          
*          
*          
*          
*  *       
*          
*          
*          
*          
*          
*          
*          
*          
* *        
*          
*          
*          
*          
*          
*          
*          
*          
**         
*          
*          
*          
*          
*          
*          
*          
*          
*          
*          
*          
*          
*          
*          
*          
*          
***********
y = 9x + 9
*         *
*          
*          
*          
*          
*          
*          
*          
*          
*        * 
*          
*          
*          
*          
*          
*          
*          
*          
*       *  
*          
*          
*          
*          
*          
*          
*          
*          
*      *   
*          
*          
*          
*          
*          
*          
*          
*          
*     *    
*          
*          
*          
*          
*          
*          
*          
*          
*    *     
*          
*          
*          
*          
*          
*          
*          
*          
*   *      
*          
*          
*          
*          
*          
*          
*          
*          
*  *       
*          
*          
*          
*          
*          
*          
*          
*          
* *        
*          
*          
*          
*          
*          
*          
*          
*          
**         
*          
*          
*          
*          
*          
*          
*          
*          
*          
*          
*          
*          
*          
*          
*          
*          
*          
***********
y = 1x + 1
*         *
*        * 
*       *  
*      *   
*     *    
*    *     
*   *      
*  *       
* *        
**         
*          
***********
y = 2x + 2
*         *
*          
*        * 
*          
*       *  
*          
*      *   
*          
*     *    
*          
*    *     
*          
*   *      
*          
*  *       
*          
* *        
*          
**         
*          
*          
*          
***********
y = 3x + 3
*         *
*          
*          
*        * 
*          
*          
*       *  
*          
*          
*      *   
*          
*          
*     *    
*          
*          
*    *     
*          
*          
*   *      
*          
*          
*  *       
*          
*          
* *        
*          
*          
**         
*          
*          
*          
*          
*          
***********
y = 4x + 4
*         *
*          
*          
*          
*        * 
*          
*          
*          
*       *  
*          
*          
*          
*      *   
*          
*          
*          
*     *    
*          
*          
*          
*    *     
*          
*          
*          
*   *      
*          
*          
*          
*  *       
*          
*          
*          
* *        
*          
*          
*          
**         
*          
*          
*          
*          
*          
*          
*          
***********
y = 5x + 5
*         *
*          
*          
*          
*          
*        * 
*          
*          
*          
*          
*       *  
*          
*          
*          
*          
*      *   
*          
*          
*          
*          
*     *    
*          
*          
*          
*          
*    *     
*          
*          
*          
*          
*   *      
*          
*          
*          
*          
*  *       
*          
*          
*          
*          
* *        
*          
*          
*          
*          
**         
*          
*          
*          
*          
*          
*          
*          
*          
*          
***********
y = 6x + 6
*         *
*          
*          
*          
*          
*          
*        * 
*          
*          
*          
*          
*          
*       *  
*          
*          
*          
*          
*          
*      *   
*          
*          
*          
*          
*          
*     *    
*          
*          
*          
*          
*          
*    *     
*          
*          
*          
*          
*          
*   *      
*          
*          
*          
*          
*          
*  *       
*          
*          
*          
*          
*          
* *        
*          
*          
*          
*          
*          
**         
*          
*          
*          
*          
*          
*          
*          
*          
*          
*          
*          
***********
y = 7x + 7
*         *
*          
*          
*          
*          
*          
*          
*        * 
*          
*          
*          
*          
*          
*          
*       *  
*          
*          
*          
*          
*          
*          
*      *   
*          
*          
*          
*          
*          
*          
*     *    
*          
*          
*          
*          
*          
*          
*    *     
*          
*          
*          
*          
*          
*          
*   *      
*          
*          
*          
*          
*          
*          
*  *       
*          
*          
*          
*          
*          
*          
* *        
*          
*          
*          
*          
*          
*          
**         
*          
*          
*          
*          
*          
*          
*          
*          
*          
*          
*          
*          
*          
***********
y = 0x + 8
***********
*          
*          
*          
*          
*          
*          
*          
***********
y = 0x + 5
***********
*          
*          
*          
*          
***********
