Contest 1
1 Astrix 10
2 Happy Fred's team 7
3 Team 67 5
4 apple pie 0
Contest 2
1 tEAM 1 2
1 Team 2 2
1 team 3 2
Contest 3
1 Team 5 4
2 tEAM 1 2
2 Team 2 2
2 team 3 2
5 team 4 0
Contest 4
1 Winners 308 308
2 Second 275 275
3 Third 273 273
4 Fourth 269 269
5 Fifth 261 261
6 Sixth 251 251
7 Seventh 244 244
8 Eighth 238 238
9 Ninth 237 237
10 Team-10 236 236
11 Team-11 234 234
12 Team-12 229 229
13 Team-13 228 228
14 Team-14 226 226
15 Team-15 223 223
16 Team-16 222 222
17 Team-17 220 220
18 Team-18 206 206
19 Team-19 205 205
20 Twentieth 197 197
21 Team-21 192 192
22 Team-22A 186 186
22 Team-22B 186 186
24 Team-24 177 177
25 Team-25 175 175
26 Team-26A 172 172
26 Team-26B 172 172
26 Team-26C 172 172
29 Team-29 168 168
30 Thirtieth-A 163 163
30 Thirtieth-B 163 163
32 Team-32 155 155
33 Team-33 153 153
34 Team-34 149 149
35 Team-35 145 145
36 Team-36A 129 129
36 Team-36B 129 129
38 Team-38 127 127
39 Team-39 125 125
40 Fortieth 122 122
41 Team-41 108 108
42 Team-42 105 105
43 Team-43 104 104
44 Team-44 100 100
45 Team-45 80 80
46 Team-46 78 78
47 Team-47A 72 72
47 Team-47B 72 72
49 Team-49 56 56
50 Last 7 7
