Ej is the great great great great great great great great great great great great great great great great great great great great great great great great great great great great great great great great great great great great great great great great great great great great great great great great great great great great great niece-in-law of Ab
Ab is the great great great great great great great great great great great great great great great great great great great great great great great great great uncle-in-law of Cf
Ad is the great great great great great great great great great great great great great great great great great great great great great great great great great great great great great great great great great great great great great great great great great great great great great great great great great great great great great great great great great great great great great great great great great great great great great great great great great great great great great great great great great grandmother-in-law of Go
Ae is the great great great great great great great great great great great great great great great great great great great great great great great great great great great great great great great great great great great great great great great great great great great great great great great great great great great great great great great great great great great great great great great great great great great great great great great great great great great great great great great great great great great great great great great great great great great great great grandfather of Hl
Ab is the great great great great great great great great great great great great great great great great great great great great great uncle-in-law of By
Aa and Dr are 1st cousins 44-times removed
Do is the great great great great great great great great great great great great great great great great great great great great great great great great great great great great great great great great great great great great great great great great great great grandson-in-law of Ad
Az is the great great great great great great great great great niece of Ac
Ef and Aa are 1st cousins 51-times removed
He and Aa are 1st cousins-in-law 89-times removed
El is the great great great great great great great great great great great great great great great great great great great great great great great great great great great great great great great great great great great great great great great great great great great great great great great great great great great great great great niece of Ac
Ac is the great great great great great great great great great great great great great great great great great great great great great great great great great great great great great great great aunt of Cr
Ab is the great great great great great great great great great great great great great great great great great great great great uncle-in-law of Bw
Bg is the great great great great great great great great great great great great nephew-in-law of Ab
Gm is the great great great great great great great great great great great great great great great great great great great great great great great great great great great great great great great great great great great great great great great great great great great great great great great great great great great great great great great great great great great great great great great great great great great great great great great great great great great great great great great great grandson-in-law of Ad
Ab is the great great great great great great great great great great great great great great great great great great great great great great great great great great great great great great great great great great great great great great uncle-in-law of Df
Bs and Aa are 1st cousins-in-law 18-times removed
Cr is the great great great great great great great great great great great great great great great great great great great great great great great great great great great great great great great granddaughter of Ad
Ae is the great great great great great great great great great great great great great great great great great great great great great great great great great great great great great great great great great great great great great great great great great great great great great great great great great great great great great great great great great great great great great great great great great great great great great great great great great great grandfather of Fz
Ae is the great great great great great great great great great great great great great great great great great great great great great great great great great great great great great great great great great great great great great great great great great great great great great great great great great great great great great great great great great great great great great great great great great grandfather of Fh
Ab is the great great great great great great great great great great great great great great great great great great great great great great great great great great great great great great great great great great great great great great great great uncle-in-law of Dk
Gs and Aa are 1st cousins-in-law 83-times removed
At and Aa are 1st cousins 6-times removed
Eh is the great great great great great great great great great great great great great great great great great great great great great great great great great great great great great great great great great great great great great great great great great great great great great great great great great great great great granddaughter of Ae
Hn is the great great great great great great great great great great great great great great great great great great great great great great great great great great great great great great great great great great great great great great great great great great great great great great great great great great great great great great great great great great great great great great great great great great great great great great great great great great great great great great great great great great great great great great great great great great great great great great granddaughter of Ad
Dp and Aa are 1st cousins 43-times removed
Do is the great great great great great great great great great great great great great great great great great great great great great great great great great great great great great great great great great great great great great great great great great great grandson-in-law of Ad
Aa and As are 1st cousins-in-law 5-times removed
Dk is the great great great great great great great great great great great great great great great great great great great great great great great great great great great great great great great great great great great great great great great great nephew-in-law of Ac
Ab is the great great great great great great great great great great great great great great great great great great great great great great great great great great great great great great great great great great great uncle-in-law of Da
Aa and Gz are 1st cousins 87-times removed
Ei and Aa are 1st cousins-in-law 52-times removed
Ae is the great great great great great great great great great great great great great great great great great great great great great great great great great great great great grandfather of Cl
Ae is the great great great great great great great great great great great great great great great great great great great great great great great great great great great great great great great great great great great great great great great great great great great great great great great great great grandfather of Eb
Fo is the great great great great great great great great great great great great great great great great great great great great great great great great great great great great great great great great great great great great great great great great great great great great great great great great great great great great great great great great great great great great great great great great great great great great granddaughter-in-law of Ad
Aj and Aa are 1st cousins 1-time removed
Ad is the great great great great great great great great great great great great great great great great great great great great great great great great great great great great great great great great great great great great great great great great great great great great great great great great great great great great great great great great great great great great great great great great great great great great great great great great great great great great great great great great great great great great great great great great great grandmother-in-law of He
Ad is the great great great great great great great great great great great great great great great great great great great great great great great great great great great great great great great great great great great great great great great great great great grandmother-in-law of Do
Aa and Hf are 1st cousins 90-times removed
Ad is the great great great great great great great great great great great great great great great great great great great great great great great great great great great great great great great great great great great great great great great great great great great great great great great great great great great great great great great great great great great great great great great great great great great grandmother-in-law of Fm
Aa and Ei are 1st cousins-in-law 52-times removed
Cu is the great great great great great great great great great great great great great great great great great great great great great great great great great great great great great great great great niece-in-law of Ab
Ae is the great great great great great great great great great great great great great great great great great great great great great great great great great great great great great great great great great great great great great great great great great great great great great great great great great great great great grandfather of Eh
Ab is the great great great great great great great great great great great great great great great great great great great great great great great great great great great great great great great great great great great great great uncle-in-law of De
Dt is the great great great great great great great great great great great great great great great great great great great great great great great great great great great great great great great great great great great great great great great great great great great great great granddaughter of Ae
Gq is the great great great great great great great great great great great great great great great great great great great great great great great great great great great great great great great great great great great great great great great great great great great great great great great great great great great great great great great great great great great great great great great great great great great great great great great great great great great great great great great great great great granddaughter-in-law of Ae
Aa and Fq are 1st cousins-in-law 69-times removed
Aa and Ga are 1st cousins-in-law 74-times removed
Ab is the great great great great great great great great great great great great great great great great great great great great great great great great uncle-in-law of Ce
Gf is the great great great great great great great great great great great great great great great great great great great great great great great great great great great great great great great great great great great great great great great great great great great great great great great great great great great great great great great great great great great great great great great great great great great great great great great great great great great great great grandson of Ad
Ab is the great great great great great great great great great great great great great great great great great great great great great great great great great great great great great great great great great great great great great great great great great great great great great great great great great great great great great great great great great great great uncle-in-law of Ev
Dl is the great great great great great great great great great great great great great great great great great great great great great great great great great great great great great great great great great great great great great great great great great nephew of Ac
Ae is the great great great great great great great great great great great great great great great great great great great great great great great great great great great great great great great great great great great great great great great great great great great great great great great great great great great great great great great great great great great great great great grandfather-in-law of Fc
Ab is the great great great great great great great great great great great great great great great great great great great great great great great great great great great great great great great great great great great great great great great great great great great great great great great great great great great great great great great great uncle-in-law of Ep
Aa and Ew are 1st cousins-in-law 59-times removed
Gc is the great great great great great great great great great great great great great great great great great great great great great great great great great great great great great great great great great great great great great great great great great great great great great great great great great great great great great great great great great great great great great great great great great great great great great great great great great great great granddaughter-in-law of Ad
Aj is the great nephew of Ac
Ac is the great great great great great great great great great aunt-in-law of Ba
En is the great great great great great great great great great great great great great great great great great great great great great great great great great great great great great great great great great great great great great great great great great great great great great great great great great great great great great great great granddaughter of Ae
Ad is the great great great great great great great great great great great great great great great great great great great great great great great great great great great great great great great great great great great great great great great great great great great great great great great great great great great great great great great great great great great great great great great great great grandmother of Fh
Gp is the great great great great great great great great great great great great great great great great great great great great great great great great great great great great great great great great great great great great great great great great great great great great great great great great great great great great great great great great great great great great great great great great great great great great great great great great great great great great great great great great great great nephew-in-law of Ab
Cp is the great great great great great great great great great great great great great great great great great great great great great great great great great great great great great great niece of Ac
Ck is the great great great great great great great great great great great great great great great great great great great great great great great great great great great grandson-in-law of Ad
Ad is the great great great great great great great great great great great great great great great great great great great great great great great great great great great great great great great great great great great great great great great great great great great great grandmother-in-law of Ds
Ae is the great great great great great great great great great great great great great great great great great great great great great great great great great great great great great great great great great great great grandfather-in-law of Da
Ac is the great great great great great great great great great great great great great great great great great great great great great great great great great great great great great great great great great great great great great great great great great great great great great great great great great great great great great great great great great great great great great great great great great great great great great great great great great great great great great great great great great great great great great great great great great great aunt-in-law of Hg
Ac is the great great great great great great great great great great great great great great great great great great great great great great great great great great great aunt-in-law of Ck
Fa is the great great great great great great great great great great great great great great great great great great great great great great great great great great great great great great great great great great great great great great great great great great great great great great great great great great great great great great great great great great great great great granddaughter-in-law of Ae
Hj and Aa are 1st cousins 92-times removed
Ch and Aa are 1st cousins 26-times removed
El and Aa are 1st cousins 54-times removed
Ac is the great great great great great great great great great great great great great great great great great great great great great great great great great great great great great great great great great great great great great great great great great great great great great aunt of Dt
Ax is the great great great great great great great great nephew of Ac
Ad is the great great great great great great great great great great great great great great great great grandmother of Bn
Ac is the great great great great great great great great great great great great great great great great great great great great great great great great great great great great great great great great great great great great great great great great great great great great great great great great great great great great great great great great great great great great great great great great great great great great great aunt-in-law of Fq
Aa and Bb are 1st cousins 10-times removed
Ac is the great great great great great great great great great great great great great great great great great great great great great great great great great great great great great great aunt-in-law of Cq
Di is the great great great great great great great great great great great great great great great great great great great great great great great great great great great great great great great great great great great great great great great granddaughter-in-law of Ad
Ae is the great great great great great great great great great great great great great great great great great great great great great great great great great great great great great great great great great great great great great great grandfather of Df
Al and Aa are 1st cousins 2-times removed
Ac is the great great great great great great great great great great great aunt of Bd
Bk is the great great great great great great great great great great great great great great niece-in-law of Ab
Ad is the great great great great great grandmother of Ar
Hk is the great great great great great great great great great great great great great great great great great great great great great great great great great great great great great great great great great great great great great great great great great great great great great great great great great great great great great great great great great great great great great great great great great great great great great great great great great great great great great great great great great great great great great great great great great great great great nephew-in-law of Ac
Ae is the father-in-law of Ag
At is the great great great great great great granddaughter of Ad
Aa and Be are 1st cousins-in-law 11-times removed
Ad is the great great great great great great great great great great great great great great great great great great great great great great great great great great great great great great great great great great great great great great great great great great great great great great great great great great great great great great great great great great great great great great grandmother of Fb
Ad is the great great great great great great great great great great great great great great great great great great great great great great great great great great great great great great great great great great great great great great great great great great great great great great great great great great great great grandmother-in-law of Ei
Ac is the great great great great great great great great great great great great great great great great great great great great great great great great great great great great great great great great great great great great great aunt-in-law of De
Ad is the great great great great great great great great great great great great great great great great great great great great great great great great great great great great great great great great great great great great great great great great great great great grandmother-in-law of Dq
Ad is the great great great great great great great great great great great great great grandmother-in-law of Bi
Hg is the great great great great great great great great great great great great great great great great great great great great great great great great great great great great great great great great great great great great great great great great great great great great great great great great great great great great great great great great great great great great great great great great great great great great great great great great great great great great great great great great great great great great great great great great great great niece-in-law of Ab
Ez is the great great great great great great great great great great great great great great great great great great great great great great great great great great great great great great great great great great great great great great great great great great great great great great great great great great great great great great great great great great great great great nephew of Ac
Ad is the great great great great great great great great great great great great great great great grandmother-in-law of Bm
Cx is the great great great great great great great great great great great great great great great great great great great great great great great great great great great great great great great great great great nephew-in-law of Ab
Ci and Aa are 1st cousins-in-law 26-times removed
Du is the great great great great great great great great great great great great great great great great great great great great great great great great great great great great great great great great great great great great great great great great great great great great great grandson-in-law of Ad
Ab is the great great great great great great great great great great great great great great great great great great great great great great great great great great great great great great great great great great great great great great great great great great great great great great great great great great great great great great great great great great great great great great great great great great great great great great great great uncle-in-law of Fv
Fx is the great great great great great great great great great great great great great great great great great great great great great great great great great great great great great great great great great great great great great great great great great great great great great great great great great great great great great great great great great great great great great great great great great great great great great great great great great grandson of Ae
Ah is the grandson of Ae
Cc is the great great great great great great great great great great great great great great great great great great great great great great great nephew-in-law of Ab
Dc is the great great great great great great great great great great great great great great great great great great great great great great great great great great great great great great great great great great great great granddaughter-in-law of Ad
Cr is the great great great great great great great great great great great great great great great great great great great great great great great great great great great great great great great granddaughter of Ad
Aq is the great great great great grandson-in-law of Ae
Fj is the great great great great great great great great great great great great great great great great great great great great great great great great great great great great great great great great great great great great great great great great great great great great great great great great great great great great great great great great great great great great great great great great great great granddaughter of Ae
Aw is the great great great great great great great niece-in-law of Ab
Gj is the great great great great great great great great great great great great great great great great great great great great great great great great great great great great great great great great great great great great great great great great great great great great great great great great great great great great great great great great great great great great great great great great great great great great great great great great great great great great great great great grandson of Ad
Do is the great great great great great great great great great great great great great great great great great great great great great great great great great great great great great great great great great great great great great great great great great great grandson-in-law of Ae
Gl is the great great great great great great great great great great great great great great great great great great great great great great great great great great great great great great great great great great great great great great great great great great great great great great great great great great great great great great great great great great great great great great great great great great great great great great great great great great great great great great great great niece-in-law of Ab
Bg is the great great great great great great great great great great great great nephew-in-law of Ab
Aa and An are 1st cousins 3-times removed
El is the great great great great great great great great great great great great great great great great great great great great great great great great great great great great great great great great great great great great great great great great great great great great great great great great great great great great great great granddaughter of Ae
Aa and Hq are 1st cousins-in-law 95-times removed
Fg is the great great great great great great great great great great great great great great great great great great great great great great great great great great great great great great great great great great great great great great great great great great great great great great great great great great great great great great great great great great great great great great great great granddaughter-in-law of Ad
Ad is the great great great great great great great great great great great great great great great great great great great great great great great great great great great great great great great great great great great great great great great great great great great great great great great great great great great great great great great great great great great great great great great great great great great great great great great great great great great great great great grandmother of Gh
Am is the great great nephew-in-law of Ac
Aa and Bb are 1st cousins 10-times removed
Bm is the great great great great great great great great great great great great great great great granddaughter-in-law of Ad
Aa and Fv are 1st cousins 72-times removed
Ac is the great great great great great great great great great great great great great great great great great great great great great great great great great great great great great great great great great great great great great great great great great great great great great great great great great great great great aunt-in-law of Ei
Aa and Gj are 1st cousins 79-times removed
Ac is the great great great great great great great great great great great great great great great great great great great great aunt-in-law of Bw
Ae is the great great great great great great great great great great great great great great great great great great great great great great great great great great great great great great great great great great great great great great great great great great great great great great great great great great great great great great great great great great great great great great great great great great great great great grandfather-in-law of Fq
Ac is the great great great great great great great great great great great great great great great great great great great great great great great great great great great great great great great great great great great great great great great great great great great great great great great great great great great great great great great great great great great great great great great great great great great great great great great great great great great great great great great great great great great great great great great great great aunt of Hd
Ga is the great great great great great great great great great great great great great great great great great great great great great great great great great great great great great great great great great great great great great great great great great great great great great great great great great great great great great great great great great great great great great great great great great great great great great great great great great great grandson-in-law of Ae
Ad is the great great great great great great great great great great great great great great great grandmother of Bl
Ae is the great great great great great great great great great great great great great great great great great great great great great great great great great great great great great great great great great great great great great great great great great great great great great great great great great great great great great great great great grandfather of Ep
Ae is the great great great great great great great great great great great great great great great great great great great great great great great great great great great great great great great great great great great great great great great great great great great great great great great great great great great great great great great grandfather-in-law of Eo
Ab is the great great great great great great great great great great great great great great great great great great great great great great great great great great great great great great great great great great great great great great great great great great great great great great great great great great great great great uncle-in-law of Ej
Aj is the great grandson of Ad
Dt is the great great great great great great great great great great great great great great great great great great great great great great great great great great great great great great great great great great great great great great great great great great great great great niece-in-law of Ab
Eu is the great great great great great great great great great great great great great great great great great great great great great great great great great great great great great great great great great great great great great great great great great great great great great great great great great great great great great great great great great great niece-in-law of Ac
Ad is the great great great great great great great great great great great great great great great great great grandmother-in-law of Bq
Ab is the great great great great great great great great great great great great great great great great great great great great great great great great great great great great great great great great great great uncle-in-law of Cy
Ad is the great great great great great great great great great great great great great great great great great great great great grandmother-in-law of Bw
Aa and Fl are 1st cousins 67-times removed
Ax is the great great great great great great great great grandson of Ad
Aa and Fw are 1st cousins-in-law 72-times removed
Ae is the great great great great great great great great great grandfather-in-law of Ba
Ac is the great great great great great great great great great great great great great great great great great great great great great great great great great great great great great great great great great great aunt-in-law of Cy
Ac is the great great great great great great great great great great great great great great great aunt of Bl
Am is the great great grandson-in-law of Ae
Ac is the great great great great great great great great great great great great great great great great great great great great great great great great great great great great great great great great great great great great great great great great great great great great great great great great great great great great great great great great great great great great great great great aunt-in-law of Fe
Ae is the great great great great great great great great great great great great great great great grandfather of Bl
Bu and Aa are 1st cousins-in-law 19-times removed
Bp and Aa are 1st cousins 17-times removed
Ab is the great great great great great great great great great great great great great great great great great great great great great great great great great great great great great great great great great great great great great great great great great great great great great great great great great great great great great great great great great great great great great great great great great great great great great great great great great great great great great great great great great great great uncle-in-law of Gr
Ae is the great great great great great great great great great great great great great great great great great great great great great great great great great great great great great great great great great great great great great great great great great great great great great great great great great great great great great great great great great great great great great great great great great great great great great great great great great great great great great great great great great great great grandfather-in-law of Gs
Ab is the great great great great great great great great great uncle-in-law of Az
Ae is the great great great great great great great great great great great great great great great great great great great great great great great great great great great great great great great great grandfather-in-law of Cu
Ab is the great great great great great great great great great great great great great great great great great great great great great great great great great great great great great great great great great great great great great great great great great great great great great great great great great great great great great great great great great great great great great great uncle-in-law of Fb
At is the great great great great great great niece of Ac
Bd is the great great great great great great great great great great great niece-in-law of Ab
Bz is the great great great great great great great great great great great great great great great great great great great great great great nephew-in-law of Ab
Ep is the great great great great great great great great great great great great great great great great great great great great great great great great great great great great great great great great great great great great great great great great great great great great great great great great great great great great great great great great granddaughter of Ad
Da is the great great great great great great great great great great great great great great great great great great great great great great great great great great great great great great great great great great great niece-in-law of Ac
Ad is the great great great great great great great great great great great great great great great great great great great great great great great great great great great great great great great great great great great great great great great great great great great great great great great great great great great great great great great great great great great great great great great great great great great great great great great great great great great great great great great great great great great great great great grandmother of Gx
Ad is the great great great great great great great great great great great great great great great great great great great great great great great great great great great great great great great great great great great great great great great great great great great great great great great great great great great great great great great great great great great great great great great great great great great great great great great great great great great great great great great great great great great great great great great great great great great great great grandmother of Hl
Ae is the great great grandfather-in-law of Am
Cl and Aa are 1st cousins 28-times removed
Bw is the great great great great great great great great great great great great great great great great great great great great granddaughter-in-law of Ad
Dq is the great great great great great great great great great great great great great great great great great great great great great great great great great great great great great great great great great great great great great great great great great great great niece-in-law of Ab
Ft is the great great great great great great great great great great great great great great great great great great great great great great great great great great great great great great great great great great great great great great great great great great great great great great great great great great great great great great great great great great great great great great great great great great great great great great great nephew-in-law of Ab
Aa and Ak are 1st cousins-in-law 1-time removed
Do is the great great great great great great great great great great great great great great great great great great great great great great great great great great great great great great great great great great great great great great great great great great nephew-in-law of Ac
Hs is the great great great great great great great great great great great great great great great great great great great great great great great great great great great great great great great great great great great great great great great great great great great great great great great great great great great great great great great great great great great great great great great great great great great great great great great great great great great great great great great great great great great great great great great great great great great great great great great great niece-in-law of Ac
Ac is the great great great great great great aunt-in-law of Au
Ae is the great great great great great great great great great great great great great great great great great great great great great great great great great great great great great great great great great great great great great great great great great great great great great great great great great great great great great great great great great great great great great great great great great great great great great great great great great great great great great great great great great great great great great great great grandfather-in-law of Ha
Dg is the great great great great great great great great great great great great great great great great great great great great great great great great great great great great great great great great great great great great great great niece-in-law of Ab
Ae is the great great great great great great great great great great great great great great great great great great great great great great great great great great great great great great great great great great great great great great great great great great great great great great great great great great great great great great great great great great great great great great great great great great great great great great great great great great grandfather of Fz
Aa and By are 1st cousins-in-law 21-times removed
Go is the great great great great great great great great great great great great great great great great great great great great great great great great great great great great great great great great great great great great great great great great great great great great great great great great great great great great great great great great great great great great great great great great great great great great great great great great great great great great great great great great great niece-in-law of Ab
Hc is the great great great great great great great great great great great great great great great great great great great great great great great great great great great great great great great great great great great great great great great great great great great great great great great great great great great great great great great great great great great great great great great great great great great great great great great great great great great great great great great great great great great great great great great great grandson-in-law of Ad
Gg is the great great great great great great great great great great great great great great great great great great great great great great great great great great great great great great great great great great great great great great great great great great great great great great great great great great great great great great great great great great great great great great great great great great great great great great great great great great great great great granddaughter-in-law of Ae
Gq is the great great great great great great great great great great great great great great great great great great great great great great great great great great great great great great great great great great great great great great great great great great great great great great great great great great great great great great great great great great great great great great great great great great great great great great great great great great great great great great great great great great granddaughter-in-law of Ad
Ac is the great great great great great great great great aunt-in-law of Ay
Ac is the great great great great great great great great great great great great great great great great great great great great great great great great great great great great great great great great great great great great great aunt of Dd
Ae is the great great great great great great great great great great grandfather of Bb
Ae is the great great great great great great great great great great great great great great great great great great great great great great great great great great great great great great grandfather-in-law of Cq
Ab is the great great great great great uncle-in-law of As
Ae is the great great great great great great great great great great great great great great great great great great great great great great great great great great great great great great great great great great great great great great great great great great great great great great great great great great great great grandfather-in-law of Ei
Ad is the grandmother of Ah
Ae is the great great great great great great great great great great great great grandfather-in-law of Bg
Aa and Fo are 1st cousins-in-law 68-times removed
Ae is the great great great great great great great great great great great great great great great great great great great great great great great great great great great great great great great great great grandfather-in-law of Cw
Ae is the grandfather of Ah
Ay is the great great great great great great great great niece-in-law of Ac
Ag is the daughter-in-law of Ae
Ac is the great great great great great great great great great great great great great great great great great great great great great great great great great great great great great great great great great great great great great great great great great great great great great great great great great great great great great great great great great great great great great great great great great great great great great aunt of Fp
Aa and Bc are 1st cousins-in-law 10-times removed
Ci is the great great great great great great great great great great great great great great great great great great great great great great great great great great nephew-in-law of Ac
Av is the great great great great great great great nephew of Ac
Ae is the great great great great great great great great great great great great great great great great great great great great great great great great great great great great great great great great great great great great great great great great great great great great great great great great great great great great great great great great great great great great great great great great great great great grandfather of Fl
Ac is the great great great great great great great great great great great great great great great great great great great great great great great great great great great great great great great great great great great great great aunt-in-law of De
Hj is the great great great great great great great great great great great great great great great great great great great great great great great great great great great great great great great great great great great great great great great great great great great great great great great great great great great great great great great great great great great great great great great great great great great great great great great great great great great great great great great great great great great great great great great great great great great great niece-in-law of Ab
Ab is the great great great great great great great great great great great great great great great great great great great great great great great great great great great great great great great great great great great great great great great great great great great great great great great great great great great great great great great great great great great great great great great great great great great great great great great great great great uncle-in-law of Ga
Fj and Aa are 1st cousins 66-times removed
Ac is the great great great great great great great great great great great great great great great great great great great great great great great aunt-in-law of Cc
Ac is the great great great great great great great great great great great great great great great great great great great great great great great great great great great great great great great great great great great great great aunt of Dd
