Hl is the great great great great great great great great great great great great great great great great great great great great great great great great grandson-in-law of Fl
Ax and Ft are 10th cousins-in-law 13-times removed
Gm and Dj are 33rd cousins-in-law 9-times removed
Bd and He are 13th cousins-in-law 29-times removed
Dv is the great great great great great great great great great great great great great great great great great great great great great great great great great great great great grandson-in-law of Bm
Do and Fm are 20th cousins 25-times removed
Hh and Cn are 31st cousins-in-law 12-times removed
Fh and Cp are 17th cousins-in-law 15-times removed
Cf is the great great great great great great great great great great great great great great great great great grandson-in-law of As
Cl is the great great great granddaughter-in-law of Cb
Dc is the great great great granddaughter of Ct
Dx is the great great great great great great great great great great great great great great great great great great great great great great great great great great great great great great great great great uncle of Go
Fk is the great great great great great great great great great grandfather-in-law of Gh
Ac is the great great great great great great great great great great grandfather-in-law of Bb
Dt and Ek are 6th cousins-in-law 41-times removed
Dt and Er are 9th cousins-in-law 38-times removed
By and Hi are 24th cousins 20-times removed
Gs and Ae are 1st cousins 35-times removed
Ek and Bm are 6th cousins 12-times removed
Eg is the great great great great great great great great great great great great great great great great great great great great great great great great great great great great great great great great great great great great grandfather-in-law of Hf
Hn and Aw are 10th cousins-in-law 36-times removed
Az is the great great great great great great great great great great great great great great great great great great great great great great grandmother-in-law of Cv
Ag and Ep are 2nd cousins-in-law 6-times removed
Aq is the great great great great great grandmother of Be
Fo and Cs are 21st cousins 13-times removed
Ei is the great great great great grandmother-in-law of Ev
Ft and Dv are 23rd cousins-in-law 25-times removed
Bk and Fk are 17th cousins 2-times removed
Gr is the great great great great great great great great great great grandfather of Ho
Dy is the great great great great great great great great great great great great great great great great great great great great great great great great great great great great great great great great great great great great great great great great great uncle-in-law of Dj
Df and Hi are 40th cousins-in-law 4-times removed
Hf and Cy are 37th cousins-in-law 5-times removed
Ci is the great great great great granddaughter of Bw
Eq and Bt are 9th cousins-in-law 12-times removed
Hi is the great great great great great great great great great great great great great great great great great great great great great great great great great great great great great great great great great great great great great grandson of Ej
Bu is the grandmother-in-law of Bz
Gt is the great great great great great great great great great great great great great great great great great great great great granddaughter-in-law of Fa
Gb and Br are 20th cousins-in-law 7-times removed
Df and En are 7th cousins-in-law 33-times removed
Dw is the great great great great great great great great great great great great great great great great great great great great great great great great great great great great great great great great great great great great great great great great great aunt of He
Gs is the great great great great great great great great great great great great great great great great great great great great great great great great grandson of Es
Fi and Bf are 14th cousins-in-law 4-times removed
Gb and Ds are 27th cousins-in-law 20-times removed
He and Ae are 1st cousins 41-times removed
Al is the great great great great great great great great great grandfather of Bg
Ac is the great great great great great great great great grandfather of Aw
Dd and Ei are 5th cousins-in-law 34-times removed
Ex and Aj are 3rd cousins-in-law 9-times removed
Ex and Aq are 7th cousins-in-law 5-times removed
Hk and Af are 1st cousins-in-law 44-times removed
Fb and Cf are 14th cousins-in-law 13-times removed
Go and Dr are 34th cousins-in-law 12-times removed
Cs is the grandmother-in-law of Cx
Bt is the great great great great great great great grandfather of Ck
Fe is the great great great great great great great grandmother-in-law of Fx
Dm is the great great great great great great great great great great great great granddaughter of Cl
Fd is the great great great great great granddaughter-in-law of Eo
Ds is the great great great great great great great great great great great great great great great great great great great great great great great granddaughter of Bv
Hi and An are 5th cousins-in-law 39-times removed
Gt and Dd are 36th cousins-in-law 3-times removed
Co is the great great great great great great great great great great great great grandmother-in-law of Dr
Cg is the great great great great great great great great great great great great great granddaughter of Bd
Ae is the great great great great great great great great great great great great great great great great great great great great great great great great great great great great great great great great great great great great great great grandfather of Dg
Ed is the great great great great great great great great great great great great great great great great great great great great great great great great great great great great great great great great grandfather of Gs
Ai is the great great great great great great great great great great great great great great great great great great grandmother-in-law of Bx
Gw and Ba are 12th cousins 26-times removed
Bp and Fg are 17th cousins-in-law 2-times removed
Dh is the great great great great great great great great great great great great great great great great great great grandson-in-law of Bs
Dl is the great great great great great great great great great great great great great great great great great great great great great great great great great great great great great great great granddaughter-in-law of Ax
Go and Dp are 34th cousins-in-law 11-times removed
Av and Gx are 9th cousins-in-law 29-times removed
Ca and Er are 9th cousins-in-law 16-times removed
Du and Gj are 31st cousins-in-law 17-times removed
Gl is the great great great great great great great great great great great great great great great great great great great great great granddaughter-in-law of Eq
De and Eo are 8th cousins 32-times removed
Eh and Dg are 4th cousins-in-law 37-times removed
Hq and Cn are 31st cousins-in-law 17-times removed
Et is the great great great great great great grandmother-in-law of Fj
Fl and Aq are 7th cousins-in-law 12-times removed
Ck is the great great grandson of Cc
Fa is the great great great great great great great great great great great great great great great great great great great great great great great great great great great grandmother of Hg
Fe and Bv are 16th cousins-in-law 6-times removed
Cv and Eq are 9th cousins-in-law 26-times removed
Bp and Hj are 19th cousins-in-law 25-times removed
Gm and An are 5th cousins-in-law 28-times removed
Et and Dq are 10th cousins-in-law 36-times removed
De is the great great great great great great great great great great great great great great great great great great great great great great great great great grandson of Bd
Bn is the great great great great great great great grandmother of Ce
Cb is the great great great great great great great great great great great great great great great granddaughter-in-law of At
Ev and Du are 11th cousins-in-law 37-times removed
Dj is the great great great great great granddaughter-in-law of Cu
Aa is the great great great great great great great great great great great great great great great great great great great great great great great grandfather-in-law of Fv
Ez is the great great great great great great great great great great great great great great great great great great great great great great great great great great great great great great great great grandmother of Ho
Cl and Hc are 30th cousins-in-law 11-times removed
Fw and Dg are 25th cousins 16-times removed
Ha is the great great great great great great great great great great great great great great great great great great great great great great great great great great great great great great great great great great great great great great grandson of Dz
Dd is the great great great great great grandfather-in-law of Dr
Cn and Fv are 24th cousins-in-law 7-times removed
Di is the great great great great great great great great great great great great great great great great great great great great great great great great great great great great great great great great great great great great great great great great great nephew-in-law of Dz
Ao and El are 6th cousins-in-law
Hn is the great great great great great granddaughter-in-law of Gy
Bj is the great great great great great great great great great great great great great great great great grandfather of Cs
Di is the great great grandson of Da
Fp and Cu are 21st cousins-in-law 14-times removed
Ay is the great great great great great great great great great great great great great great great great great great great great great great great great great great great great great great great great great grandfather-in-law of Dr
Fg is the great great great great great great great great great great great great great great great great great great great great great great great great great grandmother-in-law of Hj
Ae and Fl are 1st cousins-in-law 18-times removed
Ew and Aw are 10th cousins 2-times removed
Hc is the great great great great great great great great great great great great great great great great great great great great great great great great great grandson of Fb
Dk is the great great great great great great great great great great great great great great great great great great great great great great great great great great great great great great great great great great great great grandson of Am
Fn and Ae are 1st cousins-in-law 19-times removed
Bg is the great great great great great great great great great great great great great great great great great great great grandfather of Cw
Ge is the great great great great great great great great great great great great great great great great great granddaughter of Es
Fo is the grandson of Fk
Eu is the great great grandfather of Fc
Al is the great great great great great great great great great great great great great great great great great great great great great great great great great grandfather-in-law of Cn
Bc is the great great great great great great great great great great great great great grandfather of Cg
Et and Cz are 10th cousins-in-law 27-times removed
Ac is the great great great great great great great great great great great great great great uncle of Fc
Bg is the great great great great great great great great great grandson of Ak
Ex is the great great great great grandfather-in-law of Fj
En is the great great great great great great great great great great great great great great great great great grandmother of Fy
Ce is the great great great great great great great great great granddaughter of Bj
Bg and Ha are 15th cousins 25-times removed
Au and Gb are 9th cousins-in-law 18-times removed
Gw is the great great great great great great great great great great great great great great great great great great great great great great great great great great great great great great great great grandson of Eg
Gs and Aw are 10th cousins 26-times removed
Bx and Es are 10th cousins-in-law 13-times removed
Bt is the great great great great great great great great great great great great great grandfather of Cw
Gs and Bo are 19th cousins 17-times removed
Bx and Ew are 12th cousins-in-law 11-times removed
Bd and Hg are 13th cousins-in-law 30-times removed
Bn is the great great great great great great great great great granddaughter-in-law of Ar
Cr and Hb are 33rd cousins-in-law 7-times removed
Ag is the great great great great great great great great great great great great great great great great great great great great great great great great great great great great great great grandmother-in-law of Ct
Bm and Hc are 18th cousins 23-times removed
Gb is the great great great great great grandson-in-law of Fm
Dl and Hm are 43rd cousins-in-law 3-times removed
Du and Gd are 28th cousins-in-law 20-times removed
Av is the grandmother-in-law of Az
Ch and Fs are 23rd cousins-in-law 5-times removed
En is the great great great great great great great great great great great great great great great great great great great great great great great great great great great great grandmother-in-law of Gv
Fh and An are 5th cousins-in-law 12-times removed
Ff and Ag are 2nd cousins-in-law 14-times removed
Fg and Cq are 17th cousins 16-times removed
Aq and Gm are 7th cousins 26-times removed
Gz and Dp are 39th cousins-in-law 6-times removed
Fw and Bk are 17th cousins 8-times removed
Eh and Ai are 3rd cousins-in-law 1-time removed
Bd and Gy are 13th cousins-in-law 26-times removed
Bg and Gn are 15th cousins-in-law 18-times removed
Bg and Fb are 14th cousins-in-law 1-time removed
Bm and Fk are 18th cousins 1-time removed
Ed and Ag are 2nd cousins-in-law
Gz and An are 5th cousins-in-law 34-times removed
He and Au are 9th cousins 33-times removed
Cu and Es are 10th cousins 25-times removed
Di and Ea are 1st cousins 41-times removed
Fd and Bq are 15th cousins-in-law 5-times removed
Bh is the great great great great great great great great great great great great great great great great great great great great grandmother-in-law of Cz
Ho is the great great great great great great granddaughter of Gz
Ab is the great great great great great grandmother-in-law of El
Et is the great great great great great great great great great niece-in-law of Dx
Gf is the great great great great great great great great great great great great great great great great great great great great great great great great great great great great nephew-in-law of Dw
Bc and Ef are 3rd cousins-in-law 10-times removed
Ex and Ay are 11th cousins-in-law 1-time removed
Dw is the great great great great great great great great great great great great great great great great great great great great great great great great aunt of Ca
Bi is the great great grandmother of Bq
Ea is the great great great great great great great great great great great great great great great great great great great great great great great great great great great great great great great great great great great great great great grandfather-in-law of Hd
Gd is the great great great great great grandson-in-law of Fo
Hq and Ai are 3rd cousins 45-times removed
Bo and Eg are 4th cousins 15-times removed
Gh is the great great great great great great great great great great great great great great great great great great great great great grandson-in-law of Em
Gq and Bw are 23rd cousins 12-times removed
Gl is the mother-in-law of Gn
Ft and Cr are 23rd cousins-in-law 10-times removed
Gn and Cb are 25th cousins-in-law 8-times removed
Cc and Fw are 25th cousins 1-time removed
Cu is the great great grandson of Cm
Bi is the great great great great great great great great great great great great great great great great great great great great great great grandmother of De
Cj and Fb are 14th cousins-in-law 15-times removed
Ep and An are 5th cousins-in-law 3-times removed
Cs and Fb are 14th cousins-in-law 20-times removed
Ec and Cd are 2nd cousins-in-law 24-times removed
Ax and Hn are 10th cousins-in-law 36-times removed
Dg and Gt are 36th cousins-in-law 5-times removed
Dm and Gb are 27th cousins-in-law 17-times removed
Ex is the great great great great great great great great great great great grandfather of Fw
Bu is the great great great great great great great great granddaughter of Ba
Cg is the great great great great great great great great great great great great great great great great great great great great great great great great great granddaughter of Ae
Eq is the great great great grandmother-in-law of Fb
Ez and Ce are 13th cousins-in-law 14-times removed
Hp is the great great great great great great great great great great great great great great great great great great great great great great great great great great great great great great great great great great great great great great great great great grandson-in-law of Eg
Bx is the great great great great great great granddaughter-in-law of Bg
Cy is the great great great great great great great great great great great great great great great great great grandson of Bn
Cx and Ec are 2nd cousins-in-law 34-times removed
Cg is the great great great great great great great great great great great great great great great great great great great great great great great great great great great niece-in-law of Dz
Bv is the great great great great great great great great great great great great great great great great grandfather of De
Bb and Go are 12th cousins-in-law 22-times removed
Et is the great great great great great great grandmother-in-law of Fj
