Alex is the father of Barry
Alex is the father of Charlotte
Alex is the son of Mary
Alex is the son of William
Alex is the husband of Zoe
Barry is the son of Alex
Barry is the brother of Charlotte
Barry is the grandson of Mary
Barry is the grandson of William
Barry is the son of Zoe
Charlotte is the daughter of Alex
Charlotte is the sister of Barry
Charlotte is the granddaughter of Mary
Charlotte is the granddaughter of William
Charlotte is the daughter of Zoe
Mary is the mother of Alex
Mary is the grandmother of Barry
Mary is the grandmother of Charlotte
Mary is the wife of William
Mary is the mother-in-law of Zoe
William is the father of Alex
William is the grandfather of Barry
William is the grandfather of Charlotte
William is the husband of Mary
William is the father-in-law of Zoe
Zoe is the wife of Alex
Zoe is the mother of Barry
Zoe is the mother of Charlotte
Zoe is the daughter-in-law of Mary
Zoe is the daughter-in-law of William
