A is the husband of B
A is the son-in-law of C
A is the brother-in-law of D
A is the brother-in-law of E
A is the son-in-law of F
B is the wife of A
B is the daughter of C
B is the sister of D
B is the sister-in-law of E
B is the daughter of F
C is the father-in-law of A
C is the father of B
C is the father of D
C is the father-in-law of E
C is the husband of F
D is the brother-in-law of A
D is the brother of B
D is the son of C
D is the husband of E
D is the son of F
E is the sister-in-law of A
E is the sister-in-law of B
E is the daughter-in-law of C
E is the wife of D
E is the daughter-in-law of F
F is the mother-in-law of A
F is the mother of B
F is the wife of C
F is the mother of D
F is the mother-in-law of E
