Alana is the mother-in-law of Charlene
Alana is the mother-in-law of Donna
Alana is the grandmother-in-law of Erica
Alana is the grandmother-in-law of Freda
Alana is the grandmother-in-law of Glenda
Alana is the grandmother-in-law of Harriet
Charlene is the daughter-in-law of Alana
Charlene is the sister-in-law of Donna
Charlene is the mother-in-law of Erica
Charlene is the mother-in-law of Freda
Charlene is the aunt-in-law of Glenda
Charlene is the aunt-in-law of Harriet
Donna is the daughter-in-law of Alana
Donna is the sister-in-law of Charlene
Donna is the aunt-in-law of Erica
Donna is the aunt-in-law of Freda
Donna is the mother-in-law of Glenda
Donna is the mother-in-law of Harriet
Erica is the granddaughter-in-law of Alana
Erica is the daughter-in-law of Charlene
Erica is the niece-in-law of Donna
Erica is the sister-in-law of Freda
Erica and Glenda are 1st cousins-in-law
Erica and Harriet are 1st cousins-in-law
Freda is the granddaughter-in-law of Alana
Freda is the daughter-in-law of Charlene
Freda is the niece-in-law of Donna
Freda is the sister-in-law of Erica
Freda and Glenda are 1st cousins-in-law
Freda and Harriet are 1st cousins-in-law
Glenda is the granddaughter-in-law of Alana
Glenda is the niece-in-law of Charlene
Glenda is the daughter-in-law of Donna
Glenda and Erica are 1st cousins-in-law
Glenda and Freda are 1st cousins-in-law
Glenda is the sister-in-law of Harriet
Harriet is the granddaughter-in-law of Alana
Harriet is the niece-in-law of Charlene
Harriet is the daughter-in-law of Donna
Harriet and Erica are 1st cousins-in-law
Harriet and Freda are 1st cousins-in-law
Harriet is the sister-in-law of Glenda
Ian is the brother of John
Ian and Kevin are 1st cousins
Ian and Leon are 1st cousins
Ian and Mike are 2nd cousins
Ian and Neil are 2nd cousins
Ian and Owen are 2nd cousins
Ian and Pete are 2nd cousins
John is the brother of Ian
John and Kevin are 1st cousins
John and Leon are 1st cousins
John and Mike are 2nd cousins
John and Neil are 2nd cousins
John and Owen are 2nd cousins
John and Pete are 2nd cousins
Kevin and Ian are 1st cousins
Kevin and John are 1st cousins
Kevin is the brother of Leon
Kevin and Mike are 2nd cousins
Kevin and Neil are 2nd cousins
Kevin and Owen are 2nd cousins
Kevin and Pete are 2nd cousins
Leon and Ian are 1st cousins
Leon and John are 1st cousins
Leon is the brother of Kevin
Leon and Mike are 2nd cousins
Leon and Neil are 2nd cousins
Leon and Owen are 2nd cousins
Leon and Pete are 2nd cousins
Mike and Ian are 2nd cousins
Mike and John are 2nd cousins
Mike and Kevin are 2nd cousins
Mike and Leon are 2nd cousins
Mike is the brother of Neil
Mike and Owen are 1st cousins
Mike and Pete are 1st cousins
Neil and Ian are 2nd cousins
Neil and John are 2nd cousins
Neil and Kevin are 2nd cousins
Neil and Leon are 2nd cousins
Neil is the brother of Mike
Neil and Owen are 1st cousins
Neil and Pete are 1st cousins
Owen and Ian are 2nd cousins
Owen and John are 2nd cousins
Owen and Kevin are 2nd cousins
Owen and Leon are 2nd cousins
Owen and Mike are 1st cousins
Owen and Neil are 1st cousins
Owen is the brother of Pete
Pete and Ian are 2nd cousins
Pete and John are 2nd cousins
Pete and Kevin are 2nd cousins
Pete and Leon are 2nd cousins
Pete and Mike are 1st cousins
Pete and Neil are 1st cousins
Pete is the brother of Owen
Alana is the great grandmother of Ian
Alana is the great grandmother of Kevin
Alana is the great grandmother of Mike
Alana is the great grandmother of Owen
Charlene is the grandmother of Ian
Charlene is the grandmother of Kevin
Charlene is the great aunt-in-law of Mike
Charlene is the great aunt-in-law of Owen
Donna is the great aunt-in-law of Ian
Donna is the great aunt-in-law of Kevin
Donna is the grandmother of Mike
Donna is the grandmother of Owen
Erica is the mother of Ian
Erica is the aunt-in-law of Kevin
Erica and Mike are 1st cousins-in-law 1-time removed
Erica and Owen are 1st cousins-in-law 1-time removed
Freda is the aunt-in-law of Ian
Freda is the mother of Kevin
Freda and Mike are 1st cousins-in-law 1-time removed
Freda and Owen are 1st cousins-in-law 1-time removed
Glenda and Ian are 1st cousins-in-law 1-time removed
Glenda and Kevin are 1st cousins-in-law 1-time removed
Glenda is the mother of Mike
Glenda is the aunt-in-law of Owen
Harriet and Ian are 1st cousins-in-law 1-time removed
Harriet and Kevin are 1st cousins-in-law 1-time removed
Harriet is the aunt-in-law of Mike
Harriet is the mother of Owen
